TN:
SF:/Users/emil/Documents/Laosdirg/Apps/cornerstoneTools/src/externalModules.js
FNF:0
FNH:0
DA:3,2
DA:4,2
DA:5,2
DA:7,2
DA:9,0
DA:12,0
DA:15,0
DA:18,0
DA:21,0
DA:24,0
LF:10
LH:4
BRF:0
BRH:0
end_of_record
TN:
SF:/Users/emil/Documents/Laosdirg/Apps/cornerstoneTools/src/util/pointProjector.js
FN:4,projectPatientPointToImagePlane
FN:17,imagePointToPatientPoint
FN:31,getRectangleFromImagePlane
FN:62,lineRectangleIntersection
FN:65,(anonymous_4)
FN:77,planePlaneIntersection
FNF:6
FNH:0
FNDA:0,projectPatientPointToImagePlane
FNDA:0,imagePointToPatientPoint
FNDA:0,getRectangleFromImagePlane
FNDA:0,lineRectangleIntersection
FNDA:0,(anonymous_4)
FNDA:0,planePlaneIntersection
DA:5,0
DA:6,0
DA:7,0
DA:10,0
DA:18,0
DA:20,0
DA:21,0
DA:23,0
DA:24,0
DA:26,0
DA:28,0
DA:33,0
DA:37,0
DA:41,0
DA:45,0
DA:51,0
DA:59,0
DA:63,0
DA:65,0
DA:66,0
DA:67,0
DA:69,0
DA:70,0
DA:74,0
DA:81,0
DA:82,0
DA:84,0
DA:86,0
DA:87,0
DA:89,0
DA:91,0
DA:92,0
DA:93,0
DA:96,0
DA:100,0
DA:103,0
DA:105,0
DA:106,0
DA:109,0
DA:110,0
DA:114,0
DA:115,0
DA:118,0
LF:43
LH:0
BRDA:69,0,0,0
BRDA:69,0,1,0
BRDA:114,1,0,0
BRDA:114,1,1,0
BRF:4
BRH:0
end_of_record
TN:
SF:/Users/emil/Documents/Laosdirg/Apps/cornerstoneTools/src/referenceLines/calculateReferenceLine.js
FN:6,(anonymous_0)
FNF:1
FNH:0
FNDA:0,(anonymous_0)
DA:7,0
DA:9,0
DA:10,0
DA:13,0
LF:4
LH:0
BRDA:9,0,0,0
BRDA:9,0,1,0
BRF:2
BRH:0
end_of_record
TN:
SF:/Users/emil/Documents/Laosdirg/Apps/cornerstoneTools/src/stateManagement/imageIdSpecificStateManager.js
FN:7,newImageIdSpecificToolStateManager
FN:13,saveImageIdToolState
FN:17,restoreImageIdToolState
FN:21,saveToolState
FN:25,restoreToolState
FN:31,addImageIdSpecificToolState
FN:56,getImageIdSpecificToolState
FN:78,clearImageIdSpecificToolStateManager
FNF:8
FNH:1
FNDA:1,newImageIdSpecificToolStateManager
FNDA:0,saveImageIdToolState
FNDA:0,restoreImageIdToolState
FNDA:0,saveToolState
FNDA:0,restoreToolState
FNDA:0,addImageIdSpecificToolState
FNDA:0,getImageIdSpecificToolState
FNDA:0,clearImageIdSpecificToolStateManager
DA:8,1
DA:14,0
DA:18,0
DA:22,0
DA:26,0
DA:32,0
DA:35,0
DA:36,0
DA:39,0
DA:42,0
DA:43,0
DA:48,0
DA:51,0
DA:57,0
DA:60,0
DA:61,0
DA:64,0
DA:67,0
DA:68,0
DA:71,0
DA:74,0
DA:79,0
DA:81,0
DA:82,0
DA:85,0
DA:88,1
DA:102,1
LF:27
LH:3
BRDA:35,0,0,0
BRDA:35,0,1,0
BRDA:35,1,0,0
BRDA:35,1,1,0
BRDA:42,2,0,0
BRDA:42,2,1,0
BRDA:60,3,0,0
BRDA:60,3,1,0
BRDA:60,4,0,0
BRDA:60,4,1,0
BRDA:67,5,0,0
BRDA:67,5,1,0
BRDA:81,6,0,0
BRDA:81,6,1,0
BRDA:81,7,0,0
BRDA:81,7,1,0
BRF:16
BRH:0
end_of_record
TN:
SF:/Users/emil/Documents/Laosdirg/Apps/cornerstoneTools/src/util/triggerEvent.js
FN:11,triggerEvent
FNF:1
FNH:0
FNDA:0,triggerEvent
DA:15,0
DA:16,0
DA:21,0
DA:22,0
DA:26,0
DA:28,0
DA:29,0
DA:30,0
DA:33,0
LF:9
LH:0
BRDA:11,0,0,0
BRDA:15,1,0,0
BRDA:15,1,1,0
BRDA:29,2,0,0
BRDA:29,2,1,0
BRF:5
BRH:0
end_of_record
TN:
SF:/Users/emil/Documents/Laosdirg/Apps/cornerstoneTools/src/stateManagement/toolState.js
FN:5,getElementToolStateManager
FN:19,addToolState
FN:36,getToolState
FN:43,removeToolState
FN:69,clearToolState
FN:80,setElementToolStateManager
FNF:6
FNH:0
FNDA:0,getElementToolStateManager
FNDA:0,addToolState
FNDA:0,getToolState
FNDA:0,removeToolState
FNDA:0,clearToolState
FNDA:0,setElementToolStateManager
DA:6,0
DA:10,0
DA:11,0
DA:14,0
DA:20,0
DA:22,0
DA:24,0
DA:25,0
DA:31,0
DA:37,0
DA:40,0
DA:44,0
DA:45,0
DA:47,0
DA:49,0
DA:50,0
DA:51,0
DA:55,0
DA:56,0
DA:58,0
DA:59,0
DA:65,0
DA:70,0
DA:71,0
DA:74,0
DA:75,0
DA:81,0
DA:83,0
LF:28
LH:0
BRDA:10,0,0,0
BRDA:10,0,1,0
BRDA:50,1,0,0
BRDA:50,1,1,0
BRDA:55,2,0,0
BRDA:55,2,1,0
BRDA:74,3,0,0
BRDA:74,3,1,0
BRF:8
BRH:0
end_of_record
TN:
SF:/Users/emil/Documents/Laosdirg/Apps/cornerstoneTools/src/stateManagement/toolColors.js
FN:6,setFillColor
FN:10,getFillColor
FN:14,setToolColor
FN:18,getToolColor
FN:22,setActiveColor
FN:26,getActiveColor
FN:30,getColorIfActive
FNF:7
FNH:0
FNDA:0,setFillColor
FNDA:0,getFillColor
FNDA:0,setToolColor
FNDA:0,getToolColor
FNDA:0,setActiveColor
FNDA:0,getActiveColor
FNDA:0,getColorIfActive
DA:2,1
DA:3,1
DA:4,1
DA:7,0
DA:11,0
DA:15,0
DA:19,0
DA:23,0
DA:27,0
DA:31,0
DA:34,1
LF:11
LH:4
BRDA:31,0,0,0
BRDA:31,0,1,0
BRF:2
BRH:0
end_of_record
TN:
SF:/Users/emil/Documents/Laosdirg/Apps/cornerstoneTools/src/stateManagement/toolStyle.js
FN:4,setToolWidth
FN:8,getToolWidth
FN:12,setActiveWidth
FN:16,getActiveWidth
FNF:4
FNH:0
FNDA:0,setToolWidth
FNDA:0,getToolWidth
FNDA:0,setActiveWidth
FNDA:0,getActiveWidth
DA:1,1
DA:2,1
DA:5,0
DA:9,0
DA:13,0
DA:17,0
DA:20,1
LF:7
LH:3
BRF:0
BRH:0
end_of_record
TN:
SF:/Users/emil/Documents/Laosdirg/Apps/cornerstoneTools/src/referenceLines/renderActiveReferenceLine.js
FN:7,(anonymous_0)
FNF:1
FNH:0
FNDA:0,(anonymous_0)
DA:8,0
DA:9,0
DA:10,0
DA:13,0
DA:14,0
DA:17,0
DA:18,0
DA:21,0
DA:29,0
DA:33,0
DA:34,0
DA:38,0
DA:39,0
DA:40,0
DA:42,0
DA:43,0
DA:44,0
DA:47,0
DA:49,0
DA:50,0
DA:53,0
DA:54,0
DA:56,0
DA:57,0
DA:60,0
DA:62,0
DA:63,0
DA:64,0
DA:65,0
DA:66,0
DA:67,0
DA:68,0
DA:69,0
LF:33
LH:0
BRDA:13,0,0,0
BRDA:13,0,1,0
BRDA:13,1,0,0
BRDA:13,1,1,0
BRDA:21,2,0,0
BRDA:21,2,1,0
BRDA:21,3,0,0
BRDA:21,3,1,0
BRDA:21,3,2,0
BRDA:21,3,3,0
BRDA:21,3,4,0
BRDA:21,3,5,0
BRDA:21,3,6,0
BRDA:21,3,7,0
BRDA:33,4,0,0
BRDA:33,4,1,0
BRDA:43,5,0,0
BRDA:43,5,1,0
BRDA:49,6,0,0
BRDA:49,6,1,0
BRF:20
BRH:0
end_of_record
TN:
SF:/Users/emil/Documents/Laosdirg/Apps/cornerstoneTools/src/referenceLines/referenceLinesTool.js
FN:7,onImageRendered
FN:29,(anonymous_1)
FN:43,enable
FN:57,disable
FNF:4
FNH:0
FNDA:0,onImageRendered
FNDA:0,(anonymous_1)
FNDA:0,enable
FNDA:0,disable
DA:5,1
DA:8,0
DA:11,0
DA:13,0
DA:14,0
DA:18,0
DA:19,0
DA:21,0
DA:24,0
DA:26,0
DA:29,0
DA:32,0
DA:33,0
DA:37,0
DA:44,0
DA:46,0
DA:51,0
DA:52,0
DA:53,0
DA:58,0
DA:59,0
DA:63,1
LF:22
LH:2
BRDA:13,0,0,0
BRDA:13,0,1,0
BRDA:32,1,0,0
BRDA:32,1,1,0
BRDA:44,2,0,0
BRDA:44,2,1,0
BRF:6
BRH:0
end_of_record
TN:
SF:/Users/emil/Documents/Laosdirg/Apps/cornerstoneTools/src/referenceLines/index.js
FNF:0
FNH:0
DA:5,1
LF:1
LH:1
BRF:0
BRH:0
end_of_record
TN:
SF:/Users/emil/Documents/Laosdirg/Apps/cornerstoneTools/src/orientation/getOrientationString.js
FN:4,(anonymous_0)
FNF:1
FNH:0
FNDA:0,(anonymous_0)
DA:8,0
DA:9,0
DA:10,0
DA:11,0
DA:14,0
DA:16,0
DA:17,0
DA:18,0
DA:19,0
DA:20,0
DA:21,0
DA:22,0
DA:23,0
DA:24,0
DA:25,0
DA:27,0
DA:31,0
LF:17
LH:0
BRDA:9,0,0,0
BRDA:9,0,1,0
BRDA:10,1,0,0
BRDA:10,1,1,0
BRDA:11,2,0,0
BRDA:11,2,1,0
BRDA:17,3,0,0
BRDA:17,3,1,0
BRDA:17,4,0,0
BRDA:17,4,1,0
BRDA:17,4,2,0
BRDA:20,5,0,0
BRDA:20,5,1,0
BRDA:20,6,0,0
BRDA:20,6,1,0
BRDA:20,6,2,0
BRDA:23,7,0,0
BRDA:23,7,1,0
BRDA:23,8,0,0
BRDA:23,8,1,0
BRDA:23,8,2,0
BRF:21
BRH:0
end_of_record
TN:
SF:/Users/emil/Documents/Laosdirg/Apps/cornerstoneTools/src/orientation/invertOrientationString.js
FN:1,(anonymous_0)
FNF:1
FNH:0
FNDA:0,(anonymous_0)
DA:2,0
DA:4,0
DA:5,0
DA:6,0
DA:7,0
DA:8,0
DA:9,0
DA:11,0
LF:8
LH:0
BRF:0
BRH:0
end_of_record
TN:
SF:/Users/emil/Documents/Laosdirg/Apps/cornerstoneTools/src/orientation/index.js
FNF:0
FNH:0
DA:4,1
LF:1
LH:1
BRF:0
BRH:0
end_of_record
TN:
SF:/Users/emil/Documents/Laosdirg/Apps/cornerstoneTools/src/util/getMaxSimultaneousRequests.js
FN:31,getBrowserInfo
FN:57,setMaxSimultaneousRequests
FN:61,getMaxSimultaneousRequests
FN:69,getDefaultSimultaneousRequests
FN:87,isMobileDevice
FNF:5
FNH:0
FNDA:0,getBrowserInfo
FNDA:0,setMaxSimultaneousRequests
FNDA:0,getMaxSimultaneousRequests
FNDA:0,getDefaultSimultaneousRequests
FNDA:0,isMobileDevice
DA:5,1
DA:32,0
DA:33,0
DA:36,0
DA:37,0
DA:39,0
DA:42,0
DA:43,0
DA:44,0
DA:45,0
DA:49,0
DA:50,0
DA:51,0
DA:54,0
DA:58,0
DA:62,0
DA:63,0
DA:66,0
DA:70,0
DA:71,0
DA:72,0
DA:73,0
DA:74,0
DA:76,0
DA:77,0
DA:80,0
DA:81,0
DA:84,0
DA:88,0
DA:91,0
LF:30
LH:1
BRDA:33,0,0,0
BRDA:33,0,1,0
BRDA:36,1,0,0
BRDA:36,1,1,0
BRDA:37,2,0,0
BRDA:37,2,1,0
BRDA:39,3,0,0
BRDA:39,3,1,0
BRDA:42,4,0,0
BRDA:42,4,1,0
BRDA:44,5,0,0
BRDA:44,5,1,0
BRDA:49,6,0,0
BRDA:49,6,1,0
BRDA:50,7,0,0
BRDA:50,7,1,0
BRDA:62,8,0,0
BRDA:62,8,1,0
BRDA:76,9,0,0
BRDA:76,9,1,0
BRDA:80,10,0,0
BRDA:80,10,1,0
BRF:22
BRH:0
end_of_record
TN:
SF:/Users/emil/Documents/Laosdirg/Apps/cornerstoneTools/src/requestPool/requestPoolManager.js
FN:25,addRequest
FN:47,(anonymous_1)
FN:49,(anonymous_2)
FN:60,clearRequestStack
FN:69,startAgain
FN:74,(anonymous_5)
FN:79,sendRequest
FN:97,(anonymous_7)
FN:103,(anonymous_8)
FN:113,requestTypeToLoadPriority
FN:140,(anonymous_10)
FN:145,(anonymous_11)
FN:153,startGrabbing
FN:177,getNextRequest
FN:199,getRequestPool
FNF:15
FNH:0
FNDA:0,addRequest
FNDA:0,(anonymous_1)
FNDA:0,(anonymous_2)
FNDA:0,clearRequestStack
FNDA:0,startAgain
FNDA:0,(anonymous_5)
FNDA:0,sendRequest
FNDA:0,(anonymous_7)
FNDA:0,(anonymous_8)
FNDA:0,requestTypeToLoadPriority
FNDA:0,(anonymous_10)
FNDA:0,(anonymous_11)
FNDA:0,startGrabbing
FNDA:0,getNextRequest
FNDA:0,getRequestPool
DA:4,1
DA:10,1
DA:16,1
DA:22,1
DA:23,1
DA:26,0
DA:27,0
DA:30,0
DA:31,0
DA:35,0
DA:44,0
DA:46,0
DA:47,0
DA:48,0
DA:50,0
DA:53,0
DA:57,0
DA:62,0
DA:63,0
DA:66,0
DA:70,0
DA:71,0
DA:74,0
DA:75,0
DA:80,0
DA:82,0
DA:84,0
DA:86,0
DA:87,0
DA:88,0
DA:89,0
DA:92,0
DA:94,0
DA:97,0
DA:98,0
DA:101,0
DA:102,0
DA:104,0
DA:106,0
DA:107,0
DA:110,0
DA:114,0
DA:115,0
DA:116,0
DA:117,0
DA:118,0
DA:119,0
DA:123,0
DA:127,0
DA:128,0
DA:133,0
DA:140,0
DA:141,0
DA:143,0
DA:144,0
DA:146,0
DA:148,0
DA:149,0
DA:155,0
DA:157,0
DA:163,0
DA:166,0
DA:168,0
DA:169,0
DA:171,0
DA:172,0
DA:178,0
DA:179,0
DA:182,0
DA:183,0
DA:186,0
DA:187,0
DA:190,0
DA:193,0
DA:196,0
DA:200,0
LF:76
LH:5
BRDA:26,0,0,0
BRDA:26,0,1,0
BRDA:30,1,0,0
BRDA:30,1,1,0
BRDA:30,2,0,0
BRDA:30,2,1,0
BRDA:46,3,0,0
BRDA:46,3,1,0
BRDA:62,4,0,0
BRDA:62,4,1,0
BRDA:70,5,0,0
BRDA:70,5,1,0
BRDA:94,6,0,0
BRDA:94,6,1,0
BRDA:114,7,0,0
BRDA:114,7,1,0
BRDA:116,8,0,0
BRDA:116,8,1,0
BRDA:118,9,0,0
BRDA:118,9,1,0
BRDA:127,10,0,0
BRDA:127,10,1,0
BRDA:171,11,0,0
BRDA:171,11,1,0
BRDA:178,12,0,0
BRDA:178,12,1,0
BRDA:178,13,0,0
BRDA:178,13,1,0
BRDA:182,14,0,0
BRDA:182,14,1,0
BRDA:182,15,0,0
BRDA:182,15,1,0
BRDA:186,16,0,0
BRDA:186,16,1,0
BRDA:186,17,0,0
BRDA:186,17,1,0
BRDA:190,18,0,0
BRDA:190,18,1,0
BRDA:190,19,0,0
BRDA:190,19,1,0
BRDA:190,19,2,0
BRF:41
BRH:0
end_of_record
TN:
SF:/Users/emil/Documents/Laosdirg/Apps/cornerstoneTools/src/util/setContextToDisplayFontSize.js
FN:14,(anonymous_0)
FNF:1
FNH:0
FNDA:0,(anonymous_0)
DA:15,0
DA:17,0
DA:19,0
DA:21,0
DA:24,0
LF:5
LH:0
BRF:0
BRH:0
end_of_record
TN:
SF:/Users/emil/Documents/Laosdirg/Apps/cornerstoneTools/src/stateManagement/loadHandlerManager.js
FN:5,setStartLoadHandler
FN:9,getStartLoadHandler
FN:13,setEndLoadHandler
FN:17,getEndLoadHandler
FN:21,setErrorLoadingHandler
FN:25,getErrorLoadingHandler
FNF:6
FNH:0
FNDA:0,setStartLoadHandler
FNDA:0,getStartLoadHandler
FNDA:0,setEndLoadHandler
FNDA:0,getEndLoadHandler
FNDA:0,setErrorLoadingHandler
FNDA:0,getErrorLoadingHandler
DA:6,0
DA:10,0
DA:14,0
DA:18,0
DA:22,0
DA:26,0
DA:29,1
LF:7
LH:1
BRF:0
BRH:0
end_of_record
TN:
SF:/Users/emil/Documents/Laosdirg/Apps/cornerstoneTools/src/imageTools/touchDragTool.js
FN:3,(anonymous_0)
FNF:1
FNH:1
FNDA:8,(anonymous_0)
DA:4,8
DA:6,8
DA:7,2
DA:10,8
DA:12,0
DA:14,0
DA:15,0
DA:17,0
DA:20,0
DA:21,0
DA:25,0
DA:26,0
DA:27,0
DA:31,0
DA:32,0
DA:33,0
DA:37,0
DA:38,0
DA:39,0
DA:45,8
LF:20
LH:5
BRDA:6,0,0,2
BRDA:6,0,1,6
BRDA:6,1,0,8
BRDA:6,1,1,3
BRDA:14,2,0,0
BRDA:14,2,1,0
BRDA:14,3,0,0
BRDA:14,3,1,0
BRDA:20,4,0,0
BRDA:20,4,1,0
BRDA:20,5,0,0
BRDA:20,5,1,0
BRDA:26,6,0,0
BRDA:26,6,1,0
BRDA:26,7,0,0
BRDA:26,7,1,0
BRDA:32,8,0,0
BRDA:32,8,1,0
BRDA:32,9,0,0
BRDA:32,9,1,0
BRDA:38,10,0,0
BRDA:38,10,1,0
BRDA:38,11,0,0
BRDA:38,11,1,0
BRF:24
BRH:4
end_of_record
TN:
SF:/Users/emil/Documents/Laosdirg/Apps/cornerstoneTools/src/imageTools/multiTouchDragTool.js
FN:3,(anonymous_0)
FNF:1
FNH:1
FNDA:2,(anonymous_0)
DA:4,2
DA:5,2
DA:7,2
DA:8,0
DA:11,2
DA:13,0
DA:15,0
DA:16,0
DA:18,0
DA:21,0
DA:22,0
DA:26,0
DA:27,0
DA:28,0
DA:32,0
DA:33,0
DA:34,0
DA:38,0
DA:39,0
DA:40,0
DA:44,0
DA:47,2
DA:52,2
LF:23
LH:6
BRDA:7,0,0,0
BRDA:7,0,1,2
BRDA:7,1,0,2
BRDA:7,1,1,1
BRDA:15,2,0,0
BRDA:15,2,1,0
BRDA:15,3,0,0
BRDA:15,3,1,0
BRDA:21,4,0,0
BRDA:21,4,1,0
BRDA:21,5,0,0
BRDA:21,5,1,0
BRDA:27,6,0,0
BRDA:27,6,1,0
BRDA:27,7,0,0
BRDA:27,7,1,0
BRDA:33,8,0,0
BRDA:33,8,1,0
BRDA:33,9,0,0
BRDA:33,9,1,0
BRDA:39,10,0,0
BRDA:39,10,1,0
BRDA:39,11,0,0
BRDA:39,11,1,0
BRF:24
BRH:3
end_of_record
TN:
SF:/Users/emil/Documents/Laosdirg/Apps/cornerstoneTools/src/imageTools/simpleMouseButtonTool.js
FN:3,(anonymous_0)
FNF:1
FNH:1
FNDA:7,(anonymous_0)
DA:4,7
DA:6,7
DA:8,0
DA:9,0
DA:14,0
DA:17,0
DA:20,0
DA:23,0
DA:26,0
DA:29,0
DA:34,7
LF:11
LH:3
BRF:0
BRH:0
end_of_record
TN:
SF:/Users/emil/Documents/Laosdirg/Apps/cornerstoneTools/src/imageTools/mouseWheelTool.js
FN:3,(anonymous_0)
FNF:1
FNH:1
FNDA:3,(anonymous_0)
DA:4,3
DA:6,0
DA:7,0
DA:10,0
DA:13,0
DA:16,0
DA:19,0
DA:24,3
LF:8
LH:2
BRF:0
BRH:0
end_of_record
TN:
SF:/Users/emil/Documents/Laosdirg/Apps/cornerstoneTools/src/util/isMouseButtonEnabled.js
FN:3,(anonymous_0)
FNF:1
FNH:0
FNDA:0,(anonymous_0)
DA:4,0
DA:7,0
LF:2
LH:0
BRF:0
BRH:0
end_of_record
TN:
SF:/Users/emil/Documents/Laosdirg/Apps/cornerstoneTools/src/util/scroll.js
FN:4,(anonymous_0)
FNF:1
FNH:0
FNDA:0,(anonymous_0)
DA:5,0
DA:7,0
DA:8,0
DA:11,0
DA:13,0
DA:15,0
DA:16,0
DA:18,0
DA:20,0
DA:21,0
DA:24,0
LF:11
LH:0
BRDA:4,0,0,0
BRDA:7,1,0,0
BRDA:7,1,1,0
BRDA:7,2,0,0
BRDA:7,2,1,0
BRDA:7,2,2,0
BRDA:15,3,0,0
BRDA:15,3,1,0
BRF:8
BRH:0
end_of_record
TN:
SF:/Users/emil/Documents/Laosdirg/Apps/cornerstoneTools/src/stackTools/stackScroll.js
FN:10,mouseUpCallback
FN:16,mouseDownCallback
FN:31,mouseWheelCallback
FN:45,dragCallback
FN:90,multiTouchDragCallback
FNF:5
FNH:0
FNDA:0,mouseUpCallback
FNDA:0,mouseDownCallback
FNDA:0,mouseWheelCallback
FNDA:0,dragCallback
FNDA:0,multiTouchDragCallback
DA:11,0
DA:12,0
DA:13,0
DA:17,0
DA:18,0
DA:22,0
DA:23,0
DA:24,0
DA:25,0
DA:27,0
DA:32,0
DA:34,0
DA:36,0
DA:38,0
DA:39,0
DA:42,0
DA:46,0
DA:48,0
DA:50,0
DA:51,0
DA:54,0
DA:56,0
DA:59,0
DA:61,0
DA:62,0
DA:65,0
DA:66,0
DA:67,0
DA:68,0
DA:69,0
DA:70,0
DA:72,0
DA:73,0
DA:76,0
DA:80,1
DA:81,1
DA:83,1
DA:88,1
DA:91,0
DA:93,0
DA:94,0
DA:98,1
DA:100,0
DA:104,1
DA:106,1
LF:45
LH:7
BRDA:17,0,0,0
BRDA:17,0,1,0
BRDA:38,1,0,0
BRDA:38,1,1,0
BRDA:38,2,0,0
BRDA:38,2,1,0
BRDA:50,3,0,0
BRDA:50,3,1,0
BRDA:50,4,0,0
BRDA:50,4,1,0
BRDA:50,4,2,0
BRDA:61,5,0,0
BRDA:61,5,1,0
BRDA:61,6,0,0
BRDA:61,6,1,0
BRDA:65,7,0,0
BRDA:65,7,1,0
BRDA:67,8,0,0
BRDA:67,8,1,0
BRDA:93,9,0,0
BRDA:93,9,1,0
BRDA:93,10,0,0
BRDA:93,10,1,0
BRF:23
BRH:0
end_of_record
TN:
SF:/Users/emil/Documents/Laosdirg/Apps/cornerstoneTools/src/util/scrollToIndex.js
FN:8,(anonymous_0)
FN:38,doneCallback
FN:64,failCallback
FNF:3
FNH:0
FNDA:0,(anonymous_0)
FNDA:0,doneCallback
FNDA:0,failCallback
DA:9,0
DA:11,0
DA:12,0
DA:15,0
DA:19,0
DA:20,0
DA:22,0
DA:23,0
DA:27,0
DA:30,0
DA:31,0
DA:34,0
DA:35,0
DA:36,0
DA:39,0
DA:40,0
DA:45,0
DA:47,0
DA:49,0
DA:52,0
DA:53,0
DA:54,0
DA:56,0
DA:59,0
DA:60,0
DA:65,0
DA:67,0
DA:68,0
DA:72,0
DA:73,0
DA:76,0
DA:77,0
DA:80,0
DA:85,0
DA:86,0
DA:90,0
DA:92,0
DA:93,0
DA:95,0
DA:96,0
DA:101,0
DA:105,0
DA:106,0
DA:108,0
DA:111,0
DA:113,0
DA:115,0
LF:47
LH:0
BRDA:11,0,0,0
BRDA:11,0,1,0
BRDA:11,1,0,0
BRDA:11,1,1,0
BRDA:11,1,2,0
BRDA:19,2,0,0
BRDA:19,2,1,0
BRDA:22,3,0,0
BRDA:22,3,1,0
BRDA:22,4,0,0
BRDA:22,4,1,0
BRDA:22,4,2,0
BRDA:30,5,0,0
BRDA:30,5,1,0
BRDA:39,6,0,0
BRDA:39,6,1,0
BRDA:52,7,0,0
BRDA:52,7,1,0
BRDA:59,8,0,0
BRDA:59,8,1,0
BRDA:67,9,0,0
BRDA:67,9,1,0
BRDA:72,10,0,0
BRDA:72,10,1,0
BRDA:76,11,0,0
BRDA:76,11,1,0
BRDA:92,12,0,0
BRDA:92,12,1,0
BRDA:92,13,0,0
BRDA:92,13,1,0
BRDA:95,14,0,0
BRDA:95,14,1,0
BRDA:95,15,0,0
BRDA:95,15,1,0
BRDA:105,16,0,0
BRDA:105,16,1,0
BRF:36
BRH:0
end_of_record
TN:
SF:/Users/emil/Documents/Laosdirg/Apps/cornerstoneTools/src/util/roundToDecimal.js
FN:1,(anonymous_0)
FNF:1
FNH:0
FNDA:0,(anonymous_0)
DA:2,0
DA:5,0
LF:2
LH:0
BRF:0
BRH:0
end_of_record
TN:
SF:/Users/emil/Documents/Laosdirg/Apps/cornerstoneTools/src/util/pointInsideBoundingBox.js
FN:3,(anonymous_0)
FNF:1
FNH:0
FNDA:0,(anonymous_0)
DA:4,0
DA:5,0
DA:8,0
LF:3
LH:0
BRDA:4,0,0,0
BRDA:4,0,1,0
BRF:2
BRH:0
end_of_record
TN:
SF:/Users/emil/Documents/Laosdirg/Apps/cornerstoneTools/src/util/pointInEllipse.js
FN:1,(anonymous_0)
FNF:1
FNH:0
FNDA:0,(anonymous_0)
DA:2,0
DA:3,0
DA:5,0
DA:6,0
DA:9,0
DA:19,0
DA:24,0
DA:27,0
LF:8
LH:0
BRDA:5,0,0,0
BRDA:5,0,1,0
BRDA:5,1,0,0
BRDA:5,1,1,0
BRF:4
BRH:0
end_of_record
TN:
SF:/Users/emil/Documents/Laosdirg/Apps/cornerstoneTools/src/util/pauseEvent.js
FN:7,(anonymous_0)
FNF:1
FNH:0
FNDA:0,(anonymous_0)
DA:8,0
DA:9,0
DA:12,0
DA:13,0
DA:16,0
DA:17,0
DA:19,0
LF:7
LH:0
BRDA:8,0,0,0
BRDA:8,0,1,0
BRDA:12,1,0,0
BRDA:12,1,1,0
BRF:4
BRH:0
end_of_record
TN:
SF:/Users/emil/Documents/Laosdirg/Apps/cornerstoneTools/src/util/getRGBPixels.js
FN:3,(anonymous_0)
FNF:1
FNH:0
FNDA:0,(anonymous_0)
DA:4,0
DA:5,0
DA:8,0
DA:9,0
DA:10,0
DA:11,0
DA:12,0
DA:13,0
DA:18,0
DA:19,0
DA:20,0
DA:21,0
DA:22,0
DA:23,0
DA:24,0
DA:25,0
DA:27,0
DA:28,0
DA:29,0
DA:30,0
DA:35,0
LF:21
LH:0
BRDA:4,0,0,0
BRDA:4,0,1,0
BRDA:18,1,0,0
BRDA:18,1,1,0
BRF:4
BRH:0
end_of_record
TN:
SF:/Users/emil/Documents/Laosdirg/Apps/cornerstoneTools/src/util/getLuminance.js
FN:3,(anonymous_0)
FNF:1
FNH:0
FNDA:0,(anonymous_0)
DA:4,0
DA:5,0
DA:8,0
DA:9,0
DA:10,0
DA:11,0
DA:12,0
DA:13,0
DA:14,0
DA:19,0
DA:20,0
DA:21,0
DA:22,0
DA:23,0
DA:24,0
DA:25,0
DA:27,0
DA:31,0
DA:32,0
DA:33,0
DA:34,0
DA:39,0
LF:22
LH:0
BRDA:4,0,0,0
BRDA:4,0,1,0
BRDA:19,1,0,0
BRDA:19,1,1,0
BRF:4
BRH:0
end_of_record
TN:
SF:/Users/emil/Documents/Laosdirg/Apps/cornerstoneTools/src/stateManagement/textStyle.js
FN:5,setFont
FN:9,getFont
FN:13,setFontSize
FN:17,getFontSize
FN:21,setBackgroundColor
FN:25,getBackgroundColor
FNF:6
FNH:0
FNDA:0,setFont
FNDA:0,getFont
FNDA:0,setFontSize
FNDA:0,getFontSize
FNDA:0,setBackgroundColor
FNDA:0,getBackgroundColor
DA:1,1
DA:2,1
DA:3,1
DA:6,0
DA:10,0
DA:14,0
DA:18,0
DA:22,0
DA:26,0
DA:29,1
LF:10
LH:4
BRF:0
BRH:0
end_of_record
TN:
SF:/Users/emil/Documents/Laosdirg/Apps/cornerstoneTools/src/util/drawTextBox.js
FN:3,(anonymous_0)
FN:21,(anonymous_1)
FN:56,(anonymous_2)
FNF:3
FNH:0
FNDA:0,(anonymous_0)
FNDA:0,(anonymous_1)
FNDA:0,(anonymous_2)
DA:4,0
DA:5,0
DA:8,0
DA:9,0
DA:10,0
DA:11,0
DA:13,0
DA:14,0
DA:15,0
DA:16,0
DA:19,0
DA:21,0
DA:23,0
DA:26,0
DA:30,0
DA:33,0
DA:38,0
DA:39,0
DA:42,0
DA:43,0
DA:46,0
DA:47,0
DA:49,0
DA:50,0
DA:53,0
DA:56,0
DA:57,0
DA:66,0
DA:69,0
DA:72,0
LF:30
LH:0
BRDA:4,0,0,0
BRDA:4,0,1,0
BRDA:38,1,0,0
BRDA:38,1,1,0
BRDA:38,2,0,0
BRDA:38,2,1,0
BRDA:38,2,2,0
BRDA:42,3,0,0
BRDA:42,3,1,0
BRDA:42,4,0,0
BRDA:42,4,1,0
BRDA:42,4,2,0
BRDA:49,5,0,0
BRDA:49,5,1,0
BRDA:49,6,0,0
BRDA:49,6,1,0
BRF:16
BRH:0
end_of_record
TN:
SF:/Users/emil/Documents/Laosdirg/Apps/cornerstoneTools/src/util/drawEllipse.js
FN:2,(anonymous_0)
FNF:1
FNH:0
FNDA:0,(anonymous_0)
DA:3,0
DA:4,0
DA:5,0
DA:6,0
DA:7,0
DA:8,0
DA:9,0
DA:11,0
DA:12,0
DA:13,0
DA:14,0
DA:15,0
DA:16,0
DA:17,0
DA:18,0
LF:15
LH:0
BRF:0
BRH:0
end_of_record
TN:
SF:/Users/emil/Documents/Laosdirg/Apps/cornerstoneTools/src/util/drawCircle.js
FN:1,(anonymous_0)
FNF:1
FNH:0
FNDA:0,(anonymous_0)
DA:2,0
DA:4,0
DA:5,0
DA:6,0
DA:7,0
DA:8,0
LF:6
LH:0
BRF:0
BRH:0
end_of_record
TN:
SF:/Users/emil/Documents/Laosdirg/Apps/cornerstoneTools/src/util/drawArrow.js
FN:1,(anonymous_0)
FNF:1
FNH:0
FNDA:0,(anonymous_0)
DA:3,0
DA:5,0
DA:8,0
DA:9,0
DA:10,0
DA:11,0
DA:12,0
DA:13,0
DA:16,0
DA:17,0
DA:18,0
DA:21,0
DA:24,0
DA:25,0
DA:28,0
DA:29,0
DA:30,0
DA:31,0
DA:32,0
LF:19
LH:0
BRF:0
BRH:0
end_of_record
TN:
SF:/Users/emil/Documents/Laosdirg/Apps/cornerstoneTools/src/util/copyPoints.js
FN:3,(anonymous_0)
FNF:1
FNH:1
FNDA:5,(anonymous_0)
DA:4,5
DA:5,5
DA:6,5
DA:7,5
DA:9,5
LF:5
LH:5
BRF:0
BRH:0
end_of_record
TN:
SF:/Users/emil/Documents/Laosdirg/Apps/cornerstoneTools/src/util/calculateSUV.js
FN:4,fracToDec
FN:8,(anonymous_1)
FNF:2
FNH:0
FNDA:0,fracToDec
FNDA:0,(anonymous_1)
DA:5,0
DA:9,0
DA:10,0
DA:11,0
DA:13,0
DA:14,0
DA:17,0
DA:20,0
DA:21,0
DA:24,0
DA:26,0
DA:28,0
DA:29,0
DA:32,0
DA:34,0
DA:35,0
DA:38,0
DA:39,0
DA:40,0
DA:41,0
DA:42,0
DA:44,0
DA:45,0
DA:48,0
DA:49,0
DA:50,0
DA:51,0
DA:52,0
DA:54,0
LF:29
LH:0
BRDA:13,0,0,0
BRDA:13,0,1,0
BRDA:13,1,0,0
BRDA:13,1,1,0
BRDA:20,2,0,0
BRDA:20,2,1,0
BRDA:28,3,0,0
BRDA:28,3,1,0
BRDA:34,4,0,0
BRDA:34,4,1,0
BRDA:44,5,0,0
BRDA:44,5,1,0
BRDA:44,6,0,0
BRDA:44,6,1,0
BRDA:44,6,2,0
BRDA:44,6,3,0
BRDA:48,7,0,0
BRDA:48,7,1,0
BRF:18
BRH:0
end_of_record
TN:
SF:/Users/emil/Documents/Laosdirg/Apps/cornerstoneTools/src/util/calculateEllipseStatistics.js
FN:3,(anonymous_0)
FNF:1
FNH:0
FNDA:0,(anonymous_0)
DA:6,0
DA:7,0
DA:8,0
DA:9,0
DA:11,0
DA:12,0
DA:13,0
DA:18,0
DA:19,0
DA:20,0
DA:21,0
DA:24,0
DA:28,0
DA:29,0
DA:37,0
DA:38,0
DA:40,0
LF:17
LH:0
BRDA:18,0,0,0
BRDA:18,0,1,0
BRDA:28,1,0,0
BRDA:28,1,1,0
BRF:4
BRH:0
end_of_record
TN:
SF:/Users/emil/Documents/Laosdirg/Apps/cornerstoneTools/src/stateManagement/toolCoordinates.js
FN:3,setCoords
FN:7,getCoords
FNF:2
FNH:0
FNDA:0,setCoords
FNDA:0,getCoords
DA:4,0
DA:8,0
DA:11,1
LF:3
LH:1
BRF:0
BRH:0
end_of_record
TN:
SF:/Users/emil/Documents/Laosdirg/Apps/cornerstoneTools/src/manipulators/getHandleNearImagePoint.js
FN:4,(anonymous_0)
FN:11,(anonymous_1)
FNF:2
FNH:0
FNDA:0,(anonymous_0)
FNDA:0,(anonymous_1)
DA:7,0
DA:8,0
DA:11,0
DA:12,0
DA:14,0
DA:15,0
DA:16,0
DA:18,0
DA:20,0
DA:21,0
DA:22,0
DA:24,0
DA:27,0
DA:28,0
DA:30,0
DA:31,0
DA:33,0
DA:38,0
LF:18
LH:0
BRDA:7,0,0,0
BRDA:7,0,1,0
BRDA:14,1,0,0
BRDA:14,1,1,0
BRDA:15,2,0,0
BRDA:15,2,1,0
BRDA:20,3,0,0
BRDA:20,3,1,0
BRDA:21,4,0,0
BRDA:21,4,1,0
BRDA:30,5,0,0
BRDA:30,5,1,0
BRF:12
BRH:0
end_of_record
TN:
SF:/Users/emil/Documents/Laosdirg/Apps/cornerstoneTools/src/manipulators/handleActivator.js
FN:3,getActiveHandle
FN:6,(anonymous_1)
FN:19,(anonymous_2)
FNF:3
FNH:0
FNDA:0,getActiveHandle
FNDA:0,(anonymous_1)
FNDA:0,(anonymous_2)
DA:6,0
DA:7,0
DA:9,0
DA:10,0
DA:12,0
DA:16,0
DA:20,0
DA:21,0
DA:24,0
DA:25,0
DA:27,0
DA:28,0
DA:29,0
DA:32,0
DA:33,0
DA:36,0
DA:39,0
LF:17
LH:0
BRDA:9,0,0,0
BRDA:9,0,1,0
BRDA:20,1,0,0
BRDA:20,1,1,0
BRDA:27,2,0,0
BRDA:27,2,1,0
BRDA:28,3,0,0
BRDA:28,3,1,0
BRDA:32,4,0,0
BRDA:32,4,1,0
BRF:10
BRH:0
end_of_record
TN:
SF:/Users/emil/Documents/Laosdirg/Apps/cornerstoneTools/src/manipulators/moveHandle.js
FN:4,(anonymous_0)
FN:12,mouseDragCallback
FN:43,mouseUpCallback
FNF:3
FNH:0
FNDA:0,(anonymous_0)
FNDA:0,mouseDragCallback
FNDA:0,mouseUpCallback
DA:5,0
DA:6,0
DA:7,0
DA:13,0
DA:14,0
DA:17,0
DA:18,0
DA:19,0
DA:21,0
DA:22,0
DA:23,0
DA:25,0
DA:26,0
DA:29,0
DA:31,0
DA:32,0
DA:38,0
DA:41,0
DA:44,0
DA:45,0
DA:46,0
DA:47,0
DA:48,0
DA:50,0
DA:51,0
DA:55,0
DA:56,0
LF:27
LH:0
BRDA:13,0,0,0
BRDA:13,0,1,0
BRDA:21,1,0,0
BRDA:21,1,1,0
BRDA:50,2,0,0
BRDA:50,2,1,0
BRF:6
BRH:0
end_of_record
TN:
SF:/Users/emil/Documents/Laosdirg/Apps/cornerstoneTools/src/manipulators/moveNewHandle.js
FN:4,(anonymous_0)
FN:8,moveCallback
FN:33,whichMovement
FN:46,measurementRemovedCallback
FN:52,toolDeactivatedCallback
FN:71,moveEndCallback
FNF:6
FNH:0
FNDA:0,(anonymous_0)
FNDA:0,moveCallback
FNDA:0,whichMovement
FNDA:0,measurementRemovedCallback
FNDA:0,toolDeactivatedCallback
FNDA:0,moveEndCallback
DA:5,0
DA:6,0
DA:9,0
DA:10,0
DA:11,0
DA:13,0
DA:14,0
DA:15,0
DA:17,0
DA:18,0
DA:21,0
DA:23,0
DA:24,0
DA:30,0
DA:34,0
DA:35,0
DA:37,0
DA:38,0
DA:40,0
DA:41,0
DA:42,0
DA:47,0
DA:48,0
DA:53,0
DA:54,0
DA:55,0
DA:56,0
DA:57,0
DA:58,0
DA:59,0
DA:61,0
DA:62,0
DA:66,0
DA:67,0
DA:68,0
DA:69,0
DA:72,0
DA:73,0
DA:74,0
DA:75,0
DA:76,0
DA:77,0
DA:79,0
DA:80,0
DA:82,0
DA:83,0
LF:46
LH:0
BRDA:13,0,0,0
BRDA:13,0,1,0
BRDA:41,1,0,0
BRDA:41,1,1,0
BRDA:47,2,0,0
BRDA:47,2,1,0
BRDA:53,3,0,0
BRDA:53,3,1,0
BRDA:82,4,0,0
BRDA:82,4,1,0
BRF:10
BRH:0
end_of_record
TN:
SF:/Users/emil/Documents/Laosdirg/Apps/cornerstoneTools/src/manipulators/anyHandlesOutsideImage.js
FN:3,(anonymous_0)
FN:14,(anonymous_1)
FNF:2
FNH:0
FNDA:0,(anonymous_0)
FNDA:0,(anonymous_1)
DA:4,0
DA:5,0
DA:12,0
DA:14,0
DA:15,0
DA:17,0
DA:18,0
DA:21,0
DA:22,0
DA:26,0
LF:10
LH:0
BRDA:17,0,0,0
BRDA:17,0,1,0
BRDA:21,1,0,0
BRDA:21,1,1,0
BRF:4
BRH:0
end_of_record
TN:
SF:/Users/emil/Documents/Laosdirg/Apps/cornerstoneTools/src/manipulators/moveAllHandles.js
FN:6,(anonymous_0)
FN:10,mouseDragCallback
FN:13,(anonymous_2)
FN:48,mouseUpCallback
FNF:4
FNH:0
FNDA:0,(anonymous_0)
FNDA:0,mouseDragCallback
FNDA:0,(anonymous_2)
FNDA:0,mouseUpCallback
DA:7,0
DA:8,0
DA:11,0
DA:13,0
DA:14,0
DA:16,0
DA:17,0
DA:20,0
DA:21,0
DA:23,0
DA:24,0
DA:25,0
DA:27,0
DA:28,0
DA:32,0
DA:34,0
DA:35,0
DA:41,0
DA:43,0
DA:46,0
DA:49,0
DA:51,0
DA:52,0
DA:53,0
DA:56,0
DA:58,0
DA:61,0
DA:63,0
DA:64,0
DA:68,0
DA:69,0
DA:71,0
LF:32
LH:0
BRDA:16,0,0,0
BRDA:16,0,1,0
BRDA:23,1,0,0
BRDA:23,1,1,0
BRDA:56,2,0,0
BRDA:56,2,1,0
BRDA:56,3,0,0
BRDA:56,3,1,0
BRDA:63,4,0,0
BRDA:63,4,1,0
BRF:10
BRH:0
end_of_record
TN:
SF:/Users/emil/Documents/Laosdirg/Apps/cornerstoneTools/src/imageTools/mouseButtonTool.js
FN:13,(anonymous_0)
FN:17,addNewMeasurement
FN:62,(anonymous_2)
FN:82,mouseDownActivateCallback
FN:98,mouseMoveCallback
FN:138,mouseDownCallback
FN:142,handleDoneMove
FN:218,disable
FN:234,onImageRendered
FN:239,enable
FN:255,activate
FN:279,deactivate
FN:314,getConfiguration
FN:318,setConfiguration
FNF:14
FNH:2
FNDA:12,(anonymous_0)
FNDA:0,addNewMeasurement
FNDA:0,(anonymous_2)
FNDA:0,mouseDownActivateCallback
FNDA:0,mouseMoveCallback
FNDA:0,mouseDownCallback
FNDA:0,handleDoneMove
FNDA:0,disable
FNDA:0,onImageRendered
FNDA:0,enable
FNDA:0,activate
FNDA:0,deactivate
FNDA:0,getConfiguration
FNDA:4,setConfiguration
DA:14,12
DA:18,0
DA:19,0
DA:21,0
DA:23,0
DA:24,0
DA:27,0
DA:32,0
DA:36,0
DA:37,0
DA:38,0
DA:40,0
DA:41,0
DA:44,0
DA:48,0
DA:49,0
DA:51,0
DA:56,0
DA:57,0
DA:59,0
DA:62,0
DA:63,0
DA:64,0
DA:65,0
DA:67,0
DA:70,0
DA:71,0
DA:72,0
DA:74,0
DA:75,0
DA:78,0
DA:83,0
DA:84,0
DA:85,0
DA:87,0
DA:90,0
DA:99,0
DA:101,0
DA:102,0
DA:106,0
DA:108,0
DA:109,0
DA:114,0
DA:116,0
DA:118,0
DA:120,0
DA:122,0
DA:123,0
DA:126,0
DA:127,0
DA:128,0
DA:133,0
DA:134,0
DA:140,0
DA:143,0
DA:144,0
DA:146,0
DA:149,0
DA:150,0
DA:153,0
DA:154,0
DA:157,0
DA:158,0
DA:160,0
DA:161,0
DA:170,0
DA:171,0
DA:173,0
DA:176,0
DA:177,0
DA:178,0
DA:179,0
DA:181,0
DA:182,0
DA:183,0
DA:184,0
DA:185,0
DA:187,0
DA:193,0
DA:194,0
DA:197,0
DA:202,0
DA:203,0
DA:204,0
DA:205,0
DA:206,0
DA:207,0
DA:208,0
DA:209,0
DA:211,0
DA:219,0
DA:220,0
DA:221,0
DA:222,0
DA:224,0
DA:225,0
DA:228,0
DA:235,0
DA:240,0
DA:241,0
DA:242,0
DA:243,0
DA:245,0
DA:246,0
DA:249,0
DA:251,0
DA:256,0
DA:260,0
DA:261,0
DA:262,0
DA:263,0
DA:265,0
DA:266,0
DA:267,0
DA:268,0
DA:270,0
DA:271,0
DA:272,0
DA:275,0
DA:280,0
DA:284,0
DA:285,0
DA:291,0
DA:293,0
DA:294,0
DA:295,0
DA:296,0
DA:298,0
DA:299,0
DA:300,0
DA:302,0
DA:303,0
DA:304,0
DA:307,0
DA:308,0
DA:311,0
DA:315,0
DA:319,4
DA:322,12
DA:335,12
DA:336,9
DA:339,12
DA:340,3
DA:343,12
DA:344,3
DA:347,12
LF:146
LH:10
BRDA:23,0,0,0
BRDA:23,0,1,0
BRDA:36,1,0,0
BRDA:36,1,1,0
BRDA:37,2,0,0
BRDA:37,2,1,0
BRDA:38,3,0,0
BRDA:38,3,1,0
BRDA:40,4,0,0
BRDA:40,4,1,0
BRDA:48,5,0,0
BRDA:48,5,1,0
BRDA:56,6,0,0
BRDA:56,6,1,0
BRDA:56,7,0,0
BRDA:56,7,1,0
BRDA:65,8,0,0
BRDA:65,8,1,0
BRDA:70,9,0,0
BRDA:70,9,1,0
BRDA:71,10,0,0
BRDA:71,10,1,0
BRDA:72,11,0,0
BRDA:72,11,1,0
BRDA:74,12,0,0
BRDA:74,12,1,0
BRDA:83,13,0,0
BRDA:83,13,1,0
BRDA:84,14,0,0
BRDA:84,14,1,0
BRDA:101,15,0,0
BRDA:101,15,1,0
BRDA:108,16,0,0
BRDA:108,16,1,0
BRDA:122,17,0,0
BRDA:122,17,1,0
BRDA:126,18,0,0
BRDA:126,18,1,0
BRDA:126,19,0,0
BRDA:126,19,1,0
BRDA:126,19,2,0
BRDA:126,19,3,0
BRDA:133,20,0,0
BRDA:133,20,1,0
BRDA:144,21,0,0
BRDA:144,21,1,0
BRDA:150,22,0,0
BRDA:150,22,1,0
BRDA:153,23,0,0
BRDA:153,23,1,0
BRDA:160,24,0,0
BRDA:160,24,1,0
BRDA:170,25,0,0
BRDA:170,25,1,0
BRDA:170,26,0,0
BRDA:170,26,1,0
BRDA:181,27,0,0
BRDA:181,27,1,0
BRDA:182,28,0,0
BRDA:182,28,1,0
BRDA:193,29,0,0
BRDA:193,29,1,0
BRDA:197,30,0,0
BRDA:197,30,1,0
BRDA:205,31,0,0
BRDA:205,31,1,0
BRDA:207,32,0,0
BRDA:207,32,1,0
BRDA:220,33,0,0
BRDA:220,33,1,0
BRDA:221,34,0,0
BRDA:221,34,1,0
BRDA:222,35,0,0
BRDA:222,35,1,0
BRDA:224,36,0,0
BRDA:224,36,1,0
BRDA:241,37,0,0
BRDA:241,37,1,0
BRDA:242,38,0,0
BRDA:242,38,1,0
BRDA:243,39,0,0
BRDA:243,39,1,0
BRDA:245,40,0,0
BRDA:245,40,1,0
BRDA:261,41,0,0
BRDA:261,41,1,0
BRDA:262,42,0,0
BRDA:262,42,1,0
BRDA:263,43,0,0
BRDA:263,43,1,0
BRDA:266,44,0,0
BRDA:266,44,1,0
BRDA:267,45,0,0
BRDA:267,45,1,0
BRDA:268,46,0,0
BRDA:268,46,1,0
BRDA:270,47,0,0
BRDA:270,47,1,0
BRDA:294,48,0,0
BRDA:294,48,1,0
BRDA:295,49,0,0
BRDA:295,49,1,0
BRDA:296,50,0,0
BRDA:296,50,1,0
BRDA:299,51,0,0
BRDA:299,51,1,0
BRDA:300,52,0,0
BRDA:300,52,1,0
BRDA:302,53,0,0
BRDA:302,53,1,0
BRDA:307,54,0,0
BRDA:307,54,1,0
BRDA:335,55,0,9
BRDA:335,55,1,3
BRDA:339,56,0,3
BRDA:339,56,1,9
BRDA:343,57,0,3
BRDA:343,57,1,9
BRF:118
BRH:6
end_of_record
TN:
SF:/Users/emil/Documents/Laosdirg/Apps/cornerstoneTools/src/manipulators/drawHandles.js
FN:6,(anonymous_0)
FN:9,(anonymous_1)
FNF:2
FNH:0
FNDA:0,(anonymous_0)
FNDA:0,(anonymous_1)
DA:4,1
DA:7,0
DA:9,0
DA:10,0
DA:12,0
DA:13,0
DA:16,0
DA:17,0
DA:20,0
DA:22,0
DA:23,0
DA:25,0
DA:28,0
DA:30,0
DA:32,0
DA:33,0
DA:34,0
DA:37,0
LF:18
LH:1
BRDA:12,0,0,0
BRDA:12,0,1,0
BRDA:16,1,0,0
BRDA:16,1,1,0
BRDA:16,2,0,0
BRDA:16,2,1,0
BRDA:16,2,2,0
BRDA:22,3,0,0
BRDA:22,3,1,0
BRDA:32,4,0,0
BRDA:32,4,1,0
BRDA:32,5,0,0
BRDA:32,5,1,0
BRF:13
BRH:0
end_of_record
TN:
SF:/Users/emil/Documents/Laosdirg/Apps/cornerstoneTools/src/measurementManager/measurementManager.js
FN:4,MeasurementManager
FN:10,(anonymous_1)
FN:21,(anonymous_2)
FNF:3
FNH:1
FNDA:1,MeasurementManager
FNDA:0,(anonymous_1)
FNDA:0,(anonymous_2)
DA:5,1
DA:7,1
DA:10,1
DA:11,0
DA:13,0
DA:18,0
DA:21,1
DA:22,0
DA:24,0
DA:26,0
DA:31,0
DA:37,1
LF:12
LH:5
BRF:0
BRH:0
end_of_record
TN:
SF:/Users/emil/Documents/Laosdirg/Apps/cornerstoneTools/src/measurementManager/lineSampleMeasurement.js
FN:4,(anonymous_0)
FN:11,(anonymous_1)
FNF:2
FNH:0
FNDA:0,(anonymous_0)
FNDA:0,(anonymous_1)
DA:6,0
DA:8,0
DA:11,0
DA:12,0
DA:14,0
LF:5
LH:0
BRF:0
BRH:0
end_of_record
TN:
SF:/Users/emil/Documents/Laosdirg/Apps/cornerstoneTools/src/timeSeriesTools/probeTool4D.js
FN:11,updateLineSample
FN:15,(anonymous_1)
FN:24,(anonymous_2)
FN:35,createNewMeasurement
FN:69,onImageRendered
FNF:5
FNH:0
FNDA:0,updateLineSample
FNDA:0,(anonymous_1)
FNDA:0,(anonymous_2)
FNDA:0,createNewMeasurement
FNDA:0,onImageRendered
DA:9,1
DA:12,0
DA:13,0
DA:15,0
DA:18,0
DA:19,0
DA:21,0
DA:24,0
DA:25,0
DA:26,0
DA:28,0
DA:31,0
DA:36,0
DA:38,0
DA:39,0
DA:42,0
DA:45,0
DA:60,0
DA:61,0
DA:63,0
DA:71,0
DA:73,0
DA:74,0
DA:78,0
DA:80,0
DA:81,0
DA:83,0
DA:84,0
DA:85,0
DA:88,0
DA:89,0
DA:90,0
DA:93,0
DA:95,0
DA:98,0
DA:99,0
DA:100,0
DA:101,0
DA:103,0
DA:105,0
DA:107,0
DA:113,1
LF:42
LH:2
BRDA:18,0,0,0
BRDA:18,0,1,0
BRDA:38,1,0,0
BRDA:38,1,1,0
BRDA:38,2,0,0
BRDA:38,2,1,0
BRDA:38,2,2,0
BRDA:73,3,0,0
BRDA:73,3,1,0
BRF:9
BRH:0
end_of_record
TN:
SF:/Users/emil/Documents/Laosdirg/Apps/cornerstoneTools/src/timeSeriesTools/incrementTimePoint.js
FN:5,(anonymous_0)
FN:52,(anonymous_1)
FN:61,(anonymous_2)
FNF:3
FNH:0
FNDA:0,(anonymous_0)
FNDA:0,(anonymous_1)
FNDA:0,(anonymous_2)
DA:6,0
DA:8,0
DA:9,0
DA:12,0
DA:13,0
DA:14,0
DA:15,0
DA:16,0
DA:19,0
DA:20,0
DA:21,0
DA:24,0
DA:25,0
DA:28,0
DA:29,0
DA:32,0
DA:33,0
DA:34,0
DA:36,0
DA:37,0
DA:38,0
DA:40,0
DA:41,0
DA:46,0
DA:47,0
DA:49,0
DA:52,0
DA:53,0
DA:54,0
DA:55,0
DA:56,0
DA:57,0
DA:58,0
DA:62,0
DA:64,0
DA:65,0
LF:36
LH:0
BRDA:8,0,0,0
BRDA:8,0,1,0
BRDA:8,1,0,0
BRDA:8,1,1,0
BRDA:8,1,2,0
BRDA:19,2,0,0
BRDA:19,2,1,0
BRDA:20,3,0,0
BRDA:20,3,1,0
BRDA:24,4,0,0
BRDA:24,4,1,0
BRDA:32,5,0,0
BRDA:32,5,1,0
BRDA:40,6,0,0
BRDA:40,6,1,0
BRDA:46,7,0,0
BRDA:46,7,1,0
BRDA:53,8,0,0
BRDA:53,8,1,0
BRDA:57,9,0,0
BRDA:57,9,1,0
BRDA:64,10,0,0
BRDA:64,10,1,0
BRF:23
BRH:0
end_of_record
TN:
SF:/Users/emil/Documents/Laosdirg/Apps/cornerstoneTools/src/timeSeriesTools/timeSeriesPlayer.js
FN:14,playClip
FN:50,(anonymous_1)
FN:63,stopClip
FNF:3
FNH:0
FNDA:0,playClip
FNDA:0,(anonymous_1)
FNDA:0,stopClip
DA:4,1
DA:15,0
DA:16,0
DA:19,0
DA:20,0
DA:23,0
DA:25,0
DA:26,0
DA:29,0
DA:32,0
DA:33,0
DA:39,0
DA:41,0
DA:42,0
DA:46,0
DA:47,0
DA:50,0
DA:51,0
DA:52,0
DA:54,0
DA:64,0
DA:66,0
DA:67,0
DA:69,0
DA:72,0
DA:73,0
DA:77,1
LF:27
LH:2
BRDA:15,0,0,0
BRDA:15,0,1,0
BRDA:19,1,0,0
BRDA:19,1,1,0
BRDA:25,2,0,0
BRDA:25,2,1,0
BRDA:25,3,0,0
BRDA:25,3,1,0
BRDA:25,3,2,0
BRDA:32,4,0,0
BRDA:32,4,1,0
BRDA:32,5,0,0
BRDA:32,5,1,0
BRDA:46,6,0,0
BRDA:46,6,1,0
BRDA:51,7,0,0
BRDA:51,7,1,0
BRDA:66,8,0,0
BRDA:66,8,1,0
BRDA:66,9,0,0
BRDA:66,9,1,0
BRDA:66,9,2,0
BRF:22
BRH:0
end_of_record
TN:
SF:/Users/emil/Documents/Laosdirg/Apps/cornerstoneTools/src/timeSeriesTools/timeSeriesScroll.js
FN:9,mouseUpCallback
FN:15,mouseDownCallback
FN:32,mouseDragCallback
FN:60,mouseWheelCallback
FN:66,onDrag
FNF:5
FNH:0
FNDA:0,mouseUpCallback
FNDA:0,mouseDownCallback
FNDA:0,mouseDragCallback
FNDA:0,mouseWheelCallback
FNDA:0,onDrag
DA:10,0
DA:11,0
DA:12,0
DA:16,0
DA:18,0
DA:23,0
DA:24,0
DA:25,0
DA:26,0
DA:28,0
DA:33,0
DA:35,0
DA:37,0
DA:38,0
DA:41,0
DA:43,0
DA:45,0
DA:46,0
DA:49,0
DA:50,0
DA:51,0
DA:53,0
DA:54,0
DA:57,0
DA:61,0
DA:63,0
DA:67,0
DA:68,0
DA:72,0
DA:74,0
DA:76,0
DA:77,0
DA:80,0
DA:81,0
DA:82,0
DA:84,0
DA:85,0
DA:88,0
DA:92,1
DA:93,1
DA:94,1
LF:41
LH:3
BRDA:16,0,0,0
BRDA:16,0,1,0
BRDA:37,1,0,0
BRDA:37,1,1,0
BRDA:37,2,0,0
BRDA:37,2,1,0
BRDA:37,2,2,0
BRDA:45,3,0,0
BRDA:45,3,1,0
BRDA:45,4,0,0
BRDA:45,4,1,0
BRDA:49,5,0,0
BRDA:49,5,1,0
BRDA:49,6,0,0
BRDA:49,6,1,0
BRDA:76,7,0,0
BRDA:76,7,1,0
BRDA:76,8,0,0
BRDA:76,8,1,0
BRDA:76,8,2,0
BRDA:80,9,0,0
BRDA:80,9,1,0
BRDA:80,10,0,0
BRDA:80,10,1,0
BRF:24
BRH:0
end_of_record
TN:
SF:/Users/emil/Documents/Laosdirg/Apps/cornerstoneTools/src/synchronization/wwwcSynchronizer.js
FN:4,(anonymous_0)
FNF:1
FNH:0
FNDA:0,(anonymous_0)
DA:7,0
DA:8,0
DA:11,0
DA:13,0
DA:14,0
DA:17,0
DA:18,0
DA:22,0
DA:23,0
DA:24,0
DA:25,0
LF:11
LH:0
BRDA:7,0,0,0
BRDA:7,0,1,0
BRDA:17,1,0,0
BRDA:17,1,1,0
BRDA:17,2,0,0
BRDA:17,2,1,0
BRDA:17,2,2,0
BRF:7
BRH:0
end_of_record
TN:
SF:/Users/emil/Documents/Laosdirg/Apps/cornerstoneTools/src/synchronization/updateImageSynchronizer.js
FN:4,(anonymous_0)
FNF:1
FNH:0
FNDA:0,(anonymous_0)
DA:7,0
DA:8,0
DA:11,0
LF:3
LH:0
BRDA:7,0,0,0
BRDA:7,0,1,0
BRF:2
BRH:0
end_of_record
TN:
SF:/Users/emil/Documents/Laosdirg/Apps/cornerstoneTools/src/synchronization/Synchronizer.js
FN:5,Synchronizer
FN:16,(anonymous_1)
FN:20,(anonymous_2)
FN:24,(anonymous_3)
FN:35,(anonymous_4)
FN:59,(anonymous_5)
FN:99,fireEvent
FN:106,(anonymous_7)
FN:135,onEvent
FN:144,(anonymous_9)
FN:165,(anonymous_10)
FN:186,(anonymous_11)
FN:192,(anonymous_12)
FN:215,(anonymous_13)
FN:235,(anonymous_14)
FN:241,(anonymous_15)
FN:246,(anonymous_16)
FN:250,(anonymous_17)
FN:256,(anonymous_18)
FN:262,disableHandler
FN:268,(anonymous_20)
FN:271,(anonymous_21)
FN:277,(anonymous_22)
FN:280,(anonymous_23)
FNF:24
FNH:0
FNDA:0,Synchronizer
FNDA:0,(anonymous_1)
FNDA:0,(anonymous_2)
FNDA:0,(anonymous_3)
FNDA:0,(anonymous_4)
FNDA:0,(anonymous_5)
FNDA:0,fireEvent
FNDA:0,(anonymous_7)
FNDA:0,onEvent
FNDA:0,(anonymous_9)
FNDA:0,(anonymous_10)
FNDA:0,(anonymous_11)
FNDA:0,(anonymous_12)
FNDA:0,(anonymous_13)
FNDA:0,(anonymous_14)
FNDA:0,(anonymous_15)
FNDA:0,(anonymous_16)
FNDA:0,(anonymous_17)
FNDA:0,(anonymous_18)
FNDA:0,disableHandler
FNDA:0,(anonymous_20)
FNDA:0,(anonymous_21)
FNDA:0,(anonymous_22)
FNDA:0,(anonymous_23)
DA:7,0
DA:8,0
DA:9,0
DA:10,0
DA:12,0
DA:13,0
DA:14,0
DA:16,0
DA:17,0
DA:20,0
DA:21,0
DA:24,0
DA:25,0
DA:26,0
DA:29,0
DA:30,0
DA:35,0
DA:36,0
DA:38,0
DA:39,0
DA:42,0
DA:43,0
DA:45,0
DA:46,0
DA:49,0
DA:51,0
DA:52,0
DA:54,0
DA:57,0
DA:59,0
DA:60,0
DA:62,0
DA:63,0
DA:66,0
DA:68,0
DA:70,0
DA:71,0
DA:74,0
DA:75,0
DA:78,0
DA:79,0
DA:82,0
DA:84,0
DA:85,0
DA:88,0
DA:90,0
DA:93,0
DA:94,0
DA:101,0
DA:102,0
DA:105,0
DA:106,0
DA:107,0
DA:109,0
DA:110,0
DA:113,0
DA:114,0
DA:116,0
DA:117,0
DA:120,0
DA:124,0
DA:125,0
DA:126,0
DA:127,0
DA:130,0
DA:132,0
DA:136,0
DA:137,0
DA:140,0
DA:144,0
DA:146,0
DA:148,0
DA:149,0
DA:153,0
DA:156,0
DA:159,0
DA:161,0
DA:165,0
DA:167,0
DA:169,0
DA:170,0
DA:174,0
DA:177,0
DA:180,0
DA:182,0
DA:186,0
DA:187,0
DA:188,0
DA:192,0
DA:194,0
DA:196,0
DA:197,0
DA:201,0
DA:204,0
DA:207,0
DA:210,0
DA:211,0
DA:215,0
DA:217,0
DA:219,0
DA:220,0
DA:224,0
DA:227,0
DA:230,0
DA:231,0
DA:235,0
DA:236,0
DA:237,0
DA:241,0
DA:242,0
DA:246,0
DA:247,0
DA:250,0
DA:251,0
DA:252,0
DA:253,0
DA:256,0
DA:257,0
DA:258,0
DA:259,0
DA:263,0
DA:265,0
DA:268,0
DA:269,0
DA:271,0
DA:272,0
DA:273,0
DA:277,0
DA:278,0
DA:280,0
DA:281,0
LF:131
LH:0
BRDA:25,0,0,0
BRDA:25,0,1,0
BRDA:25,1,0,0
BRDA:25,1,1,0
BRDA:38,2,0,0
BRDA:38,2,1,0
BRDA:38,3,0,0
BRDA:38,3,1,0
BRDA:45,4,0,0
BRDA:45,4,1,0
BRDA:45,5,0,0
BRDA:45,5,1,0
BRDA:51,6,0,0
BRDA:51,6,1,0
BRDA:62,7,0,0
BRDA:62,7,1,0
BRDA:62,8,0,0
BRDA:62,8,1,0
BRDA:70,9,0,0
BRDA:70,9,1,0
BRDA:74,10,0,0
BRDA:74,10,1,0
BRDA:78,11,0,0
BRDA:78,11,1,0
BRDA:84,12,0,0
BRDA:84,12,1,0
BRDA:84,13,0,0
BRDA:84,13,1,0
BRDA:93,14,0,0
BRDA:93,14,1,0
BRDA:101,15,0,0
BRDA:101,15,1,0
BRDA:101,16,0,0
BRDA:101,16,1,0
BRDA:109,17,0,0
BRDA:109,17,1,0
BRDA:116,18,0,0
BRDA:116,18,1,0
BRDA:124,19,0,0
BRDA:124,19,1,0
BRDA:126,20,0,0
BRDA:126,20,1,0
BRDA:136,21,0,0
BRDA:136,21,1,0
BRDA:148,22,0,0
BRDA:148,22,1,0
BRDA:169,23,0,0
BRDA:169,23,1,0
BRDA:196,24,0,0
BRDA:196,24,1,0
BRDA:219,25,0,0
BRDA:219,25,1,0
BRF:52
BRH:0
end_of_record
TN:
SF:/Users/emil/Documents/Laosdirg/Apps/cornerstoneTools/src/synchronization/stackScrollSynchronizer.js
FN:7,(anonymous_0)
FN:50,(anonymous_1)
FN:58,(anonymous_2)
FNF:3
FNH:0
FNDA:0,(anonymous_0)
FNDA:0,(anonymous_1)
FNDA:0,(anonymous_2)
DA:9,0
DA:10,0
DA:14,0
DA:15,0
DA:18,0
DA:20,0
DA:21,0
DA:24,0
DA:27,0
DA:30,0
DA:31,0
DA:34,0
DA:35,0
DA:36,0
DA:38,0
DA:39,0
DA:44,0
DA:45,0
DA:47,0
DA:50,0
DA:51,0
DA:53,0
DA:54,0
DA:55,0
DA:56,0
DA:59,0
DA:61,0
DA:62,0
LF:28
LH:0
BRDA:9,0,0,0
BRDA:9,0,1,0
BRDA:14,1,0,0
BRDA:14,1,1,0
BRDA:14,2,0,0
BRDA:14,2,1,0
BRDA:30,3,0,0
BRDA:30,3,1,0
BRDA:38,4,0,0
BRDA:38,4,1,0
BRDA:44,5,0,0
BRDA:44,5,1,0
BRDA:55,6,0,0
BRDA:55,6,1,0
BRDA:61,7,0,0
BRDA:61,7,1,0
BRF:16
BRH:0
end_of_record
TN:
SF:/Users/emil/Documents/Laosdirg/Apps/cornerstoneTools/src/synchronization/stackImagePositionSynchronizer.js
FN:7,(anonymous_0)
FN:25,(anonymous_1)
FN:58,(anonymous_2)
FN:66,(anonymous_3)
FNF:4
FNH:0
FNDA:0,(anonymous_0)
FNDA:0,(anonymous_1)
FNDA:0,(anonymous_2)
FNDA:0,(anonymous_3)
DA:10,0
DA:11,0
DA:14,0
DA:15,0
DA:16,0
DA:17,0
DA:19,0
DA:20,0
DA:22,0
DA:23,0
DA:25,0
DA:26,0
DA:27,0
DA:28,0
DA:31,0
DA:32,0
DA:33,0
DA:37,0
DA:38,0
DA:41,0
DA:42,0
DA:43,0
DA:45,0
DA:46,0
DA:49,0
DA:52,0
DA:53,0
DA:55,0
DA:58,0
DA:59,0
DA:61,0
DA:62,0
DA:63,0
DA:64,0
DA:67,0
DA:69,0
DA:70,0
LF:37
LH:0
BRDA:10,0,0,0
BRDA:10,0,1,0
BRDA:31,1,0,0
BRDA:31,1,1,0
BRDA:37,2,0,0
BRDA:37,2,1,0
BRDA:45,3,0,0
BRDA:45,3,1,0
BRDA:49,4,0,0
BRDA:49,4,1,0
BRDA:52,5,0,0
BRDA:52,5,1,0
BRDA:63,6,0,0
BRDA:63,6,1,0
BRDA:69,7,0,0
BRDA:69,7,1,0
BRF:16
BRH:0
end_of_record
TN:
SF:/Users/emil/Documents/Laosdirg/Apps/cornerstoneTools/src/synchronization/stackImagePositionOffsetSynchronizer.js
FN:10,(anonymous_0)
FN:34,(anonymous_1)
FN:65,(anonymous_2)
FN:73,(anonymous_3)
FNF:4
FNH:0
FNDA:0,(anonymous_0)
FNDA:0,(anonymous_1)
FNDA:0,(anonymous_2)
FNDA:0,(anonymous_3)
DA:13,0
DA:14,0
DA:17,0
DA:18,0
DA:19,0
DA:20,0
DA:22,0
DA:23,0
DA:25,0
DA:26,0
DA:28,0
DA:29,0
DA:32,0
DA:34,0
DA:35,0
DA:36,0
DA:37,0
DA:39,0
DA:40,0
DA:41,0
DA:45,0
DA:46,0
DA:49,0
DA:50,0
DA:51,0
DA:53,0
DA:54,0
DA:59,0
DA:60,0
DA:62,0
DA:65,0
DA:66,0
DA:68,0
DA:69,0
DA:70,0
DA:71,0
DA:74,0
DA:76,0
DA:77,0
LF:39
LH:0
BRDA:13,0,0,0
BRDA:13,0,1,0
BRDA:28,1,0,0
BRDA:28,1,1,0
BRDA:39,2,0,0
BRDA:39,2,1,0
BRDA:45,3,0,0
BRDA:45,3,1,0
BRDA:45,4,0,0
BRDA:45,4,1,0
BRDA:53,5,0,0
BRDA:53,5,1,0
BRDA:59,6,0,0
BRDA:59,6,1,0
BRDA:70,7,0,0
BRDA:70,7,1,0
BRDA:76,8,0,0
BRDA:76,8,1,0
BRF:18
BRH:0
end_of_record
TN:
SF:/Users/emil/Documents/Laosdirg/Apps/cornerstoneTools/src/synchronization/stackImageIndexSynchronizer.js
FN:7,(anonymous_0)
FN:46,(anonymous_1)
FN:54,(anonymous_2)
FNF:3
FNH:0
FNDA:0,(anonymous_0)
FNDA:0,(anonymous_1)
FNDA:0,(anonymous_2)
DA:10,0
DA:11,0
DA:14,0
DA:15,0
DA:16,0
DA:17,0
DA:18,0
DA:20,0
DA:23,0
DA:26,0
DA:27,0
DA:30,0
DA:31,0
DA:32,0
DA:34,0
DA:35,0
DA:40,0
DA:41,0
DA:43,0
DA:46,0
DA:47,0
DA:49,0
DA:50,0
DA:51,0
DA:52,0
DA:55,0
DA:57,0
DA:58,0
LF:28
LH:0
BRDA:10,0,0,0
BRDA:10,0,1,0
BRDA:26,1,0,0
BRDA:26,1,1,0
BRDA:34,2,0,0
BRDA:34,2,1,0
BRDA:40,3,0,0
BRDA:40,3,1,0
BRDA:51,4,0,0
BRDA:51,4,1,0
BRDA:57,5,0,0
BRDA:57,5,1,0
BRF:12
BRH:0
end_of_record
TN:
SF:/Users/emil/Documents/Laosdirg/Apps/cornerstoneTools/src/synchronization/panZoomSynchronizer.js
FN:4,(anonymous_0)
FNF:1
FNH:0
FNDA:0,(anonymous_0)
DA:7,0
DA:8,0
DA:11,0
DA:13,0
DA:14,0
DA:17,0
DA:18,0
DA:22,0
DA:23,0
DA:24,0
DA:25,0
LF:11
LH:0
BRDA:7,0,0,0
BRDA:7,0,1,0
BRDA:17,1,0,0
BRDA:17,1,1,0
BRDA:17,2,0,0
BRDA:17,2,1,0
BRDA:17,2,2,0
BRF:7
BRH:0
end_of_record
TN:
SF:/Users/emil/Documents/Laosdirg/Apps/cornerstoneTools/src/stateManagement/timeSeriesSpecificStateManager.js
FN:6,newTimeSeriesSpecificToolStateManager
FN:11,addStackSpecificToolState
FN:34,getStackSpecificToolState
FN:62,addTimeSeriesStateManager
FNF:4
FNH:0
FNDA:0,newTimeSeriesSpecificToolStateManager
FNDA:0,addStackSpecificToolState
FNDA:0,getStackSpecificToolState
FNDA:0,addTimeSeriesStateManager
DA:7,0
DA:13,0
DA:16,0
DA:17,0
DA:22,0
DA:25,0
DA:28,0
DA:36,0
DA:38,0
DA:39,0
DA:44,0
DA:48,0
DA:51,0
DA:57,0
DA:60,1
DA:63,0
DA:64,0
DA:66,0
DA:67,0
DA:70,0
DA:72,0
DA:73,0
LF:22
LH:1
BRDA:13,0,0,0
BRDA:13,0,1,0
BRDA:16,1,0,0
BRDA:16,1,1,0
BRDA:36,2,0,0
BRDA:36,2,1,0
BRDA:38,3,0,0
BRDA:38,3,1,0
BRDA:63,4,0,0
BRDA:63,4,1,0
BRDA:66,5,0,0
BRDA:66,5,1,0
BRF:12
BRH:0
end_of_record
TN:
SF:/Users/emil/Documents/Laosdirg/Apps/cornerstoneTools/src/stateManagement/stackSpecificStateManager.js
FN:6,newStackSpecificToolStateManager
FN:9,saveToolState
FN:13,restoreToolState
FN:19,addStackSpecificToolState
FN:42,getStackSpecificToolState
FN:74,addStackStateManager
FNF:6
FNH:0
FNDA:0,newStackSpecificToolStateManager
FNDA:0,saveToolState
FNDA:0,restoreToolState
FNDA:0,addStackSpecificToolState
FNDA:0,getStackSpecificToolState
FNDA:0,addStackStateManager
DA:7,0
DA:10,0
DA:14,0
DA:21,0
DA:24,0
DA:25,0
DA:30,0
DA:33,0
DA:36,0
DA:44,0
DA:46,0
DA:47,0
DA:52,0
DA:56,0
DA:60,0
DA:69,0
DA:72,1
DA:75,0
DA:77,0
DA:78,0
DA:81,0
DA:83,0
DA:84,0
DA:87,0
DA:89,0
DA:90,0
DA:93,1
LF:27
LH:2
BRDA:21,0,0,0
BRDA:21,0,1,0
BRDA:24,1,0,0
BRDA:24,1,1,0
BRDA:44,2,0,0
BRDA:44,2,1,0
BRDA:46,3,0,0
BRDA:46,3,1,0
BRDA:77,4,0,0
BRDA:77,4,1,0
BRDA:83,5,0,0
BRDA:83,5,1,0
BRF:12
BRH:0
end_of_record
TN:
SF:/Users/emil/Documents/Laosdirg/Apps/cornerstoneTools/src/stateManagement/frameOfReferenceStateManager.js
FN:5,newFrameOfReferenceSpecificToolStateManager
FN:10,addFrameOfReferenceSpecificToolState
FN:33,getFrameOfReferenceSpecificToolState
FN:52,removeFrameOfReferenceSpecificToolState
FNF:4
FNH:1
FNDA:1,newFrameOfReferenceSpecificToolStateManager
FNDA:0,addFrameOfReferenceSpecificToolState
FNDA:0,getFrameOfReferenceSpecificToolState
FNDA:0,removeFrameOfReferenceSpecificToolState
DA:6,1
DA:12,0
DA:13,0
DA:16,0
DA:19,0
DA:20,0
DA:25,0
DA:28,0
DA:35,0
DA:36,0
DA:39,0
DA:42,0
DA:43,0
DA:46,0
DA:49,0
DA:54,0
DA:55,0
DA:58,0
DA:61,0
DA:62,0
DA:65,0
DA:67,0
DA:69,0
DA:70,0
DA:71,0
DA:75,0
DA:76,0
DA:80,1
DA:89,1
LF:29
LH:3
BRDA:12,0,0,0
BRDA:12,0,1,0
BRDA:19,1,0,0
BRDA:19,1,1,0
BRDA:35,2,0,0
BRDA:35,2,1,0
BRDA:42,3,0,0
BRDA:42,3,1,0
BRDA:54,4,0,0
BRDA:54,4,1,0
BRDA:61,5,0,0
BRDA:61,5,1,0
BRDA:70,6,0,0
BRDA:70,6,1,0
BRDA:75,7,0,0
BRDA:75,7,1,0
BRF:16
BRH:0
end_of_record
TN:
SF:/Users/emil/Documents/Laosdirg/Apps/cornerstoneTools/src/stateManagement/appState.js
FN:5,saveApplicationState
FN:14,(anonymous_1)
FN:29,restoreApplicationState
FN:41,(anonymous_3)
FNF:4
FNH:0
FNDA:0,saveApplicationState
FNDA:0,(anonymous_1)
FNDA:0,restoreApplicationState
FNDA:0,(anonymous_3)
DA:7,0
DA:14,0
DA:15,0
DA:17,0
DA:18,0
DA:21,0
DA:23,0
DA:26,0
DA:30,0
DA:33,0
DA:36,0
DA:39,0
DA:41,0
DA:43,0
DA:45,0
DA:46,0
DA:49,0
DA:50,0
DA:53,0
DA:55,0
DA:56,0
DA:59,0
DA:62,0
DA:64,0
DA:67,0
DA:70,0
DA:73,1
LF:27
LH:1
BRDA:17,0,0,0
BRDA:17,0,1,0
BRDA:30,1,0,0
BRDA:30,1,1,0
BRDA:30,2,0,0
BRDA:30,2,1,0
BRDA:30,2,2,0
BRDA:45,3,0,0
BRDA:45,3,1,0
BRDA:49,4,0,0
BRDA:49,4,1,0
BRDA:55,5,0,0
BRDA:55,5,1,0
BRF:13
BRH:0
end_of_record
TN:
SF:/Users/emil/Documents/Laosdirg/Apps/cornerstoneTools/src/imageTools/keyboardTool.js
FN:3,(anonymous_0)
FNF:1
FNH:1
FNDA:1,(anonymous_0)
DA:4,1
DA:6,1
DA:8,0
DA:9,0
DA:12,0
DA:15,0
DA:18,0
DA:21,0
DA:24,0
DA:29,1
LF:10
LH:3
BRF:0
BRH:0
end_of_record
TN:
SF:/Users/emil/Documents/Laosdirg/Apps/cornerstoneTools/src/stackTools/stackScrollKeyboard.js
FN:9,keyDownCallback
FNF:1
FNH:0
FNDA:0,keyDownCallback
DA:4,1
DA:10,0
DA:12,0
DA:13,0
DA:16,0
DA:18,0
DA:19,0
DA:22,0
DA:26,1
LF:9
LH:2
BRDA:12,0,0,0
BRDA:12,0,1,0
BRDA:12,1,0,0
BRDA:12,1,1,0
BRDA:18,2,0,0
BRDA:18,2,1,0
BRF:6
BRH:0
end_of_record
TN:
SF:/Users/emil/Documents/Laosdirg/Apps/cornerstoneTools/src/stackTools/stackPrefetch.js
FN:17,range
FN:37,(anonymous_1)
FN:41,(anonymous_2)
FN:45,nearestIndex
FN:51,(anonymous_4)
FN:65,prefetch
FN:96,removeFromList
FN:106,(anonymous_7)
FN:109,(anonymous_8)
FN:139,doneCallback
FN:149,failCallback
FN:191,getPromiseRemovedHandler
FN:192,(anonymous_12)
FN:230,onImageUpdated
FN:234,(anonymous_14)
FN:248,enable
FN:295,disable
FN:314,getConfiguration
FN:318,setConfiguration
FNF:19
FNH:0
FNDA:0,range
FNDA:0,(anonymous_1)
FNDA:0,(anonymous_2)
FNDA:0,nearestIndex
FNDA:0,(anonymous_4)
FNDA:0,prefetch
FNDA:0,removeFromList
FNDA:0,(anonymous_7)
FNDA:0,(anonymous_8)
FNDA:0,doneCallback
FNDA:0,failCallback
FNDA:0,getPromiseRemovedHandler
FNDA:0,(anonymous_12)
FNDA:0,onImageUpdated
FNDA:0,(anonymous_14)
FNDA:0,enable
FNDA:0,disable
FNDA:0,getConfiguration
FNDA:0,setConfiguration
DA:7,1
DA:8,1
DA:10,1
DA:15,1
DA:20,0
DA:21,0
DA:23,0
DA:24,0
DA:26,0
DA:27,0
DA:30,0
DA:31,0
DA:34,0
DA:37,1
DA:38,0
DA:41,1
DA:42,0
DA:48,0
DA:49,0
DA:51,0
DA:52,0
DA:53,0
DA:54,0
DA:55,0
DA:59,0
DA:67,0
DA:69,0
DA:70,0
DA:73,0
DA:76,0
DA:78,0
DA:79,0
DA:82,0
DA:85,0
DA:86,0
DA:90,0
DA:91,0
DA:97,0
DA:99,0
DA:100,0
DA:106,0
DA:107,0
DA:109,0
DA:110,0
DA:112,0
DA:113,0
DA:116,0
DA:118,0
DA:119,0
DA:125,0
DA:126,0
DA:130,0
DA:133,0
DA:137,0
DA:141,0
DA:143,0
DA:147,0
DA:150,0
DA:151,0
DA:152,0
DA:157,0
DA:158,0
DA:160,0
DA:161,0
DA:162,0
DA:163,0
DA:165,0
DA:166,0
DA:168,0
DA:169,0
DA:172,0
DA:173,0
DA:174,0
DA:175,0
DA:178,0
DA:179,0
DA:180,0
DA:181,0
DA:188,0
DA:192,0
DA:193,0
DA:200,0
DA:202,0
DA:204,0
DA:207,0
DA:208,0
DA:211,0
DA:212,0
DA:216,0
DA:217,0
DA:220,0
DA:222,0
DA:223,0
DA:226,0
DA:233,0
DA:234,0
DA:235,0
DA:239,0
DA:240,0
DA:242,0
DA:250,0
DA:252,0
DA:255,0
DA:257,0
DA:258,0
DA:261,0
DA:264,0
DA:265,0
DA:267,0
DA:271,0
DA:278,0
DA:280,0
DA:282,0
DA:284,0
DA:286,0
DA:287,0
DA:289,0
DA:291,0
DA:292,0
DA:296,0
DA:297,0
DA:299,0
DA:301,0
DA:303,0
DA:306,0
DA:307,0
DA:310,0
DA:315,0
DA:319,0
DA:321,0
DA:322,0
DA:327,1
LF:132
LH:7
BRDA:20,0,0,0
BRDA:20,0,1,0
BRDA:21,1,0,0
BRDA:21,1,1,0
BRDA:26,2,0,0
BRDA:26,2,1,0
BRDA:52,3,0,0
BRDA:52,3,1,0
BRDA:54,4,0,0
BRDA:54,4,1,0
BRDA:69,5,0,0
BRDA:69,5,1,0
BRDA:69,6,0,0
BRDA:69,6,1,0
BRDA:69,6,2,0
BRDA:78,7,0,0
BRDA:78,7,1,0
BRDA:82,8,0,0
BRDA:82,8,1,0
BRDA:85,9,0,0
BRDA:85,9,1,0
BRDA:85,10,0,0
BRDA:85,10,1,0
BRDA:90,11,0,0
BRDA:90,11,1,0
BRDA:99,12,0,0
BRDA:99,12,1,0
BRDA:112,13,0,0
BRDA:112,13,1,0
BRDA:118,14,0,0
BRDA:118,14,1,0
BRDA:118,15,0,0
BRDA:118,15,1,0
BRDA:125,16,0,0
BRDA:125,16,1,0
BRDA:151,17,0,0
BRDA:151,17,1,0
BRDA:160,18,0,0
BRDA:160,18,1,0
BRDA:165,19,0,0
BRDA:165,19,1,0
BRDA:166,20,0,0
BRDA:166,20,1,0
BRDA:168,21,0,0
BRDA:168,21,1,0
BRDA:168,22,0,0
BRDA:168,22,1,0
BRDA:172,23,0,0
BRDA:172,23,1,0
BRDA:178,24,0,0
BRDA:178,24,1,0
BRDA:207,25,0,0
BRDA:207,25,1,0
BRDA:207,26,0,0
BRDA:207,26,1,0
BRDA:207,26,2,0
BRDA:216,27,0,0
BRDA:216,27,1,0
BRDA:222,28,0,0
BRDA:222,28,1,0
BRDA:222,29,0,0
BRDA:222,29,1,0
BRDA:222,29,2,0
BRDA:257,30,0,0
BRDA:257,30,1,0
BRDA:257,31,0,0
BRDA:257,31,1,0
BRDA:257,31,2,0
BRDA:264,32,0,0
BRDA:264,32,1,0
BRDA:306,33,0,0
BRDA:306,33,1,0
BRDA:306,34,0,0
BRDA:306,34,1,0
BRDA:321,35,0,0
BRDA:321,35,1,0
BRF:76
BRH:0
end_of_record
TN:
SF:/Users/emil/Documents/Laosdirg/Apps/cornerstoneTools/src/imageTools/displayTool.js
FN:3,(anonymous_0)
FN:9,customEventOnImageRendered
FNF:2
FNH:1
FNDA:3,(anonymous_0)
FNDA:0,customEventOnImageRendered
DA:4,3
DA:10,0
DA:13,3
DA:15,0
DA:18,0
DA:19,0
DA:20,0
DA:23,0
DA:26,1
DA:30,3
LF:10
LH:4
BRF:0
BRH:0
end_of_record
TN:
SF:/Users/emil/Documents/Laosdirg/Apps/cornerstoneTools/src/stackTools/scrollIndicator.js
FN:15,onImageRendered
FNF:1
FNH:0
FNDA:0,onImageRendered
DA:7,1
DA:9,1
DA:16,0
DA:17,0
DA:18,0
DA:20,0
DA:21,0
DA:24,0
DA:26,0
DA:27,0
DA:29,0
DA:32,0
DA:33,0
DA:34,0
DA:36,0
DA:40,0
DA:42,0
DA:43,0
DA:46,0
DA:47,0
DA:50,0
DA:51,0
DA:52,0
DA:53,0
DA:55,0
DA:56,0
DA:57,0
DA:59,0
DA:62,0
DA:65,1
DA:67,1
LF:31
LH:4
BRDA:20,0,0,0
BRDA:20,0,1,0
BRDA:20,1,0,0
BRDA:20,1,1,0
BRDA:33,2,0,0
BRDA:33,2,1,0
BRDA:42,3,0,0
BRDA:42,3,1,0
BRDA:42,4,0,0
BRDA:42,4,1,0
BRDA:42,4,2,0
BRDA:56,5,0,0
BRDA:56,5,1,0
BRF:13
BRH:0
end_of_record
TN:
SF:/Users/emil/Documents/Laosdirg/Apps/cornerstoneTools/src/stackTools/fusionRenderer.js
FN:5,(anonymous_0)
FN:11,(anonymous_1)
FN:35,(anonymous_2)
FN:51,(anonymous_3)
FN:68,(anonymous_4)
FNF:5
FNH:0
FNDA:0,(anonymous_0)
FNDA:0,(anonymous_1)
FNDA:0,(anonymous_2)
FNDA:0,(anonymous_3)
FNDA:0,(anonymous_4)
DA:6,0
DA:7,0
DA:8,0
DA:13,0
DA:14,0
DA:17,0
DA:18,0
DA:21,0
DA:22,0
DA:24,0
DA:28,0
DA:31,0
DA:32,0
DA:33,0
DA:35,0
DA:36,0
DA:39,0
DA:40,0
DA:43,0
DA:44,0
DA:48,0
DA:51,0
DA:52,0
DA:53,0
DA:54,0
DA:59,0
DA:60,0
DA:61,0
DA:64,0
DA:68,0
DA:69,0
DA:70,0
DA:75,0
DA:76,0
DA:77,0
LF:35
LH:0
BRDA:13,0,0,0
BRDA:13,0,1,0
BRDA:17,1,0,0
BRDA:17,1,1,0
BRDA:21,2,0,0
BRDA:21,2,1,0
BRDA:39,3,0,0
BRDA:39,3,1,0
BRDA:59,4,0,0
BRDA:59,4,1,0
BRDA:64,5,0,0
BRDA:64,5,1,0
BRF:12
BRH:0
end_of_record
TN:
SF:/Users/emil/Documents/Laosdirg/Apps/cornerstoneTools/src/stackTools/stackRenderers.js
FNF:0
FNH:0
DA:3,1
DA:5,1
LF:2
LH:2
BRF:0
BRH:0
end_of_record
TN:
SF:/Users/emil/Documents/Laosdirg/Apps/cornerstoneTools/src/stackTools/playClip.js
FN:16,getPlayClipTimeouts
FN:65,stopClipWithData
FN:83,triggerStopEvent
FN:98,playClip
FN:166,(anonymous_4)
FN:215,(anonymous_5)
FN:230,(anonymous_6)
FN:246,playClipTimeoutHandler
FN:262,stopClip
FNF:9
FNH:0
FNDA:0,getPlayClipTimeouts
FNDA:0,stopClipWithData
FNDA:0,triggerStopEvent
FNDA:0,playClip
FNDA:0,(anonymous_4)
FNDA:0,(anonymous_5)
FNDA:0,(anonymous_6)
FNDA:0,playClipTimeoutHandler
FNDA:0,stopClip
DA:7,1
DA:21,0
DA:22,0
DA:23,0
DA:26,0
DA:28,0
DA:29,0
DA:33,0
DA:34,0
DA:35,0
DA:36,0
DA:37,0
DA:38,0
DA:39,0
DA:42,0
DA:45,0
DA:46,0
DA:48,0
DA:50,0
DA:53,0
DA:56,0
DA:66,0
DA:68,0
DA:69,0
DA:70,0
DA:71,0
DA:73,0
DA:84,0
DA:88,0
DA:102,0
DA:103,0
DA:106,0
DA:108,0
DA:109,0
DA:112,0
DA:116,0
DA:117,0
DA:119,0
DA:120,0
DA:124,0
DA:126,0
DA:128,0
DA:129,0
DA:141,0
DA:143,0
DA:145,0
DA:149,0
DA:150,0
DA:151,0
DA:153,0
DA:157,0
DA:162,0
DA:166,0
DA:173,0
DA:175,0
DA:177,0
DA:178,0
DA:180,0
DA:183,0
DA:184,0
DA:185,0
DA:187,0
DA:191,0
DA:192,0
DA:195,0
DA:196,0
DA:199,0
DA:201,0
DA:202,0
DA:203,0
DA:205,0
DA:206,0
DA:209,0
DA:210,0
DA:212,0
DA:215,0
DA:216,0
DA:217,0
DA:218,0
DA:219,0
DA:220,0
DA:222,0
DA:224,0
DA:225,0
DA:228,0
DA:231,0
DA:233,0
DA:234,0
DA:244,0
DA:245,0
DA:246,0
DA:247,0
DA:248,0
DA:252,0
DA:253,0
DA:264,0
DA:266,0
DA:267,0
DA:270,0
LF:99
LH:1
BRDA:28,0,0,0
BRDA:28,0,1,0
BRDA:28,1,0,0
BRDA:28,1,1,0
BRDA:36,2,0,0
BRDA:36,2,1,0
BRDA:38,3,0,0
BRDA:38,3,1,0
BRDA:45,4,0,0
BRDA:45,4,1,0
BRDA:46,5,0,0
BRDA:46,5,1,0
BRDA:68,6,0,0
BRDA:68,6,1,0
BRDA:70,7,0,0
BRDA:70,7,1,0
BRDA:102,8,0,0
BRDA:102,8,1,0
BRDA:108,9,0,0
BRDA:108,9,1,0
BRDA:108,10,0,0
BRDA:108,10,1,0
BRDA:108,10,2,0
BRDA:116,11,0,0
BRDA:116,11,1,0
BRDA:119,12,0,0
BRDA:119,12,1,0
BRDA:119,13,0,0
BRDA:119,13,1,0
BRDA:119,13,2,0
BRDA:128,14,0,0
BRDA:128,14,1,0
BRDA:128,15,0,0
BRDA:128,15,1,0
BRDA:128,15,2,0
BRDA:149,16,0,0
BRDA:149,16,1,0
BRDA:149,17,0,0
BRDA:149,17,1,0
BRDA:157,18,0,0
BRDA:157,18,1,0
BRDA:158,19,0,0
BRDA:158,19,1,0
BRDA:158,19,2,0
BRDA:177,20,0,0
BRDA:177,20,1,0
BRDA:183,21,0,0
BRDA:183,21,1,0
BRDA:183,22,0,0
BRDA:183,22,1,0
BRDA:183,22,2,0
BRDA:191,23,0,0
BRDA:191,23,1,0
BRDA:195,24,0,0
BRDA:195,24,1,0
BRDA:199,25,0,0
BRDA:199,25,1,0
BRDA:205,26,0,0
BRDA:205,26,1,0
BRDA:209,27,0,0
BRDA:209,27,1,0
BRDA:218,28,0,0
BRDA:218,28,1,0
BRDA:224,29,0,0
BRDA:224,29,1,0
BRDA:233,30,0,0
BRDA:233,30,1,0
BRDA:244,31,0,0
BRDA:244,31,1,0
BRDA:244,32,0,0
BRDA:244,32,1,0
BRDA:244,32,2,0
BRDA:266,33,0,0
BRDA:266,33,1,0
BRDA:266,34,0,0
BRDA:266,34,1,0
BRDA:266,34,2,0
BRF:77
BRH:0
end_of_record
TN:
SF:/Users/emil/Documents/Laosdirg/Apps/cornerstoneTools/src/manipulators/moveNewHandleTouch.js
FN:4,(anonymous_0)
FN:17,moveCallback
FN:41,moveEndCallback
FN:77,stopImmediatePropagation
FN:92,toolDeactivatedCallback
FNF:5
FNH:0
FNDA:0,(anonymous_0)
FNDA:0,moveCallback
FNDA:0,moveEndCallback
FNDA:0,stopImmediatePropagation
FNDA:0,toolDeactivatedCallback
DA:6,0
DA:7,0
DA:8,0
DA:9,0
DA:14,0
DA:15,0
DA:18,0
DA:19,0
DA:21,0
DA:22,0
DA:23,0
DA:25,0
DA:26,0
DA:29,0
DA:31,0
DA:32,0
DA:38,0
DA:42,0
DA:43,0
DA:44,0
DA:45,0
DA:46,0
DA:47,0
DA:49,0
DA:50,0
DA:51,0
DA:52,0
DA:54,0
DA:57,0
DA:58,0
DA:59,0
DA:60,0
DA:62,0
DA:63,0
DA:64,0
DA:66,0
DA:67,0
DA:70,0
DA:72,0
DA:73,0
DA:81,0
DA:83,0
DA:86,0
DA:87,0
DA:88,0
DA:89,0
DA:90,0
DA:93,0
DA:94,0
DA:95,0
DA:96,0
DA:97,0
DA:98,0
DA:100,0
DA:101,0
DA:102,0
DA:103,0
DA:105,0
DA:106,0
DA:107,0
DA:109,0
DA:110,0
DA:113,0
DA:116,0
LF:64
LH:0
BRDA:21,0,0,0
BRDA:21,0,1,0
BRDA:49,1,0,0
BRDA:49,1,1,0
BRDA:49,2,0,0
BRDA:49,2,1,0
BRDA:62,3,0,0
BRDA:62,3,1,0
BRDA:72,4,0,0
BRDA:72,4,1,0
BRDA:105,5,0,0
BRDA:105,5,1,0
BRF:12
BRH:0
end_of_record
TN:
SF:/Users/emil/Documents/Laosdirg/Apps/cornerstoneTools/src/manipulators/touchMoveAllHandles.js
FN:6,(anonymous_0)
FN:10,touchDragCallback
FN:13,(anonymous_2)
FN:39,touchEndCallback
FNF:4
FNH:0
FNDA:0,(anonymous_0)
FNDA:0,touchDragCallback
FNDA:0,(anonymous_2)
FNDA:0,touchEndCallback
DA:7,0
DA:8,0
DA:11,0
DA:13,0
DA:14,0
DA:16,0
DA:17,0
DA:20,0
DA:21,0
DA:23,0
DA:25,0
DA:26,0
DA:32,0
DA:34,0
DA:37,0
DA:41,0
DA:42,0
DA:44,0
DA:45,0
DA:46,0
DA:47,0
DA:48,0
DA:49,0
DA:52,0
DA:54,0
DA:57,0
DA:59,0
DA:60,0
DA:64,0
DA:65,0
DA:66,0
DA:67,0
DA:68,0
DA:70,0
LF:34
LH:0
BRDA:16,0,0,0
BRDA:16,0,1,0
BRDA:52,1,0,0
BRDA:52,1,1,0
BRDA:52,2,0,0
BRDA:52,2,1,0
BRDA:59,3,0,0
BRDA:59,3,1,0
BRF:8
BRH:0
end_of_record
TN:
SF:/Users/emil/Documents/Laosdirg/Apps/cornerstoneTools/src/manipulators/touchMoveHandle.js
FN:19,animate
FN:52,(anonymous_1)
FN:57,(anonymous_2)
FN:78,touchDragCallback
FN:112,touchEndCallback
FNF:5
FNH:0
FNDA:0,animate
FNDA:0,(anonymous_1)
FNDA:0,(anonymous_2)
FNDA:0,touchDragCallback
FNDA:0,touchEndCallback
DA:8,1
DA:12,1
DA:21,0
DA:22,0
DA:25,0
DA:27,0
DA:31,0
DA:32,0
DA:34,0
DA:35,0
DA:36,0
DA:37,0
DA:39,0
DA:42,0
DA:43,0
DA:44,0
DA:45,0
DA:49,0
DA:52,0
DA:53,0
DA:59,0
DA:61,0
DA:62,0
DA:63,0
DA:65,0
DA:69,0
DA:71,0
DA:76,0
DA:80,0
DA:82,0
DA:83,0
DA:86,0
DA:88,0
DA:89,0
DA:94,0
DA:95,0
DA:96,0
DA:98,0
DA:100,0
DA:101,0
DA:107,0
DA:110,0
DA:114,0
DA:116,0
DA:117,0
DA:118,0
DA:120,0
DA:122,0
DA:123,0
DA:125,0
DA:126,0
DA:129,0
DA:130,0
DA:134,0
DA:136,0
LF:55
LH:2
BRDA:21,0,0,0
BRDA:21,0,1,0
BRDA:35,1,0,0
BRDA:35,1,1,0
BRDA:42,2,0,0
BRDA:42,2,1,0
BRDA:44,3,0,0
BRDA:44,3,1,0
BRDA:82,4,0,0
BRDA:82,4,1,0
BRDA:122,5,0,0
BRDA:122,5,1,0
BRDA:129,6,0,0
BRDA:129,6,1,0
BRF:14
BRH:0
end_of_record
TN:
SF:/Users/emil/Documents/Laosdirg/Apps/cornerstoneTools/src/inputSources/keyboardInput.js
FN:7,keyPress
FN:39,mouseMove
FN:46,enable
FN:54,disable
FNF:4
FNH:0
FNDA:0,keyPress
FNDA:0,mouseMove
FNDA:0,enable
FNDA:0,disable
DA:8,0
DA:9,0
DA:11,0
DA:27,0
DA:29,0
DA:36,0
DA:40,0
DA:41,0
DA:44,1
DA:48,0
DA:50,0
DA:51,0
DA:55,0
DA:56,0
DA:60,1
LF:15
LH:2
BRDA:12,0,0,0
BRDA:12,0,1,0
BRDA:40,1,0,0
BRDA:40,1,1,0
BRDA:41,2,0,0
BRDA:41,2,1,0
BRF:6
BRH:0
end_of_record
TN:
SF:/Users/emil/Documents/Laosdirg/Apps/cornerstoneTools/src/inputSources/mouseInput.js
FN:10,getEventWhich
FN:28,preventClickHandler
FN:32,mouseDoubleClick
FN:68,mouseDown
FN:116,onMouseMove
FN:164,onMouseUp
FN:223,mouseMove
FN:281,disable
FN:287,enable
FNF:9
FNH:0
FNDA:0,getEventWhich
FNDA:0,preventClickHandler
FNDA:0,mouseDoubleClick
FNDA:0,mouseDown
FNDA:0,onMouseMove
FNDA:0,onMouseUp
FNDA:0,mouseMove
FNDA:0,disable
FNDA:0,enable
DA:6,1
DA:8,1
DA:11,0
DA:12,0
DA:15,0
DA:16,0
DA:17,0
DA:18,0
DA:19,0
DA:20,0
DA:21,0
DA:22,0
DA:25,0
DA:29,0
DA:33,0
DA:34,0
DA:35,0
DA:37,0
DA:46,0
DA:48,0
DA:49,0
DA:65,0
DA:69,0
DA:71,0
DA:72,0
DA:73,0
DA:76,0
DA:78,0
DA:87,0
DA:89,0
DA:90,0
DA:106,0
DA:108,0
DA:110,0
DA:111,0
DA:114,0
DA:118,0
DA:119,0
DA:128,0
DA:131,0
DA:138,0
DA:153,0
DA:156,0
DA:159,0
DA:166,0
DA:168,0
DA:170,0
DA:171,0
DA:175,0
DA:184,0
DA:187,0
DA:194,0
DA:207,0
DA:209,0
DA:210,0
DA:212,0
DA:214,0
DA:217,0
DA:218,0
DA:220,0
DA:224,0
DA:225,0
DA:226,0
DA:228,0
DA:237,0
DA:239,0
DA:241,0
DA:244,0
DA:253,0
DA:256,0
DA:263,0
DA:275,0
DA:278,0
DA:282,0
DA:283,0
DA:284,0
DA:289,0
DA:291,0
DA:292,0
DA:293,0
DA:297,1
LF:81
LH:3
BRDA:11,0,0,0
BRDA:11,0,1,0
BRDA:15,1,0,0
BRDA:15,1,1,0
BRDA:17,2,0,0
BRDA:17,2,1,0
BRDA:19,3,0,0
BRDA:19,3,1,0
BRDA:21,4,0,0
BRDA:21,4,1,0
BRDA:108,5,0,0
BRDA:108,5,1,0
BRDA:170,6,0,0
BRDA:170,6,1,0
BRF:14
BRH:0
end_of_record
TN:
SF:/Users/emil/Documents/Laosdirg/Apps/cornerstoneTools/src/inputSources/mouseWheelInput.js
FN:4,mouseWheel
FN:74,enable
FN:81,disable
FNF:3
FNH:0
FNDA:0,mouseWheel
FNDA:0,enable
FNDA:0,disable
DA:10,0
DA:11,0
DA:14,0
DA:15,0
DA:18,0
DA:20,0
DA:21,0
DA:26,0
DA:27,0
DA:28,0
DA:29,0
DA:32,0
DA:33,0
DA:36,0
DA:37,0
DA:40,0
DA:42,0
DA:46,0
DA:47,0
DA:48,0
DA:49,0
DA:50,0
DA:51,0
DA:53,0
DA:56,0
DA:58,0
DA:69,0
DA:72,1
DA:76,0
DA:78,0
DA:82,0
DA:86,1
LF:32
LH:2
BRDA:10,0,0,0
BRDA:10,0,1,0
BRDA:10,1,0,0
BRDA:10,1,1,0
BRDA:14,2,0,0
BRDA:14,2,1,0
BRDA:14,3,0,0
BRDA:14,3,1,0
BRDA:26,4,0,0
BRDA:26,4,1,0
BRDA:26,5,0,0
BRDA:26,5,1,0
BRDA:29,6,0,0
BRDA:29,6,1,0
BRDA:29,7,0,0
BRDA:29,7,1,0
BRDA:29,7,2,0
BRDA:42,8,0,0
BRDA:42,8,1,0
BRDA:42,9,0,0
BRDA:42,9,1,0
BRDA:46,10,0,0
BRDA:46,10,1,0
BRDA:46,11,0,0
BRDA:46,11,1,0
BRDA:48,12,0,0
BRDA:48,12,1,0
BRDA:48,13,0,0
BRDA:48,13,1,0
BRDA:50,14,0,0
BRDA:50,14,1,0
BRDA:50,15,0,0
BRDA:50,15,1,0
BRDA:56,16,0,0
BRDA:56,16,1,0
BRF:35
BRH:0
end_of_record
TN:
SF:/Users/emil/Documents/Laosdirg/Apps/cornerstoneTools/src/inputSources/preventGhostClick.js
FN:16,handleTap
FN:40,attachEvents
FN:43,(anonymous_2)
FN:48,removeEvents
FN:51,(anonymous_4)
FN:59,disable
FN:64,enable
FNF:7
FNH:0
FNDA:0,handleTap
FNDA:0,attachEvents
FNDA:0,(anonymous_2)
FNDA:0,removeEvents
FNDA:0,(anonymous_4)
FNDA:0,disable
FNDA:0,enable
DA:7,1
DA:8,1
DA:17,0
DA:19,0
DA:20,0
DA:21,0
DA:22,0
DA:23,0
DA:25,0
DA:28,0
DA:31,0
DA:37,1
DA:38,1
DA:41,0
DA:43,0
DA:44,0
DA:49,0
DA:51,0
DA:52,0
DA:56,1
DA:57,1
DA:60,0
DA:61,0
DA:65,0
DA:66,0
DA:67,0
DA:70,1
LF:27
LH:7
BRDA:19,0,0,0
BRDA:19,0,1,0
BRDA:20,1,0,0
BRDA:20,1,1,0
BRDA:41,2,0,0
BRDA:41,2,1,0
BRDA:49,3,0,0
BRDA:49,3,1,0
BRF:8
BRH:0
end_of_record
TN:
SF:/Users/emil/Documents/Laosdirg/Apps/cornerstoneTools/src/inputSources/touchInput.js
FN:25,onTouch
FN:152,(anonymous_1)
FN:202,(anonymous_2)
FN:240,(anonymous_3)
FN:431,enable
FN:479,disable
FNF:6
FNH:0
FNDA:0,onTouch
FNDA:0,(anonymous_1)
FNDA:0,(anonymous_2)
FNDA:0,(anonymous_3)
FNDA:0,enable
FNDA:0,disable
DA:16,1
DA:17,1
DA:18,1
DA:19,1
DA:22,1
DA:23,1
DA:26,0
DA:27,0
DA:35,0
DA:38,0
DA:40,0
DA:41,0
DA:44,0
DA:46,0
DA:47,0
DA:50,0
DA:58,0
DA:60,0
DA:61,0
DA:71,0
DA:72,0
DA:75,0
DA:76,0
DA:79,0
DA:87,0
DA:89,0
DA:90,0
DA:100,0
DA:101,0
DA:104,0
DA:105,0
DA:107,0
DA:108,0
DA:111,0
DA:112,0
DA:114,0
DA:115,0
DA:116,0
DA:117,0
DA:120,0
DA:122,0
DA:126,0
DA:128,0
DA:129,0
DA:141,0
DA:143,0
DA:144,0
DA:147,0
DA:149,0
DA:151,0
DA:152,0
DA:153,0
DA:161,0
DA:163,0
DA:164,0
DA:165,0
DA:168,0
DA:179,0
DA:181,0
DA:187,0
DA:188,0
DA:189,0
DA:192,0
DA:193,0
DA:197,0
DA:200,0
DA:201,0
DA:202,0
DA:203,0
DA:204,0
DA:207,0
DA:215,0
DA:217,0
DA:218,0
DA:228,0
DA:232,0
DA:235,0
DA:237,0
DA:238,0
DA:240,0
DA:241,0
DA:249,0
DA:251,0
DA:253,0
DA:264,0
DA:266,0
DA:273,0
DA:278,0
DA:284,0
DA:295,0
DA:298,0
DA:305,0
DA:307,0
DA:309,0
DA:310,0
DA:313,0
DA:314,0
DA:315,0
DA:318,0
DA:331,0
DA:333,0
DA:334,0
DA:337,0
DA:342,0
DA:350,0
DA:351,0
DA:352,0
DA:355,0
DA:356,0
DA:360,0
DA:361,0
DA:364,0
DA:372,0
DA:375,0
DA:382,0
DA:384,0
DA:397,0
DA:399,0
DA:401,0
DA:402,0
DA:405,0
DA:408,0
DA:409,0
DA:411,0
DA:413,0
DA:415,0
DA:416,0
DA:424,0
DA:425,0
DA:428,0
DA:432,0
DA:433,0
DA:435,0
DA:439,0
DA:441,0
DA:447,0
DA:448,0
DA:451,0
DA:456,0
DA:457,0
DA:458,0
DA:460,0
DA:468,0
DA:471,0
DA:472,0
DA:474,0
DA:475,0
DA:476,0
DA:480,0
DA:481,0
DA:482,0
DA:484,0
DA:485,0
DA:490,1
LF:154
LH:7
BRDA:27,0,0,0
BRDA:27,0,1,0
BRDA:38,1,0,0
BRDA:38,1,1,0
BRDA:38,2,0,0
BRDA:38,2,1,0
BRDA:38,2,2,0
BRDA:38,2,3,0
BRDA:38,2,4,0
BRDA:44,3,0,0
BRDA:44,3,1,0
BRDA:44,3,2,0
BRDA:44,3,3,0
BRDA:44,3,4,0
BRDA:44,3,5,0
BRDA:44,3,6,0
BRDA:44,3,7,0
BRDA:44,3,8,0
BRDA:44,3,9,0
BRDA:114,4,0,0
BRDA:114,4,1,0
BRDA:135,5,0,0
BRDA:135,5,1,0
BRDA:164,6,0,0
BRDA:164,6,1,0
BRDA:181,7,0,0
BRDA:181,7,1,0
BRDA:188,8,0,0
BRDA:188,8,1,0
BRDA:203,9,0,0
BRDA:203,9,1,0
BRDA:307,10,0,0
BRDA:307,10,1,0
BRDA:314,11,0,0
BRDA:314,11,1,0
BRDA:360,12,0,0
BRDA:360,12,1,0
BRDA:401,13,0,0
BRDA:401,13,1,0
BRDA:436,14,0,0
BRDA:436,14,1,0
BRDA:484,15,0,0
BRDA:484,15,1,0
BRF:43
BRH:0
end_of_record
TN:
SF:/Users/emil/Documents/Laosdirg/Apps/cornerstoneTools/src/imageTools/touchTool.js
FN:10,deactivateAllHandles
FN:11,(anonymous_1)
FN:18,deactivateAllToolInstances
FN:35,touchTool
FN:37,addNewMeasurement
FN:70,(anonymous_5)
FN:85,touchDownActivateCallback
FN:99,tapCallback
FN:111,doneMovingCallback
FN:175,touchStartCallback
FN:184,doneMovingCallback
FN:263,disable
FN:281,enable
FN:301,activate
FN:328,onImageRendered
FN:333,deactivate
FNF:16
FNH:1
FNDA:0,deactivateAllHandles
FNDA:0,(anonymous_1)
FNDA:0,deactivateAllToolInstances
FNDA:10,touchTool
FNDA:0,addNewMeasurement
FNDA:0,(anonymous_5)
FNDA:0,touchDownActivateCallback
FNDA:0,tapCallback
FNDA:0,doneMovingCallback
FNDA:0,touchStartCallback
FNDA:0,doneMovingCallback
FNDA:0,disable
FNDA:0,enable
FNDA:0,activate
FNDA:0,onImageRendered
FNDA:0,deactivate
DA:11,0
DA:12,0
DA:14,0
DA:19,0
DA:20,0
DA:23,0
DA:24,0
DA:26,0
DA:27,0
DA:28,0
DA:31,0
DA:39,0
DA:40,0
DA:42,0
DA:44,0
DA:45,0
DA:48,0
DA:50,0
DA:51,0
DA:52,0
DA:53,0
DA:54,0
DA:55,0
DA:57,0
DA:60,0
DA:62,0
DA:65,0
DA:66,0
DA:67,0
DA:69,0
DA:70,0
DA:71,0
DA:72,0
DA:73,0
DA:75,0
DA:78,0
DA:79,0
DA:80,0
DA:81,0
DA:87,0
DA:88,0
DA:90,0
DA:93,0
DA:94,0
DA:101,0
DA:102,0
DA:103,0
DA:104,0
DA:109,0
DA:113,0
DA:114,0
DA:116,0
DA:119,0
DA:120,0
DA:121,0
DA:125,0
DA:126,0
DA:127,0
DA:128,0
DA:129,0
DA:131,0
DA:132,0
DA:133,0
DA:134,0
DA:135,0
DA:136,0
DA:137,0
DA:138,0
DA:139,0
DA:141,0
DA:147,0
DA:148,0
DA:149,0
DA:150,0
DA:151,0
DA:152,0
DA:153,0
DA:154,0
DA:155,0
DA:156,0
DA:157,0
DA:159,0
DA:166,0
DA:167,0
DA:169,0
DA:172,0
DA:177,0
DA:178,0
DA:179,0
DA:181,0
DA:186,0
DA:187,0
DA:188,0
DA:190,0
DA:193,0
DA:194,0
DA:195,0
DA:197,0
DA:198,0
DA:201,0
DA:202,0
DA:210,0
DA:212,0
DA:213,0
DA:216,0
DA:217,0
DA:219,0
DA:221,0
DA:222,0
DA:223,0
DA:224,0
DA:225,0
DA:228,0
DA:229,0
DA:230,0
DA:231,0
DA:233,0
DA:238,0
DA:239,0
DA:242,0
DA:243,0
DA:245,0
DA:246,0
DA:247,0
DA:248,0
DA:249,0
DA:252,0
DA:253,0
DA:254,0
DA:256,0
DA:264,0
DA:265,0
DA:266,0
DA:267,0
DA:269,0
DA:270,0
DA:273,0
DA:274,0
DA:277,0
DA:282,0
DA:283,0
DA:284,0
DA:285,0
DA:287,0
DA:289,0
DA:290,0
DA:293,0
DA:294,0
DA:297,0
DA:302,0
DA:303,0
DA:304,0
DA:305,0
DA:307,0
DA:308,0
DA:309,0
DA:310,0
DA:312,0
DA:313,0
DA:314,0
DA:317,0
DA:318,0
DA:319,0
DA:322,0
DA:329,0
DA:334,0
DA:335,0
DA:340,0
DA:342,0
DA:343,0
DA:344,0
DA:345,0
DA:347,0
DA:348,0
DA:350,0
DA:351,0
DA:354,0
DA:355,0
DA:358,0
DA:361,10
DA:372,10
DA:373,10
DA:376,10
DA:377,0
DA:380,10
DA:381,3
DA:384,10
DA:385,3
DA:388,10
LF:189
LH:9
BRDA:19,0,0,0
BRDA:19,0,1,0
BRDA:27,1,0,0
BRDA:27,1,1,0
BRDA:44,2,0,0
BRDA:44,2,1,0
BRDA:50,3,0,0
BRDA:50,3,1,0
BRDA:50,4,0,0
BRDA:50,4,1,0
BRDA:55,5,0,0
BRDA:55,5,1,0
BRDA:65,6,0,0
BRDA:65,6,1,0
BRDA:66,7,0,0
BRDA:66,7,1,0
BRDA:67,8,0,0
BRDA:67,8,1,0
BRDA:73,9,0,0
BRDA:73,9,1,0
BRDA:78,10,0,0
BRDA:78,10,1,0
BRDA:79,11,0,0
BRDA:79,11,1,0
BRDA:80,12,0,0
BRDA:80,12,1,0
BRDA:87,13,0,0
BRDA:87,13,1,0
BRDA:114,14,0,0
BRDA:114,14,1,0
BRDA:120,15,0,0
BRDA:120,15,1,0
BRDA:121,16,0,0
BRDA:121,16,1,0
BRDA:125,17,0,0
BRDA:125,17,1,0
BRDA:131,18,0,0
BRDA:131,18,1,0
BRDA:132,19,0,0
BRDA:132,19,1,0
BRDA:133,20,0,0
BRDA:133,20,1,0
BRDA:147,21,0,0
BRDA:147,21,1,0
BRDA:147,22,0,0
BRDA:147,22,1,0
BRDA:150,23,0,0
BRDA:150,23,1,0
BRDA:151,24,0,0
BRDA:151,24,1,0
BRDA:152,25,0,0
BRDA:152,25,1,0
BRDA:166,26,0,0
BRDA:166,26,1,0
BRDA:188,27,0,0
BRDA:188,27,1,0
BRDA:194,28,0,0
BRDA:194,28,1,0
BRDA:195,29,0,0
BRDA:195,29,1,0
BRDA:197,30,0,0
BRDA:197,30,1,0
BRDA:201,31,0,0
BRDA:201,31,1,0
BRDA:201,32,0,0
BRDA:201,32,1,0
BRDA:212,33,0,0
BRDA:212,33,1,0
BRDA:221,34,0,0
BRDA:221,34,1,0
BRDA:222,35,0,0
BRDA:222,35,1,0
BRDA:223,36,0,0
BRDA:223,36,1,0
BRDA:224,37,0,0
BRDA:224,37,1,0
BRDA:238,38,0,0
BRDA:238,38,1,0
BRDA:245,39,0,0
BRDA:245,39,1,0
BRDA:246,40,0,0
BRDA:246,40,1,0
BRDA:247,41,0,0
BRDA:247,41,1,0
BRDA:248,42,0,0
BRDA:248,42,1,0
BRDA:265,43,0,0
BRDA:265,43,1,0
BRDA:266,44,0,0
BRDA:266,44,1,0
BRDA:267,45,0,0
BRDA:267,45,1,0
BRDA:269,46,0,0
BRDA:269,46,1,0
BRDA:273,47,0,0
BRDA:273,47,1,0
BRDA:283,48,0,0
BRDA:283,48,1,0
BRDA:284,49,0,0
BRDA:284,49,1,0
BRDA:285,50,0,0
BRDA:285,50,1,0
BRDA:289,51,0,0
BRDA:289,51,1,0
BRDA:293,52,0,0
BRDA:293,52,1,0
BRDA:303,53,0,0
BRDA:303,53,1,0
BRDA:304,54,0,0
BRDA:304,54,1,0
BRDA:305,55,0,0
BRDA:305,55,1,0
BRDA:308,56,0,0
BRDA:308,56,1,0
BRDA:309,57,0,0
BRDA:309,57,1,0
BRDA:310,58,0,0
BRDA:310,58,1,0
BRDA:312,59,0,0
BRDA:312,59,1,0
BRDA:317,60,0,0
BRDA:317,60,1,0
BRDA:343,61,0,0
BRDA:343,61,1,0
BRDA:344,62,0,0
BRDA:344,62,1,0
BRDA:345,63,0,0
BRDA:345,63,1,0
BRDA:348,64,0,0
BRDA:348,64,1,0
BRDA:350,65,0,0
BRDA:350,65,1,0
BRDA:354,66,0,0
BRDA:354,66,1,0
BRDA:366,67,0,10
BRDA:366,67,1,10
BRDA:367,68,0,10
BRDA:367,68,1,10
BRDA:368,69,0,10
BRDA:368,69,1,10
BRDA:372,70,0,10
BRDA:372,70,1,0
BRDA:376,71,0,0
BRDA:376,71,1,10
BRDA:380,72,0,3
BRDA:380,72,1,7
BRDA:384,73,0,3
BRDA:384,73,1,7
BRF:148
BRH:12
end_of_record
TN:
SF:/Users/emil/Documents/Laosdirg/Apps/cornerstoneTools/src/imageTools/angleTool.js
FN:15,createNewMeasurement
FN:52,pointNearTool
FN:75,onImageRendered
FNF:3
FNH:0
FNDA:0,createNewMeasurement
FNDA:0,pointNearTool
FNDA:0,onImageRendered
DA:12,1
DA:17,0
DA:48,0
DA:53,0
DA:55,0
DA:60,0
DA:62,0
DA:63,0
DA:66,0
DA:67,0
DA:69,0
DA:71,0
DA:78,0
DA:80,0
DA:81,0
DA:85,0
DA:87,0
DA:91,0
DA:92,0
DA:93,0
DA:94,0
DA:96,0
DA:97,0
DA:100,0
DA:101,0
DA:102,0
DA:103,0
DA:106,0
DA:109,0
DA:110,0
DA:112,0
DA:116,0
DA:117,0
DA:118,0
DA:120,0
DA:121,0
DA:123,0
DA:124,0
DA:126,0
DA:127,0
DA:129,0
DA:130,0
DA:131,0
DA:134,0
DA:137,0
DA:141,0
DA:142,0
DA:143,0
DA:144,0
DA:146,0
DA:148,0
DA:150,0
DA:151,0
DA:152,0
DA:154,0
DA:155,0
DA:157,0
DA:158,0
DA:159,0
DA:165,1
DA:172,1
LF:61
LH:3
BRDA:62,0,0,0
BRDA:62,0,1,0
BRDA:80,1,0,0
BRDA:80,1,1,0
BRDA:100,2,0,0
BRDA:100,2,1,0
BRDA:100,3,0,0
BRDA:100,3,1,0
BRDA:101,4,0,0
BRDA:101,4,1,0
BRDA:102,5,0,0
BRDA:102,5,1,0
BRDA:103,6,0,0
BRDA:103,6,1,0
BRDA:109,7,0,0
BRDA:109,7,1,0
BRF:16
BRH:0
end_of_record
TN:
SF:/Users/emil/Documents/Laosdirg/Apps/cornerstoneTools/src/imageTools/arrowAnnotate.js
FN:22,getTextCallback
FN:26,changeTextCallback
FN:41,addNewMeasurement
FN:49,doneChangingTextCallback
FN:76,(anonymous_4)
FN:92,createNewMeasurement
FN:125,pointNearTool
FN:140,onImageRendered
FN:300,addNewMeasurementTouch
FN:305,doneChangingTextCallback
FN:326,(anonymous_10)
FN:342,doubleClickCallback
FN:347,doneChangingTextCallback
FN:388,pressCallback
FN:393,doneChangingTextCallback
FNF:15
FNH:0
FNDA:0,getTextCallback
FNDA:0,changeTextCallback
FNDA:0,addNewMeasurement
FNDA:0,doneChangingTextCallback
FNDA:0,(anonymous_4)
FNDA:0,createNewMeasurement
FNDA:0,pointNearTool
FNDA:0,onImageRendered
FNDA:0,addNewMeasurementTouch
FNDA:0,doneChangingTextCallback
FNDA:0,(anonymous_10)
FNDA:0,doubleClickCallback
FNDA:0,doneChangingTextCallback
FNDA:0,pressCallback
FNDA:0,doneChangingTextCallback
DA:18,1
DA:23,0
DA:27,0
DA:30,1
DA:42,0
DA:43,0
DA:45,0
DA:50,0
DA:51,0
DA:53,0
DA:56,0
DA:57,0
DA:59,0
DA:60,0
DA:61,0
DA:62,0
DA:66,0
DA:70,0
DA:71,0
DA:72,0
DA:73,0
DA:75,0
DA:76,0
DA:77,0
DA:79,0
DA:82,0
DA:84,0
DA:85,0
DA:88,0
DA:94,0
DA:121,0
DA:126,0
DA:128,0
DA:133,0
DA:136,0
DA:142,0
DA:144,0
DA:145,0
DA:148,0
DA:149,0
DA:152,0
DA:154,0
DA:157,0
DA:158,0
DA:159,0
DA:161,0
DA:162,0
DA:164,0
DA:165,0
DA:166,0
DA:167,0
DA:170,0
DA:172,0
DA:173,0
DA:175,0
DA:179,0
DA:180,0
DA:183,0
DA:184,0
DA:186,0
DA:189,0
DA:193,0
DA:194,0
DA:198,0
DA:199,0
DA:202,0
DA:203,0
DA:205,0
DA:207,0
DA:208,0
DA:213,0
DA:214,0
DA:215,0
DA:222,0
DA:228,0
DA:230,0
DA:232,0
DA:234,0
DA:235,0
DA:238,0
DA:240,0
DA:242,0
DA:244,0
DA:246,0
DA:251,0
DA:256,0
DA:258,0
DA:259,0
DA:261,0
DA:263,0
DA:282,0
DA:284,0
DA:285,0
DA:286,0
DA:287,0
DA:288,0
DA:289,0
DA:290,0
DA:294,0
DA:301,0
DA:302,0
DA:303,0
DA:306,0
DA:307,0
DA:309,0
DA:312,0
DA:313,0
DA:315,0
DA:316,0
DA:317,0
DA:320,0
DA:321,0
DA:322,0
DA:323,0
DA:324,0
DA:326,0
DA:327,0
DA:329,0
DA:331,0
DA:334,0
DA:336,0
DA:337,0
DA:343,0
DA:344,0
DA:348,0
DA:349,0
DA:351,0
DA:354,0
DA:355,0
DA:358,0
DA:359,0
DA:362,0
DA:364,0
DA:365,0
DA:368,0
DA:369,0
DA:372,0
DA:373,0
DA:374,0
DA:376,0
DA:377,0
DA:379,0
DA:381,0
DA:383,0
DA:389,0
DA:390,0
DA:394,0
DA:395,0
DA:396,0
DA:398,0
DA:401,0
DA:402,0
DA:404,0
DA:405,0
DA:406,0
DA:409,0
DA:410,0
DA:413,0
DA:415,0
DA:416,0
DA:419,0
DA:420,0
DA:423,0
DA:424,0
DA:425,0
DA:426,0
DA:429,0
DA:431,0
DA:433,0
DA:436,0
DA:437,0
DA:438,0
DA:440,0
DA:441,0
DA:443,0
DA:444,0
DA:445,0
DA:448,0
DA:450,0
DA:452,0
DA:456,0
DA:459,1
DA:468,1
DA:470,1
LF:184
LH:5
BRDA:50,0,0,0
BRDA:50,0,1,0
BRDA:77,1,0,0
BRDA:77,1,1,0
BRDA:84,2,0,0
BRDA:84,2,1,0
BRDA:144,3,0,0
BRDA:144,3,1,0
BRDA:164,4,0,0
BRDA:164,4,1,0
BRDA:164,5,0,0
BRDA:164,5,1,0
BRDA:165,6,0,0
BRDA:165,6,1,0
BRDA:166,7,0,0
BRDA:166,7,1,0
BRDA:167,8,0,0
BRDA:167,8,1,0
BRDA:172,9,0,0
BRDA:172,9,1,0
BRDA:183,10,0,0
BRDA:183,10,1,0
BRDA:190,11,0,0
BRDA:190,11,1,0
BRDA:193,12,0,0
BRDA:193,12,1,0
BRDA:198,13,0,0
BRDA:198,13,1,0
BRDA:198,14,0,0
BRDA:198,14,1,0
BRDA:207,15,0,0
BRDA:207,15,1,0
BRDA:213,16,0,0
BRDA:213,16,1,0
BRDA:214,17,0,0
BRDA:214,17,1,0
BRDA:244,18,0,0
BRDA:244,18,1,0
BRDA:306,19,0,0
BRDA:306,19,1,0
BRDA:329,20,0,0
BRDA:329,20,1,0
BRDA:336,21,0,0
BRDA:336,21,1,0
BRDA:348,22,0,0
BRDA:348,22,1,0
BRDA:358,23,0,0
BRDA:358,23,1,0
BRDA:358,24,0,0
BRDA:358,24,1,0
BRDA:358,24,2,0
BRDA:368,25,0,0
BRDA:368,25,1,0
BRDA:374,26,0,0
BRDA:374,26,1,0
BRDA:374,27,0,0
BRDA:374,27,1,0
BRDA:395,28,0,0
BRDA:395,28,1,0
BRDA:409,29,0,0
BRDA:409,29,1,0
BRDA:409,30,0,0
BRDA:409,30,1,0
BRDA:409,30,2,0
BRDA:419,31,0,0
BRDA:419,31,1,0
BRDA:423,32,0,0
BRDA:423,32,1,0
BRDA:438,33,0,0
BRDA:438,33,1,0
BRDA:438,34,0,0
BRDA:438,34,1,0
BRF:72
BRH:0
end_of_record
TN:
SF:/Users/emil/Documents/Laosdirg/Apps/cornerstoneTools/src/imageTools/crosshairs.js
FN:9,chooseLocation
FN:37,(anonymous_1)
FN:55,(anonymous_2)
FN:92,(anonymous_3)
FN:100,(anonymous_4)
FN:111,mouseUpCallback
FN:116,mouseDownCallback
FN:126,mouseDragCallback
FN:132,enable
FN:150,disable
FN:162,dragEndCallback
FN:167,dragStartCallback
FN:175,dragCallback
FN:181,enableTouch
FN:195,disableTouch
FNF:15
FNH:0
FNDA:0,chooseLocation
FNDA:0,(anonymous_1)
FNDA:0,(anonymous_2)
FNDA:0,(anonymous_3)
FNDA:0,(anonymous_4)
FNDA:0,mouseUpCallback
FNDA:0,mouseDownCallback
FNDA:0,mouseDragCallback
FNDA:0,enable
FNDA:0,disable
FNDA:0,dragEndCallback
FNDA:0,dragStartCallback
FNDA:0,dragCallback
FNDA:0,enableTouch
FNDA:0,disableTouch
DA:7,1
DA:10,0
DA:13,0
DA:15,0
DA:16,0
DA:20,0
DA:21,0
DA:22,0
DA:23,0
DA:24,0
DA:27,0
DA:30,0
DA:33,0
DA:34,0
DA:37,0
DA:39,0
DA:40,0
DA:43,0
DA:44,0
DA:46,0
DA:48,0
DA:49,0
DA:52,0
DA:55,0
DA:56,0
DA:57,0
DA:58,0
DA:59,0
DA:60,0
DA:61,0
DA:64,0
DA:65,0
DA:66,0
DA:70,0
DA:71,0
DA:75,0
DA:76,0
DA:77,0
DA:78,0
DA:80,0
DA:81,0
DA:86,0
DA:87,0
DA:89,0
DA:92,0
DA:93,0
DA:95,0
DA:96,0
DA:97,0
DA:98,0
DA:101,0
DA:103,0
DA:104,0
DA:112,0
DA:113,0
DA:117,0
DA:118,0
DA:119,0
DA:120,0
DA:122,0
DA:127,0
DA:129,0
DA:133,0
DA:138,0
DA:140,0
DA:144,0
DA:146,0
DA:151,0
DA:155,1
DA:163,0
DA:164,0
DA:168,0
DA:169,0
DA:170,0
DA:172,0
DA:176,0
DA:178,0
DA:183,0
DA:185,0
DA:189,0
DA:191,0
DA:196,0
DA:199,1
LF:83
LH:3
BRDA:15,0,0,0
BRDA:15,0,1,0
BRDA:39,1,0,0
BRDA:39,1,1,0
BRDA:48,2,0,0
BRDA:48,2,1,0
BRDA:64,3,0,0
BRDA:64,3,1,0
BRDA:70,4,0,0
BRDA:70,4,1,0
BRDA:75,5,0,0
BRDA:75,5,1,0
BRDA:75,6,0,0
BRDA:75,6,1,0
BRDA:80,7,0,0
BRDA:80,7,1,0
BRDA:86,8,0,0
BRDA:86,8,1,0
BRDA:97,9,0,0
BRDA:97,9,1,0
BRDA:103,10,0,0
BRDA:103,10,1,0
BRDA:117,11,0,0
BRDA:117,11,1,0
BRF:24
BRH:0
end_of_record
TN:
SF:/Users/emil/Documents/Laosdirg/Apps/cornerstoneTools/src/imageTools/doubleTapTool.js
FN:3,(anonymous_0)
FNF:1
FNH:1
FNDA:1,(anonymous_0)
DA:4,1
DA:6,0
DA:7,0
DA:9,0
DA:12,0
DA:15,0
DA:18,0
LF:7
LH:1
BRF:0
BRH:0
end_of_record
TN:
SF:/Users/emil/Documents/Laosdirg/Apps/cornerstoneTools/src/imageTools/doubleTapZoom.js
FN:4,fitToWindowStrategy
FN:8,doubleTapCallback
FNF:2
FNH:0
FNDA:0,fitToWindowStrategy
FNDA:0,doubleTapCallback
DA:5,0
DA:9,0
DA:11,0
DA:14,1
DA:16,1
DA:20,1
LF:6
LH:3
BRF:0
BRH:0
end_of_record
TN:
SF:/Users/emil/Documents/Laosdirg/Apps/cornerstoneTools/src/imageTools/dragProbe.js
FN:13,defaultStrategy
FN:79,minimalStrategy
FN:182,mouseUpCallback
FN:192,mouseDownCallback
FN:206,imageRenderedCallback
FN:216,dragCallback
FNF:6
FNH:0
FNDA:0,defaultStrategy
FNDA:0,minimalStrategy
FNDA:0,mouseUpCallback
FNDA:0,mouseDownCallback
FNDA:0,imageRenderedCallback
FNDA:0,dragCallback
DA:14,0
DA:15,0
DA:17,0
DA:19,0
DA:21,0
DA:22,0
DA:23,0
DA:24,0
DA:26,0
DA:28,0
DA:29,0
DA:30,0
DA:31,0
DA:34,0
DA:35,0
DA:41,0
DA:42,0
DA:45,0
DA:46,0
DA:47,0
DA:48,0
DA:50,0
DA:51,0
DA:52,0
DA:53,0
DA:56,0
DA:57,0
DA:58,0
DA:59,0
DA:64,0
DA:69,0
DA:71,0
DA:72,0
DA:74,0
DA:75,0
DA:76,0
DA:80,0
DA:81,0
DA:82,0
DA:83,0
DA:85,0
DA:87,0
DA:89,0
DA:90,0
DA:91,0
DA:93,0
DA:95,0
DA:96,0
DA:97,0
DA:98,0
DA:101,0
DA:104,0
DA:105,0
DA:110,0
DA:111,0
DA:114,0
DA:119,0
DA:121,0
DA:123,0
DA:126,0
DA:127,0
DA:128,0
DA:130,0
DA:131,0
DA:132,0
DA:134,0
DA:136,0
DA:137,0
DA:138,0
DA:139,0
DA:140,0
DA:142,0
DA:143,0
DA:146,0
DA:151,0
DA:153,0
DA:154,0
DA:158,0
DA:159,0
DA:161,0
DA:162,0
DA:167,0
DA:173,0
DA:174,0
DA:175,0
DA:176,0
DA:178,0
DA:179,0
DA:183,0
DA:185,0
DA:186,0
DA:187,0
DA:188,0
DA:189,0
DA:193,0
DA:195,0
DA:196,0
DA:197,0
DA:198,0
DA:199,0
DA:200,0
DA:202,0
DA:207,0
DA:208,0
DA:209,0
DA:217,0
DA:219,0
DA:220,0
DA:222,0
DA:225,1
DA:227,1
DA:232,1
DA:234,1
DA:238,1
LF:114
LH:5
BRDA:28,0,0,0
BRDA:28,0,1,0
BRDA:28,1,0,0
BRDA:28,1,1,0
BRDA:29,2,0,0
BRDA:29,2,1,0
BRDA:30,3,0,0
BRDA:30,3,1,0
BRDA:31,4,0,0
BRDA:31,4,1,0
BRDA:41,5,0,0
BRDA:41,5,1,0
BRDA:41,6,0,0
BRDA:41,6,1,0
BRDA:41,6,2,0
BRDA:41,6,3,0
BRDA:45,7,0,0
BRDA:45,7,1,0
BRDA:58,8,0,0
BRDA:58,8,1,0
BRDA:95,9,0,0
BRDA:95,9,1,0
BRDA:95,10,0,0
BRDA:95,10,1,0
BRDA:96,11,0,0
BRDA:96,11,1,0
BRDA:97,12,0,0
BRDA:97,12,1,0
BRDA:98,13,0,0
BRDA:98,13,1,0
BRDA:104,14,0,0
BRDA:104,14,1,0
BRDA:110,15,0,0
BRDA:110,15,1,0
BRDA:121,16,0,0
BRDA:121,16,1,0
BRDA:121,17,0,0
BRDA:121,17,1,0
BRDA:121,17,2,0
BRDA:121,17,3,0
BRDA:126,18,0,0
BRDA:126,18,1,0
BRDA:136,19,0,0
BRDA:136,19,1,0
BRDA:138,20,0,0
BRDA:138,20,1,0
BRDA:142,21,0,0
BRDA:142,21,1,0
BRDA:161,22,0,0
BRDA:161,22,1,0
BRDA:195,23,0,0
BRDA:195,23,1,0
BRDA:207,24,0,0
BRDA:207,24,1,0
BRF:54
BRH:0
end_of_record
TN:
SF:/Users/emil/Documents/Laosdirg/Apps/cornerstoneTools/src/imageTools/ellipticalRoi.js
FN:17,createNewMeasurement
FN:52,pointNearEllipse
FN:81,pointNearTool
FN:85,pointNearToolTouch
FN:89,numberWithCommas
FN:98,onImageRendered
FNF:6
FNH:0
FNDA:0,createNewMeasurement
FNDA:0,pointNearEllipse
FNDA:0,pointNearTool
FNDA:0,pointNearToolTouch
FNDA:0,numberWithCommas
FNDA:0,onImageRendered
DA:14,1
DA:19,0
DA:47,0
DA:53,0
DA:54,0
DA:55,0
DA:57,0
DA:64,0
DA:71,0
DA:72,0
DA:74,0
DA:75,0
DA:78,0
DA:82,0
DA:86,0
DA:91,0
DA:93,0
DA:95,0
DA:100,0
DA:102,0
DA:103,0
DA:106,0
DA:107,0
DA:108,0
DA:109,0
DA:110,0
DA:111,0
DA:112,0
DA:115,0
DA:116,0
DA:119,0
DA:122,0
DA:123,0
DA:125,0
DA:128,0
DA:129,0
DA:130,0
DA:131,0
DA:135,0
DA:138,0
DA:139,0
DA:143,0
DA:144,0
DA:145,0
DA:146,0
DA:149,0
DA:150,0
DA:151,0
DA:152,0
DA:153,0
DA:157,0
DA:159,0
DA:160,0
DA:164,0
DA:168,0
DA:172,0
DA:183,0
DA:185,0
DA:186,0
DA:187,0
DA:192,0
DA:201,0
DA:203,0
DA:206,0
DA:208,0
DA:216,0
DA:223,0
DA:224,0
DA:225,0
DA:231,0
DA:232,0
DA:235,0
DA:238,0
DA:239,0
DA:243,0
DA:247,0
DA:250,0
DA:252,0
DA:254,0
DA:255,0
DA:259,0
DA:261,0
DA:264,0
DA:265,0
DA:267,0
DA:268,0
DA:272,0
DA:273,0
DA:277,0
DA:281,0
DA:283,0
DA:284,0
DA:288,0
DA:291,0
DA:296,0
DA:299,0
DA:300,0
DA:304,0
DA:307,0
DA:315,0
DA:319,0
DA:324,0
DA:329,0
DA:338,0
DA:358,0
DA:361,0
DA:381,0
DA:384,0
DA:385,0
DA:386,0
DA:387,0
DA:388,0
DA:389,0
DA:390,0
DA:393,0
DA:399,1
DA:406,1
LF:117
LH:3
BRDA:74,0,0,0
BRDA:74,0,1,0
BRDA:74,1,0,0
BRDA:74,1,1,0
BRDA:102,2,0,0
BRDA:102,2,1,0
BRDA:115,3,0,0
BRDA:115,3,1,0
BRDA:128,4,0,0
BRDA:128,4,1,0
BRDA:128,5,0,0
BRDA:128,5,1,0
BRDA:129,6,0,0
BRDA:129,6,1,0
BRDA:130,7,0,0
BRDA:130,7,1,0
BRDA:131,8,0,0
BRDA:131,8,1,0
BRDA:157,9,0,0
BRDA:157,9,1,0
BRDA:157,10,0,0
BRDA:157,10,1,0
BRDA:159,11,0,0
BRDA:159,11,1,0
BRDA:183,12,0,0
BRDA:183,12,1,0
BRDA:201,13,0,0
BRDA:201,13,1,0
BRDA:208,14,0,0
BRDA:208,14,1,0
BRDA:223,15,0,0
BRDA:223,15,1,0
BRDA:223,16,0,0
BRDA:223,16,1,0
BRDA:231,17,0,0
BRDA:231,17,1,0
BRDA:232,18,0,0
BRDA:232,18,1,0
BRDA:238,19,0,0
BRDA:238,19,1,0
BRDA:250,20,0,0
BRDA:250,20,1,0
BRDA:250,21,0,0
BRDA:250,21,1,0
BRDA:254,22,0,0
BRDA:254,22,1,0
BRDA:264,23,0,0
BRDA:264,23,1,0
BRDA:264,24,0,0
BRDA:264,24,1,0
BRDA:277,25,0,0
BRDA:277,25,1,0
BRDA:283,26,0,0
BRDA:283,26,1,0
BRDA:283,27,0,0
BRDA:283,27,1,0
BRDA:296,28,0,0
BRDA:296,28,1,0
BRDA:324,29,0,0
BRDA:324,29,1,0
BRF:60
BRH:0
end_of_record
TN:
SF:/Users/emil/Documents/Laosdirg/Apps/cornerstoneTools/src/imageTools/freehand.js
FN:25,addPoint
FN:65,pointNearHandle
FN:91,pointNearHandleAllTools
FN:118,mouseUpCallback
FN:137,mouseMoveCallback
FN:194,startDrawing
FN:216,endDrawing
FN:252,mouseDownCallback
FN:303,onImageRendered
FN:386,enable
FN:397,disable
FN:406,activate
FN:423,deactivate
FN:434,getConfiguration
FN:438,setConfiguration
FNF:15
FNH:0
FNDA:0,addPoint
FNDA:0,pointNearHandle
FNDA:0,pointNearHandleAllTools
FNDA:0,mouseUpCallback
FNDA:0,mouseMoveCallback
FNDA:0,startDrawing
FNDA:0,endDrawing
FNDA:0,mouseDownCallback
FNDA:0,onImageRendered
FNDA:0,enable
FNDA:0,disable
FNDA:0,activate
FNDA:0,deactivate
FNDA:0,getConfiguration
FNDA:0,setConfiguration
DA:8,1
DA:9,1
DA:26,0
DA:28,0
DA:29,0
DA:32,0
DA:36,0
DA:38,0
DA:47,0
DA:49,0
DA:53,0
DA:56,0
DA:59,0
DA:62,0
DA:66,0
DA:68,0
DA:69,0
DA:72,0
DA:74,0
DA:75,0
DA:78,0
DA:80,0
DA:81,0
DA:83,0
DA:84,0
DA:88,0
DA:92,0
DA:94,0
DA:95,0
DA:100,0
DA:101,0
DA:102,0
DA:103,0
DA:119,0
DA:122,0
DA:124,0
DA:125,0
DA:128,0
DA:130,0
DA:131,0
DA:134,0
DA:138,0
DA:140,0
DA:141,0
DA:144,0
DA:146,0
DA:149,0
DA:151,0
DA:152,0
DA:154,0
DA:156,0
DA:157,0
DA:159,0
DA:161,0
DA:163,0
DA:164,0
DA:165,0
DA:166,0
DA:167,0
DA:168,0
DA:169,0
DA:171,0
DA:172,0
DA:176,0
DA:177,0
DA:180,0
DA:184,0
DA:185,0
DA:186,0
DA:191,0
DA:195,0
DA:196,0
DA:198,0
DA:204,0
DA:206,0
DA:207,0
DA:209,0
DA:211,0
DA:213,0
DA:217,0
DA:219,0
DA:220,0
DA:223,0
DA:225,0
DA:227,0
DA:228,0
DA:231,0
DA:233,0
DA:239,0
DA:240,0
DA:244,0
DA:245,0
DA:247,0
DA:249,0
DA:253,0
DA:254,0
DA:258,0
DA:259,0
DA:261,0
DA:262,0
DA:264,0
DA:267,0
DA:268,0
DA:270,0
DA:271,0
DA:272,0
DA:274,0
DA:275,0
DA:276,0
DA:277,0
DA:278,0
DA:279,0
DA:282,0
DA:283,0
DA:285,0
DA:286,0
DA:287,0
DA:288,0
DA:289,0
DA:290,0
DA:292,0
DA:296,0
DA:304,0
DA:307,0
DA:309,0
DA:310,0
DA:313,0
DA:314,0
DA:317,0
DA:319,0
DA:322,0
DA:323,0
DA:325,0
DA:326,0
DA:328,0
DA:330,0
DA:331,0
DA:332,0
DA:334,0
DA:335,0
DA:340,0
DA:341,0
DA:343,0
DA:344,0
DA:346,0
DA:347,0
DA:348,0
DA:349,0
DA:351,0
DA:352,0
DA:354,0
DA:355,0
DA:358,0
DA:360,0
DA:361,0
DA:364,0
DA:365,0
DA:372,0
DA:376,0
DA:377,0
DA:380,0
DA:382,0
DA:387,0
DA:388,0
DA:389,0
DA:390,0
DA:392,0
DA:393,0
DA:398,0
DA:399,0
DA:400,0
DA:401,0
DA:402,0
DA:407,0
DA:411,0
DA:412,0
DA:413,0
DA:414,0
DA:416,0
DA:417,0
DA:419,0
DA:424,0
DA:425,0
DA:426,0
DA:427,0
DA:429,0
DA:431,0
DA:435,0
DA:439,0
DA:443,1
LF:190
LH:3
BRDA:28,0,0,0
BRDA:28,0,1,0
BRDA:47,1,0,0
BRDA:47,1,1,0
BRDA:68,2,0,0
BRDA:68,2,1,0
BRDA:74,3,0,0
BRDA:74,3,1,0
BRDA:83,4,0,0
BRDA:83,4,1,0
BRDA:94,5,0,0
BRDA:94,5,1,0
BRDA:102,6,0,0
BRDA:102,6,1,0
BRDA:124,7,0,0
BRDA:124,7,1,0
BRDA:130,8,0,0
BRDA:130,8,1,0
BRDA:140,9,0,0
BRDA:140,9,1,0
BRDA:161,10,0,0
BRDA:161,10,1,0
BRDA:167,11,0,0
BRDA:167,11,1,0
BRDA:176,12,0,0
BRDA:176,12,1,0
BRDA:184,13,0,0
BRDA:184,13,1,0
BRDA:184,14,0,0
BRDA:184,14,1,0
BRDA:219,15,0,0
BRDA:219,15,1,0
BRDA:231,16,0,0
BRDA:231,16,1,0
[...]
DA:176,0
DA:178,0
DA:179,0
DA:182,0
DA:183,0
DA:186,0
DA:187,0
DA:188,0
DA:189,0
DA:190,0
DA:192,0
DA:193,0
DA:194,0
DA:195,0
DA:197,0
DA:199,0
DA:201,0
DA:205,0
DA:209,0
DA:210,0
DA:214,0
DA:215,0
DA:217,0
DA:220,0
DA:221,0
DA:223,0
DA:224,0
DA:225,0
DA:226,0
DA:227,0
DA:230,0
DA:232,0
DA:233,0
DA:236,0
DA:237,0
DA:240,0
DA:241,0
DA:242,0
DA:244,0
DA:245,0
DA:246,0
DA:247,0
DA:248,0
DA:251,0
DA:253,0
DA:255,0
DA:258,0
DA:259,0
DA:260,0
DA:261,0
DA:262,0
DA:264,0
DA:265,0
DA:266,0
DA:267,0
DA:268,0
DA:270,0
DA:272,0
DA:274,0
DA:278,0
DA:281,1
DA:289,1
LF:127
LH:3
BRDA:16,0,0,0
BRDA:16,0,1,0
BRDA:46,1,0,0
BRDA:46,1,1,0
BRDA:53,2,0,0
BRDA:53,2,1,0
BRDA:55,3,0,0
BRDA:55,3,1,0
BRDA:56,4,0,0
BRDA:56,4,1,0
BRDA:64,5,0,0
BRDA:64,5,1,0
BRDA:65,6,0,0
BRDA:65,6,1,0
BRDA:81,7,0,0
BRDA:81,7,1,0
BRDA:89,8,0,0
BRDA:89,8,1,0
BRDA:96,9,0,0
BRDA:96,9,1,0
BRDA:112,10,0,0
BRDA:112,10,1,0
BRDA:118,11,0,0
BRDA:118,11,1,0
BRDA:118,12,0,0
BRDA:118,12,1,0
BRDA:119,13,0,0
BRDA:119,13,1,0
BRDA:120,14,0,0
BRDA:120,14,1,0
BRDA:121,15,0,0
BRDA:121,15,1,0
BRDA:153,16,0,0
BRDA:153,16,1,0
BRDA:172,17,0,0
BRDA:172,17,1,0
BRDA:172,18,0,0
BRDA:172,18,1,0
BRDA:172,18,2,0
BRDA:182,19,0,0
BRDA:182,19,1,0
BRDA:188,20,0,0
BRDA:188,20,1,0
BRDA:214,21,0,0
BRDA:214,21,1,0
BRDA:236,22,0,0
BRDA:236,22,1,0
BRDA:240,23,0,0
BRDA:240,23,1,0
BRDA:260,24,0,0
BRDA:260,24,1,0
BRF:51
BRH:0
end_of_record
TN:
SF:/Users/emil/Documents/Laosdirg/Apps/cornerstoneTools/src/imageTools/touchPinchTool.js
FN:3,(anonymous_0)
FNF:1
FNH:1
FNDA:1,(anonymous_0)
DA:4,1
DA:6,0
DA:7,0
DA:10,0
DA:13,0
DA:16,0
DA:19,0
DA:24,1
LF:8
LH:2
BRF:0
BRH:0
end_of_record
TN:
SF:/Users/emil/Documents/Laosdirg/Apps/cornerstoneTools/src/imageTools/wwwc.js
FN:6,mouseUpCallback
FN:12,mouseDownCallback
FN:22,defaultStrategy
FN:39,mouseDragCallback
FN:46,touchDragCallback
FNF:5
FNH:0
FNDA:0,mouseUpCallback
FNDA:0,mouseDownCallback
FNDA:0,defaultStrategy
FNDA:0,mouseDragCallback
FNDA:0,touchDragCallback
DA:7,0
DA:8,0
DA:9,0
DA:13,0
DA:14,0
DA:15,0
DA:16,0
DA:18,0
DA:27,0
DA:28,0
DA:29,0
DA:30,0
DA:32,0
DA:33,0
DA:35,0
DA:36,0
DA:40,0
DA:41,0
DA:43,0
DA:47,0
DA:48,0
DA:50,0
DA:51,0
DA:52,0
DA:53,0
DA:54,0
DA:55,0
DA:57,0
DA:59,0
DA:60,0
DA:61,0
DA:62,0
DA:64,0
DA:65,0
DA:68,0
DA:69,0
DA:72,0
DA:75,1
DA:77,1
DA:81,1
DA:83,1
LF:41
LH:4
BRDA:13,0,0,0
BRDA:13,0,1,0
BRDA:59,1,0,0
BRDA:59,1,1,0
BRDA:60,2,0,0
BRDA:60,2,1,0
BRF:6
BRH:0
end_of_record
TN:
SF:/Users/emil/Documents/Laosdirg/Apps/cornerstoneTools/src/imageTools/wwwcRegion.js
FN:17,calculateMinMaxMean
FN:48,newImageCallback
FN:70,dragEndCallback
FN:99,applyWWWCRegion
FN:149,whichMovement
FN:165,mouseDownCallback
FN:178,recordStartPoint
FN:196,dragCallback
FN:214,onImageRendered
FN:270,disable
FN:285,activate
FN:322,disableTouchDrag
FN:329,activateTouchDrag
FN:349,getConfiguration
FN:353,setConfiguration
FNF:15
FNH:0
FNDA:0,calculateMinMaxMean
FNDA:0,newImageCallback
FNDA:0,dragEndCallback
FNDA:0,applyWWWCRegion
FNDA:0,whichMovement
FNDA:0,mouseDownCallback
FNDA:0,recordStartPoint
FNDA:0,dragCallback
FNDA:0,onImageRendered
FNDA:0,disable
FNDA:0,activate
FNDA:0,disableTouchDrag
FNDA:0,activateTouchDrag
FNDA:0,getConfiguration
FNDA:0,setConfiguration
DA:8,1
DA:10,1
DA:18,0
DA:20,0
DA:21,0
DA:28,0
DA:29,0
DA:30,0
DA:32,0
DA:33,0
DA:35,0
DA:36,0
DA:37,0
DA:40,0
DA:49,0
DA:50,0
DA:52,0
DA:53,0
DA:56,0
DA:57,0
DA:59,0
DA:60,0
DA:62,0
DA:66,0
DA:71,0
DA:72,0
DA:74,0
DA:75,0
DA:77,0
DA:81,0
DA:83,0
DA:85,0
DA:86,0
DA:90,0
DA:95,0
DA:100,0
DA:101,0
DA:103,0
DA:104,0
DA:107,0
DA:108,0
DA:111,0
DA:112,0
DA:114,0
DA:115,0
DA:118,0
DA:119,0
DA:120,0
DA:121,0
DA:122,0
DA:123,0
DA:126,0
DA:129,0
DA:132,0
DA:133,0
DA:135,0
DA:136,0
DA:139,0
DA:140,0
DA:141,0
DA:144,0
DA:146,0
DA:150,0
DA:152,0
DA:153,0
DA:155,0
DA:156,0
DA:158,0
DA:159,0
DA:160,0
DA:166,0
DA:167,0
DA:168,0
DA:170,0
DA:171,0
DA:173,0
DA:179,0
DA:181,0
DA:182,0
DA:185,0
DA:192,0
DA:198,0
DA:200,0
DA:201,0
DA:205,0
DA:210,0
DA:211,0
DA:215,0
DA:216,0
DA:217,0
DA:219,0
DA:220,0
DA:223,0
DA:224,0
DA:226,0
DA:227,0
DA:231,0
DA:232,0
DA:234,0
DA:237,0
DA:240,0
DA:241,0
DA:243,0
DA:244,0
DA:245,0
DA:246,0
DA:248,0
DA:249,0
DA:252,0
DA:254,0
DA:255,0
DA:256,0
DA:257,0
DA:260,0
DA:261,0
DA:262,0
DA:263,0
DA:264,0
DA:266,0
DA:271,0
DA:273,0
DA:274,0
DA:276,0
DA:277,0
DA:279,0
DA:280,0
DA:282,0
DA:286,0
DA:290,0
DA:292,0
DA:294,0
DA:295,0
DA:297,0
DA:300,0
DA:302,0
DA:303,0
DA:305,0
DA:306,0
DA:308,0
DA:309,0
DA:311,0
DA:312,0
DA:316,0
DA:318,0
DA:323,0
DA:324,0
DA:325,0
DA:326,0
DA:330,0
DA:332,0
DA:333,0
DA:335,0
DA:338,0
DA:339,0
DA:340,0
DA:341,0
DA:343,0
DA:344,0
DA:345,0
DA:346,0
DA:350,0
DA:354,0
DA:358,1
DA:366,1
LF:164
LH:4
BRDA:20,0,0,0
BRDA:20,0,1,0
BRDA:52,1,0,0
BRDA:52,1,1,0
BRDA:52,2,0,0
BRDA:52,2,1,0
BRDA:85,3,0,0
BRDA:85,3,1,0
BRDA:85,4,0,0
BRDA:85,4,1,0
BRDA:85,4,2,0
BRDA:103,5,0,0
BRDA:103,5,1,0
BRDA:103,6,0,0
BRDA:103,6,1,0
BRDA:103,6,2,0
BRDA:135,7,0,0
BRDA:135,7,1,0
BRDA:159,8,0,0
BRDA:159,8,1,0
BRDA:166,9,0,0
BRDA:166,9,1,0
BRDA:181,10,0,0
BRDA:181,10,1,0
BRDA:181,11,0,0
BRDA:181,11,1,0
BRDA:200,12,0,0
BRDA:200,12,1,0
BRDA:200,13,0,0
BRDA:200,13,1,0
BRDA:200,13,2,0
BRDA:219,14,0,0
BRDA:219,14,1,0
BRDA:219,15,0,0
BRDA:219,15,1,0
BRDA:219,15,2,0
BRDA:226,16,0,0
BRDA:226,16,1,0
BRDA:226,17,0,0
BRDA:226,17,1,0
BRDA:254,18,0,0
BRDA:254,18,1,0
BRDA:254,19,0,0
BRDA:254,19,1,0
BRDA:255,20,0,0
BRDA:255,20,1,0
BRDA:256,21,0,0
BRDA:256,21,1,0
BRDA:257,22,0,0
BRDA:257,22,1,0
BRDA:294,23,0,0
BRDA:294,23,1,0
BRDA:332,24,0,0
BRDA:332,24,1,0
BRF:54
BRH:0
end_of_record
TN:
SF:/Users/emil/Documents/Laosdirg/Apps/cornerstoneTools/src/imageTools/zoom.js
FN:11,changeViewportScale
FN:31,boundPosition
FN:40,correctShift
FN:67,defaultStrategy
FN:99,translateStrategy
FN:194,zoomToCenterStrategy
FN:203,mouseUpCallback
FN:209,mouseDownCallback
FN:220,dragCallback
FN:232,mouseWheelCallback
FN:247,touchPinchCallback
FNF:11
FNH:0
FNDA:0,changeViewportScale
FNDA:0,boundPosition
FNDA:0,correctShift
FNDA:0,defaultStrategy
FNDA:0,translateStrategy
FNDA:0,zoomToCenterStrategy
FNDA:0,mouseUpCallback
FNDA:0,mouseDownCallback
FNDA:0,dragCallback
FNDA:0,mouseWheelCallback
FNDA:0,touchPinchCallback
DA:12,0
DA:13,0
DA:15,0
DA:16,0
DA:18,0
DA:20,0
DA:21,0
DA:22,0
DA:23,0
DA:25,0
DA:28,0
DA:32,0
DA:33,0
DA:34,0
DA:35,0
DA:37,0
DA:42,0
DA:43,0
DA:46,0
DA:47,0
DA:51,0
DA:52,0
DA:54,0
DA:55,0
DA:57,0
DA:58,0
DA:60,0
DA:61,0
DA:64,0
DA:68,0
DA:69,0
DA:72,0
DA:74,0
DA:78,0
DA:83,0
DA:89,0
DA:92,0
DA:93,0
DA:96,0
DA:100,0
DA:101,0
DA:102,0
DA:108,0
DA:111,0
DA:117,0
DA:118,0
DA:119,0
DA:121,0
DA:123,0
DA:126,0
DA:127,0
DA:129,0
DA:134,0
DA:135,0
DA:137,0
DA:146,0
DA:147,0
DA:152,0
DA:158,0
DA:162,0
DA:169,0
DA:170,0
DA:173,0
DA:178,0
DA:179,0
DA:182,0
DA:187,0
DA:188,0
DA:191,0
DA:195,0
DA:198,0
DA:200,0
DA:204,0
DA:205,0
DA:206,0
DA:210,0
DA:211,0
DA:212,0
DA:213,0
DA:214,0
DA:216,0
DA:221,0
DA:222,0
DA:225,0
DA:227,0
DA:229,0
DA:233,0
DA:236,0
DA:238,0
DA:239,0
DA:242,0
DA:244,0
DA:248,0
DA:249,0
DA:250,0
DA:251,0
DA:254,0
DA:255,0
DA:256,0
DA:257,0
DA:258,0
DA:261,0
DA:265,0
DA:266,0
DA:271,0
DA:272,0
DA:273,0
DA:274,0
DA:277,1
DA:279,1
DA:285,1
DA:287,1
DA:288,1
DA:289,1
LF:114
LH:6
BRDA:20,0,0,0
BRDA:20,0,1,0
BRDA:20,1,0,0
BRDA:20,1,1,0
BRDA:22,2,0,0
BRDA:22,2,1,0
BRDA:22,3,0,0
BRDA:22,3,1,0
BRDA:42,4,0,0
BRDA:42,4,1,0
BRDA:46,5,0,0
BRDA:46,5,1,0
BRDA:51,6,0,0
BRDA:51,6,1,0
BRDA:121,7,0,0
BRDA:121,7,1,0
BRDA:123,8,0,0
BRDA:123,8,1,0
BRDA:126,9,0,0
BRDA:126,9,1,0
BRDA:134,10,0,0
BRDA:134,10,1,0
BRDA:146,11,0,0
BRDA:146,11,1,0
BRDA:146,12,0,0
BRDA:146,12,1,0
BRDA:169,13,0,0
BRDA:169,13,1,0
BRDA:178,14,0,0
BRDA:178,14,1,0
BRDA:210,15,0,0
BRDA:210,15,1,0
BRDA:221,16,0,0
BRDA:221,16,1,0
BRDA:238,17,0,0
BRDA:238,17,1,0
BRDA:238,18,0,0
BRDA:238,18,1,0
BRDA:255,19,0,0
BRDA:255,19,1,0
BRDA:255,20,0,0
BRDA:255,20,1,0
BRDA:257,21,0,0
BRDA:257,21,1,0
BRDA:257,22,0,0
BRDA:257,22,1,0
BRF:46
BRH:0
end_of_record
TN:
SF:/Users/emil/Documents/Laosdirg/Apps/cornerstoneTools/src/paintingTools/brushTool.js
FN:9,(anonymous_0)
FN:10,mouseMoveCallback
FN:14,mouseUpCallback
FN:23,dragCallback
FN:29,mouseDownActivateCallback
FN:43,onImageRendered
FN:68,activate
FN:104,(anonymous_7)
FN:110,(anonymous_8)
FN:146,deactivate
FNF:10
FNH:1
FNDA:2,(anonymous_0)
FNDA:0,mouseMoveCallback
FNDA:0,mouseUpCallback
FNDA:0,dragCallback
FNDA:0,mouseDownActivateCallback
FNDA:0,onImageRendered
FNDA:0,activate
FNDA:0,(anonymous_7)
FNDA:0,(anonymous_8)
FNDA:0,deactivate
DA:6,1
DA:11,0
DA:15,0
DA:17,0
DA:18,0
DA:19,0
DA:20,0
DA:24,0
DA:26,0
DA:30,0
DA:31,0
DA:32,0
DA:33,0
DA:34,0
DA:36,0
DA:39,0
DA:40,0
DA:44,0
DA:45,0
DA:46,0
DA:49,0
DA:50,0
DA:52,0
DA:53,0
DA:56,0
DA:58,0
DA:59,0
DA:61,0
DA:65,0
DA:69,0
DA:70,0
DA:72,0
DA:76,0
DA:77,0
DA:79,0
DA:80,0
DA:82,0
DA:83,0
DA:84,0
DA:86,0
DA:87,0
DA:89,0
DA:90,0
DA:92,0
DA:94,0
DA:95,0
DA:96,0
DA:99,0
DA:104,0
DA:111,0
DA:124,0
DA:130,0
DA:131,0
DA:134,0
DA:135,0
DA:138,0
DA:140,0
DA:141,0
DA:143,0
DA:147,0
DA:148,0
DA:149,0
DA:152,2
DA:159,2
DA:161,2
LF:65
LH:4
BRDA:30,0,0,0
BRDA:30,0,1,0
BRDA:49,1,0,0
BRDA:49,1,1,0
BRDA:89,2,0,0
BRDA:89,2,1,0
BRDA:130,3,0,0
BRDA:130,3,1,0
BRDA:134,4,0,0
BRDA:134,4,1,0
BRF:10
BRH:0
end_of_record
TN:
SF:/Users/emil/Documents/Laosdirg/Apps/cornerstoneTools/src/paintingTools/getCircle.js
FN:1,getCircle
FNF:1
FNH:0
FNDA:0,getCircle
DA:2,0
DA:3,0
DA:5,0
DA:6,0
DA:9,0
DA:10,0
DA:12,0
DA:13,0
DA:15,0
DA:16,0
DA:19,0
DA:20,0
DA:22,0
DA:23,0
DA:26,0
DA:27,0
DA:32,0
LF:17
LH:0
BRDA:1,0,0,0
BRDA:1,1,0,0
BRDA:5,2,0,0
BRDA:5,2,1,0
BRDA:15,3,0,0
BRDA:15,3,1,0
BRDA:15,4,0,0
BRDA:15,4,1,0
BRDA:22,5,0,0
BRDA:22,5,1,0
BRDA:22,6,0,0
BRDA:22,6,1,0
BRDA:26,7,0,0
BRDA:26,7,1,0
BRF:14
BRH:0
end_of_record
TN:
SF:/Users/emil/Documents/Laosdirg/Apps/cornerstoneTools/src/paintingTools/drawBrush.js
FN:3,drawBrushPixels
FN:4,(anonymous_1)
FN:6,(anonymous_2)
FN:13,drawBrushOnCanvas
FN:24,(anonymous_4)
FNF:5
FNH:0
FNDA:0,drawBrushPixels
FNDA:0,(anonymous_1)
FNDA:0,(anonymous_2)
FNDA:0,drawBrushOnCanvas
FNDA:0,(anonymous_4)
DA:4,0
DA:6,0
DA:7,0
DA:9,0
DA:14,0
DA:16,0
DA:18,0
DA:19,0
DA:21,0
DA:22,0
DA:24,0
DA:25,0
DA:30,0
DA:33,0
LF:14
LH:0
BRF:0
BRH:0
end_of_record
TN:
SF:/Users/emil/Documents/Laosdirg/Apps/cornerstoneTools/src/paintingTools/brush.js
FN:20,paint
FN:45,onMouseUp
FN:50,onMouseDown
FN:56,onMouseMove
FN:61,onDrag
FN:67,onImageRendered
FNF:6
FNH:0
FNDA:0,paint
FNDA:0,onMouseUp
FNDA:0,onMouseDown
FNDA:0,onMouseMove
FNDA:0,onDrag
FNDA:0,onImageRendered
DA:8,1
DA:9,1
DA:10,1
DA:18,1
DA:21,0
DA:22,0
DA:23,0
DA:24,0
DA:25,0
DA:26,0
DA:27,0
DA:28,0
DA:29,0
DA:31,0
DA:33,0
DA:36,0
DA:38,0
DA:40,0
DA:42,0
DA:46,0
DA:47,0
DA:51,0
DA:52,0
DA:53,0
DA:57,0
DA:58,0
DA:62,0
DA:63,0
DA:64,0
DA:68,0
DA:69,0
DA:72,0
DA:73,0
DA:75,0
DA:77,0
DA:81,0
DA:82,0
DA:83,0
DA:84,0
DA:85,0
DA:87,0
DA:88,0
DA:90,0
DA:93,1
DA:102,1
LF:45
LH:6
BRDA:31,0,0,0
BRDA:31,0,1,0
BRDA:31,1,0,0
BRDA:31,1,1,0
BRDA:31,1,2,0
BRDA:31,1,3,0
BRDA:68,2,0,0
BRDA:68,2,1,0
BRDA:75,3,0,0
BRDA:75,3,1,0
BRDA:75,4,0,0
BRDA:75,4,1,0
BRDA:75,4,2,0
BRDA:75,4,3,0
BRDA:84,5,0,0
BRDA:84,5,1,0
BRF:16
BRH:0
end_of_record
TN:
SF:/Users/emil/Documents/Laosdirg/Apps/cornerstoneTools/src/paintingTools/adaptiveBrush.js
FN:25,getGreyValues
FN:31,(anonymous_1)
FN:44,paintAdaptiveBrush
FN:91,paint
FN:106,erase
FN:131,onMouseUp
FN:140,onMouseDown
FN:160,onMouseMove
FN:165,onDrag
FN:176,onImageRendered
FNF:10
FNH:0
FNDA:0,getGreyValues
FNDA:0,(anonymous_1)
FNDA:0,paintAdaptiveBrush
FNDA:0,paint
FNDA:0,erase
FNDA:0,onMouseUp
FNDA:0,onMouseDown
FNDA:0,onMouseMove
FNDA:0,onDrag
FNDA:0,onImageRendered
DA:8,1
DA:9,1
DA:10,1
DA:26,0
DA:27,0
DA:28,0
DA:29,0
DA:31,0
DA:32,0
DA:33,0
DA:35,0
DA:36,0
DA:39,0
DA:40,0
DA:45,0
DA:46,0
DA:47,0
DA:48,0
DA:49,0
DA:50,0
DA:51,0
DA:57,0
DA:58,0
DA:59,0
DA:62,0
DA:64,0
DA:65,0
DA:68,0
DA:69,0
DA:75,0
DA:76,0
DA:77,0
DA:81,0
DA:84,0
DA:85,0
DA:88,0
DA:92,0
DA:93,0
DA:94,0
DA:95,0
DA:96,0
DA:97,0
DA:98,0
DA:100,0
DA:101,0
DA:103,0
DA:107,0
DA:108,0
DA:109,0
DA:110,0
DA:111,0
DA:112,0
DA:113,0
DA:114,0
DA:115,0
DA:117,0
DA:119,0
DA:122,0
DA:124,0
DA:126,0
DA:128,0
DA:132,0
DA:133,0
DA:135,0
DA:136,0
DA:137,0
DA:141,0
DA:142,0
DA:143,0
DA:144,0
DA:145,0
DA:146,0
DA:147,0
DA:149,0
DA:150,0
DA:152,0
DA:153,0
DA:156,0
DA:157,0
DA:161,0
DA:162,0
DA:166,0
DA:167,0
DA:169,0
DA:172,0
DA:173,0
DA:177,0
DA:178,0
DA:181,0
DA:182,0
DA:184,0
DA:186,0
DA:190,0
DA:191,0
DA:192,0
DA:193,0
DA:195,0
DA:197,0
DA:199,0
DA:201,0
DA:204,1
DA:213,1
LF:102
LH:5
BRDA:57,0,0,0
BRDA:57,0,1,0
BRDA:75,1,0,0
BRDA:75,1,1,0
BRDA:75,2,0,0
BRDA:75,2,1,0
BRDA:84,3,0,0
BRDA:84,3,1,0
BRDA:117,4,0,0
BRDA:117,4,1,0
BRDA:117,5,0,0
BRDA:117,5,1,0
BRDA:117,5,2,0
BRDA:117,5,3,0
BRDA:149,6,0,0
BRDA:149,6,1,0
BRDA:166,7,0,0
BRDA:166,7,1,0
BRDA:177,8,0,0
BRDA:177,8,1,0
BRDA:184,9,0,0
BRDA:184,9,1,0
BRDA:184,10,0,0
BRDA:184,10,1,0
BRDA:184,10,2,0
BRDA:184,10,3,0
BRDA:192,11,0,0
BRDA:192,11,1,0
BRDA:195,12,0,0
BRDA:195,12,1,0
BRF:30
BRH:0
end_of_record
TN:
SF:/Users/emil/Documents/Laosdirg/Apps/cornerstoneTools/src/regions/thresholding.js
FN:8,getLastElement
FN:50,performThresholding
FN:57,(anonymous_2)
FN:66,(anonymous_3)
FN:68,(anonymous_4)
FN:86,(anonymous_5)
FN:108,onImageRendered
FN:160,enable
FN:186,(anonymous_8)
FN:187,(anonymous_9)
FN:205,disable
FN:214,update
FN:217,(anonymous_12)
FN:219,(anonymous_13)
FN:225,createUndoStep
FN:242,getConfiguration
FN:247,setConfiguration
FNF:17
FNH:0
FNDA:0,getLastElement
FNDA:0,performThresholding
FNDA:0,(anonymous_2)
FNDA:0,(anonymous_3)
FNDA:0,(anonymous_4)
FNDA:0,(anonymous_5)
FNDA:0,onImageRendered
FNDA:0,enable
FNDA:0,(anonymous_8)
FNDA:0,(anonymous_9)
FNDA:0,disable
FNDA:0,update
FNDA:0,(anonymous_12)
FNDA:0,(anonymous_13)
FNDA:0,createUndoStep
FNDA:0,getConfiguration
FNDA:0,setConfiguration
DA:6,1
DA:9,0
DA:12,1
DA:14,1
DA:44,1
DA:45,1
DA:51,0
DA:53,0
DA:54,0
DA:57,0
DA:58,0
DA:59,0
DA:61,0
DA:62,0
DA:63,0
DA:66,0
DA:68,0
DA:69,0
DA:70,0
DA:71,0
DA:72,0
DA:74,0
DA:75,0
DA:76,0
DA:77,0
DA:78,0
DA:80,0
DA:86,0
DA:87,0
DA:93,0
DA:94,0
DA:97,0
DA:103,1
DA:109,0
DA:110,0
DA:111,0
DA:112,0
DA:113,0
DA:115,0
DA:116,0
DA:119,0
DA:120,0
DA:121,0
DA:122,0
DA:123,0
DA:124,0
DA:125,0
DA:127,0
DA:128,0
DA:130,0
DA:131,0
DA:132,0
DA:134,0
DA:135,0
DA:136,0
DA:137,0
DA:139,0
DA:140,0
DA:141,0
DA:143,0
DA:144,0
DA:146,0
DA:147,0
DA:148,0
DA:149,0
DA:151,0
DA:154,0
DA:156,0
DA:157,0
DA:162,0
DA:163,0
DA:164,0
DA:166,0
DA:168,0
DA:170,0
DA:171,0
DA:174,0
DA:182,0
DA:184,0
DA:186,0
DA:187,0
DA:189,0
DA:191,0
DA:192,0
DA:193,0
DA:195,0
DA:198,0
DA:200,0
DA:206,0
DA:209,0
DA:210,0
DA:215,0
DA:217,0
DA:218,0
DA:219,0
DA:220,0
DA:226,0
DA:227,0
DA:229,0
DA:231,0
DA:234,0
DA:236,0
DA:237,0
DA:243,0
DA:244,0
DA:248,0
DA:249,0
LF:107
LH:6
BRDA:77,0,0,0
BRDA:77,0,1,0
BRDA:93,1,0,0
BRDA:93,1,1,0
BRDA:115,2,0,0
BRDA:115,2,1,0
BRDA:115,3,0,0
BRDA:115,3,1,0
BRDA:115,3,2,0
BRDA:132,4,0,0
BRDA:132,4,1,0
BRDA:143,5,0,0
BRDA:143,5,1,0
BRDA:163,6,0,0
BRDA:163,6,1,0
BRDA:163,7,0,0
BRDA:163,7,1,0
BRDA:170,8,0,0
BRDA:170,8,1,0
BRDA:170,9,0,0
BRDA:170,9,1,0
BRDA:170,9,2,0
BRDA:200,10,0,0
BRDA:200,10,1,0
BRDA:209,11,0,0
BRDA:209,11,1,0
BRDA:209,12,0,0
BRDA:209,12,1,0
BRDA:215,13,0,0
BRDA:215,13,1,0
BRDA:236,14,0,0
BRDA:236,14,1,0
BRF:32
BRH:0
end_of_record
TN:
SF:/Users/emil/Documents/Laosdirg/Apps/cornerstoneTools/src/regions/grow.js
FN:9,linearNeighbours
FN:31,regionGrowing
FN:32,(anonymous_2)
FN:56,chunk
FN:64,(anonymous_4)
FN:70,(anonymous_5)
FN:72,(anonymous_6)
FN:74,(anonymous_7)
FN:76,(anonymous_8)
FN:89,onMouseDown
FN:105,enable
FN:118,disable
FNF:12
FNH:0
FNDA:0,linearNeighbours
FNDA:0,regionGrowing
FNDA:0,(anonymous_2)
FNDA:0,chunk
FNDA:0,(anonymous_4)
FNDA:0,(anonymous_5)
FNDA:0,(anonymous_6)
FNDA:0,(anonymous_7)
FNDA:0,(anonymous_8)
FNDA:0,onMouseDown
FNDA:0,enable
FNDA:0,disable
DA:10,0
DA:11,0
DA:19,0
DA:21,0
DA:22,0
DA:24,0
DA:25,0
DA:28,0
DA:32,0
DA:33,0
DA:34,0
DA:35,0
DA:36,0
DA:37,0
DA:39,0
DA:42,0
DA:43,0
DA:44,0
DA:45,0
DA:46,0
DA:49,0
DA:50,0
DA:54,0
DA:57,0
DA:59,0
DA:60,0
DA:64,0
DA:65,0
DA:69,0
DA:70,0
DA:72,0
DA:74,0
DA:76,0
DA:79,0
DA:81,0
DA:82,0
DA:85,0
DA:90,0
DA:92,0
DA:93,0
DA:94,0
DA:95,0
DA:96,0
DA:97,0
DA:99,0
DA:101,0
DA:106,0
DA:107,0
DA:110,0
DA:112,0
DA:115,0
DA:119,0
LF:52
LH:0
BRDA:21,0,0,0
BRDA:21,0,1,0
BRDA:24,1,0,0
BRDA:24,1,1,0
BRDA:49,2,0,0
BRDA:49,2,1,0
BRDA:49,3,0,0
BRDA:49,3,1,0
BRDA:59,4,0,0
BRDA:59,4,1,0
BRDA:92,5,0,0
BRDA:92,5,1,0
BRDA:110,6,0,0
BRDA:110,6,1,0
BRDA:110,7,0,0
BRDA:110,7,1,0
BRDA:110,7,2,0
BRDA:110,7,3,0
BRDA:110,7,4,0
BRDA:110,7,5,0
BRF:20
BRH:0
end_of_record
TN:
SF:/Users/emil/Documents/Laosdirg/Apps/cornerstoneTools/src/regions/draw.js
FN:13,isInside
FN:33,onImageRendered
FN:56,(anonymous_2)
FN:64,updateRegions
FN:116,mouseUpCallback
FN:124,mouseDownCallback
FN:138,mouseDragCallback
FN:157,enable
FN:173,disable
FN:177,getConfiguration
FN:181,setConfiguration
FNF:11
FNH:0
FNDA:0,isInside
FNDA:0,onImageRendered
FNDA:0,(anonymous_2)
FNDA:0,updateRegions
FNDA:0,mouseUpCallback
FNDA:0,mouseDownCallback
FNDA:0,mouseDragCallback
FNDA:0,enable
FNDA:0,disable
FNDA:0,getConfiguration
FNDA:0,setConfiguration
DA:6,1
DA:8,1
DA:14,0
DA:15,0
DA:17,0
DA:18,0
DA:19,0
DA:21,0
DA:24,0
DA:25,0
DA:29,0
DA:34,0
DA:37,0
DA:40,0
DA:41,0
DA:42,0
DA:44,0
DA:45,0
DA:48,0
DA:49,0
DA:50,0
DA:52,0
DA:53,0
DA:54,0
DA:55,0
DA:56,0
DA:57,0
DA:59,0
DA:60,0
DA:61,0
DA:65,0
DA:67,0
DA:70,0
DA:71,0
DA:72,0
DA:75,0
DA:76,0
DA:77,0
DA:78,0
DA:81,0
DA:82,0
DA:83,0
DA:86,0
DA:87,0
DA:90,0
DA:91,0
DA:92,0
DA:95,0
DA:96,0
DA:97,0
DA:98,0
DA:99,0
DA:102,0
DA:103,0
DA:105,0
DA:107,0
DA:108,0
DA:117,0
DA:118,0
DA:119,0
DA:120,0
DA:121,0
DA:125,0
DA:126,0
DA:128,0
DA:130,0
DA:131,0
DA:132,0
DA:134,0
DA:139,0
DA:142,0
DA:144,0
DA:145,0
DA:148,0
DA:150,0
DA:152,0
DA:154,0
DA:158,0
DA:163,0
DA:165,0
DA:169,0
DA:170,0
DA:174,0
DA:178,0
DA:182,0
LF:85
LH:2
BRDA:21,0,0,0
BRDA:21,0,1,0
BRDA:24,1,0,0
BRDA:24,1,1,0
BRDA:44,2,0,0
BRDA:44,2,1,0
BRDA:102,3,0,0
BRDA:102,3,1,0
BRDA:107,4,0,0
BRDA:107,4,1,0
BRDA:107,5,0,0
BRDA:107,5,1,0
BRDA:125,6,0,0
BRDA:125,6,1,0
BRDA:144,7,0,0
BRDA:144,7,1,0
BRF:16
BRH:0
end_of_record
TN:
SF:/Users/emil/Documents/Laosdirg/Apps/cornerstoneTools/src/regions/score.js
FN:5,getDensityFactor
FN:19,mode
FN:40,score
FN:49,(anonymous_3)
FN:50,(anonymous_4)
FN:65,(anonymous_5)
FN:65,(anonymous_6)
FN:138,(anonymous_7)
FN:139,(anonymous_8)
FNF:9
FNH:0
FNDA:0,getDensityFactor
FNDA:0,mode
FNDA:0,score
FNDA:0,(anonymous_3)
FNDA:0,(anonymous_4)
FNDA:0,(anonymous_5)
FNDA:0,(anonymous_6)
FNDA:0,(anonymous_7)
FNDA:0,(anonymous_8)
DA:6,0
DA:7,0
DA:8,0
DA:9,0
DA:10,0
DA:11,0
DA:13,0
DA:20,0
DA:21,0
DA:22,0
DA:23,0
DA:24,0
DA:26,0
DA:27,0
DA:28,0
DA:30,0
DA:31,0
DA:33,0
DA:34,0
DA:37,0
DA:41,0
DA:42,0
DA:43,0
DA:44,0
DA:45,0
DA:46,0
DA:49,0
DA:50,0
DA:52,0
DA:53,0
DA:63,0
DA:65,0
DA:66,0
DA:67,0
DA:70,0
DA:71,0
DA:72,0
DA:73,0
DA:74,0
DA:77,0
DA:78,0
DA:79,0
DA:80,0
DA:81,0
DA:97,0
DA:98,0
DA:99,0
DA:100,0
DA:107,0
DA:109,0
DA:110,0
DA:111,0
DA:113,0
DA:116,0
DA:117,0
DA:118,0
DA:119,0
DA:120,0
DA:122,0
DA:123,0
DA:125,0
DA:126,0
DA:127,0
DA:128,0
DA:130,0
DA:131,0
DA:132,0
DA:138,0
DA:139,0
DA:140,0
DA:142,0
DA:144,0
DA:145,0
DA:147,0
DA:160,0
DA:161,0
DA:163,0
LF:77
LH:0
BRDA:6,0,0,0
BRDA:6,0,1,0
BRDA:8,1,0,0
BRDA:8,1,1,0
BRDA:10,2,0,0
BRDA:10,2,1,0
BRDA:20,3,0,0
BRDA:20,3,1,0
BRDA:27,4,0,0
BRDA:27,4,1,0
BRDA:31,5,0,0
BRDA:31,5,1,0
BRDA:97,6,0,0
BRDA:97,6,1,0
BRDA:100,7,0,0
BRDA:100,7,1,0
BRDA:107,8,0,0
BRDA:107,8,1,0
BRDA:125,9,0,0
BRDA:125,9,1,0
BRDA:131,10,0,0
BRDA:131,10,1,0
BRDA:160,11,0,0
BRDA:160,11,1,0
BRF:24
BRH:0
end_of_record
TN:
SF:/Users/emil/Documents/Laosdirg/Apps/cornerstoneTools/src/regions/undo.js
FN:4,enable
FN:20,disable
FNF:2
FNH:0
FNDA:0,enable
FNDA:0,disable
DA:5,0
DA:6,0
DA:7,0
DA:9,0
DA:10,0
DA:13,0
DA:14,0
DA:16,0
DA:17,0
LF:9
LH:0
BRDA:9,0,0,0
BRDA:9,0,1,0
BRF:2
BRH:0
end_of_record
TN:
SF:/Users/emil/Documents/Laosdirg/Apps/cornerstoneTools/src/regions/index.js
FNF:0
FNH:0
LF:0
LH:0
BRF:0
BRH:0
end_of_record
TN:
SF:/Users/emil/Documents/Laosdirg/Apps/cornerstoneTools/src/version.js
FNF:0
FNH:0
LF:0
LH:0
BRF:0
BRH:0
end_of_record
TN:
SF:/Users/emil/Documents/Laosdirg/Apps/cornerstoneTools/src/index.js
FNF:0
FNH:0
LF:0
LH:0
BRF:0
BRH:0
end_of_record
