TN:
SF:/home/zach/git/forks/cornerstoneTools/src/externalModules.js
FNF:0
FNH:0
DA:1,4
DA:2,4
DA:3,4
DA:7,0
DA:10,4
DA:13,0
DA:16,90
DA:19,0
DA:22,0
LF:9
LH:5
BRF:0
BRH:0
end_of_record
TN:
SF:/home/zach/git/forks/cornerstoneTools/src/util/convertToVector3.js
FN:9,convertToVector3
FNF:1
FNH:0
FNDA:0,convertToVector3
DA:10,0
DA:12,0
DA:13,0
DA:16,0
LF:4
LH:0
BRDA:12,0,0,0
BRDA:12,0,1,0
BRF:2
BRH:0
end_of_record
TN:
SF:/home/zach/git/forks/cornerstoneTools/src/util/pointProjector.js
FN:5,projectPatientPointToImagePlane
FN:21,imagePointToPatientPoint
FN:39,getRectangleFromImagePlane
FN:70,lineRectangleIntersection
FN:73,(anonymous_4)
FN:86,planePlaneIntersection
FNF:6
FNH:0
FNDA:0,projectPatientPointToImagePlane
FNDA:0,imagePointToPatientPoint
FNDA:0,getRectangleFromImagePlane
FNDA:0,lineRectangleIntersection
FNDA:0,(anonymous_4)
FNDA:0,planePlaneIntersection
DA:6,0
DA:7,0
DA:8,0
DA:9,0
DA:10,0
DA:11,0
DA:14,0
DA:22,0
DA:23,0
DA:24,0
DA:26,0
DA:28,0
DA:29,0
DA:31,0
DA:32,0
DA:34,0
DA:36,0
DA:41,0
DA:45,0
DA:49,0
DA:53,0
DA:59,0
DA:67,0
DA:71,0
DA:73,0
DA:74,0
DA:75,0
DA:77,0
DA:78,0
DA:82,0
DA:87,0
DA:88,0
DA:89,0
DA:90,0
DA:91,0
DA:92,0
DA:95,0
DA:96,0
DA:98,0
DA:100,0
DA:101,0
DA:103,0
DA:105,0
DA:106,0
DA:107,0
DA:110,0
DA:114,0
DA:117,0
DA:119,0
DA:120,0
DA:123,0
DA:124,0
DA:128,0
DA:129,0
DA:132,0
LF:55
LH:0
BRDA:77,0,0,0
BRDA:77,0,1,0
BRDA:128,1,0,0
BRDA:128,1,1,0
BRF:4
BRH:0
end_of_record
TN:
SF:/home/zach/git/forks/cornerstoneTools/src/referenceLines/calculateReferenceLine.js
FN:6,(anonymous_0)
FNF:1
FNH:0
FNDA:0,(anonymous_0)
DA:7,0
DA:9,0
DA:10,0
DA:13,0
LF:4
LH:0
BRDA:9,0,0,0
BRDA:9,0,1,0
BRF:2
BRH:0
end_of_record
TN:
SF:/home/zach/git/forks/cornerstoneTools/src/events.js
FNF:0
FNH:0
DA:1,2
LF:1
LH:1
BRF:0
BRH:0
end_of_record
TN:
SF:/home/zach/git/forks/cornerstoneTools/src/stateManagement/imageIdSpecificStateManager.js
FN:7,newImageIdSpecificToolStateManager
FN:13,saveImageIdToolState
FN:17,restoreImageIdToolState
FN:21,saveToolState
FN:25,restoreToolState
FN:31,addImageIdSpecificToolState
FN:56,getImageIdSpecificToolState
FN:78,clearImageIdSpecificToolStateManager
FNF:8
FNH:1
FNDA:2,newImageIdSpecificToolStateManager
FNDA:0,saveImageIdToolState
FNDA:0,restoreImageIdToolState
FNDA:0,saveToolState
FNDA:0,restoreToolState
FNDA:0,addImageIdSpecificToolState
FNDA:0,getImageIdSpecificToolState
FNDA:0,clearImageIdSpecificToolStateManager
DA:8,2
DA:14,0
DA:18,0
DA:22,0
DA:26,0
DA:32,0
DA:35,0
DA:36,0
DA:39,0
DA:42,0
DA:43,0
DA:48,0
DA:51,0
DA:57,0
DA:60,0
DA:61,0
DA:64,0
DA:67,0
DA:68,0
DA:71,0
DA:74,0
DA:79,0
DA:81,0
DA:82,0
DA:85,0
DA:88,2
DA:102,2
LF:27
LH:3
BRDA:35,0,0,0
BRDA:35,0,1,0
BRDA:35,1,0,0
BRDA:35,1,1,0
BRDA:42,2,0,0
BRDA:42,2,1,0
BRDA:60,3,0,0
BRDA:60,3,1,0
BRDA:60,4,0,0
BRDA:60,4,1,0
BRDA:67,5,0,0
BRDA:67,5,1,0
BRDA:81,6,0,0
BRDA:81,6,1,0
BRDA:81,7,0,0
BRDA:81,7,1,0
BRF:16
BRH:0
end_of_record
TN:
SF:/home/zach/git/forks/cornerstoneTools/src/util/triggerEvent.js
FN:9,triggerEvent
FNF:1
FNH:0
FNDA:0,triggerEvent
DA:13,0
DA:14,0
DA:19,0
DA:20,0
DA:23,0
LF:5
LH:0
BRDA:9,0,0,0
BRDA:13,1,0,0
BRDA:13,1,1,0
BRF:3
BRH:0
end_of_record
TN:
SF:/home/zach/git/forks/cornerstoneTools/src/stateManagement/toolState.js
FN:6,getElementToolStateManager
FN:20,addToolState
FN:37,getToolState
FN:44,removeToolState
FN:70,clearToolState
FN:81,setElementToolStateManager
FNF:6
FNH:0
FNDA:0,getElementToolStateManager
FNDA:0,addToolState
FNDA:0,getToolState
FNDA:0,removeToolState
FNDA:0,clearToolState
FNDA:0,setElementToolStateManager
DA:7,0
DA:11,0
DA:12,0
DA:15,0
DA:21,0
DA:23,0
DA:25,0
DA:26,0
DA:32,0
DA:38,0
DA:41,0
DA:45,0
DA:46,0
DA:48,0
DA:50,0
DA:51,0
DA:52,0
DA:56,0
DA:57,0
DA:59,0
DA:60,0
DA:66,0
DA:71,0
DA:72,0
DA:75,0
DA:76,0
DA:82,0
DA:84,0
LF:28
LH:0
BRDA:11,0,0,0
BRDA:11,0,1,0
BRDA:51,1,0,0
BRDA:51,1,1,0
BRDA:56,2,0,0
BRDA:56,2,1,0
BRDA:75,3,0,0
BRDA:75,3,1,0
BRF:8
BRH:0
end_of_record
TN:
SF:/home/zach/git/forks/cornerstoneTools/src/stateManagement/toolColors.js
FN:6,setFillColor
FN:10,getFillColor
FN:14,setToolColor
FN:18,getToolColor
FN:22,setActiveColor
FN:26,getActiveColor
FN:30,getColorIfActive
FNF:7
FNH:0
FNDA:0,setFillColor
FNDA:0,getFillColor
FNDA:0,setToolColor
FNDA:0,getToolColor
FNDA:0,setActiveColor
FNDA:0,getActiveColor
FNDA:0,getColorIfActive
DA:2,1
DA:3,1
DA:4,1
DA:7,0
DA:11,0
DA:15,0
DA:19,0
DA:23,0
DA:27,0
DA:31,0
DA:34,1
LF:11
LH:4
BRDA:31,0,0,0
BRDA:31,0,1,0
BRF:2
BRH:0
end_of_record
TN:
SF:/home/zach/git/forks/cornerstoneTools/src/stateManagement/toolStyle.js
FN:4,setToolWidth
FN:8,getToolWidth
FN:12,setActiveWidth
FN:16,getActiveWidth
FNF:4
FNH:0
FNDA:0,setToolWidth
FNDA:0,getToolWidth
FNDA:0,setActiveWidth
FNDA:0,getActiveWidth
DA:1,1
DA:2,1
DA:5,0
DA:9,0
DA:13,0
DA:17,0
DA:20,1
LF:7
LH:3
BRF:0
BRH:0
end_of_record
TN:
SF:/home/zach/git/forks/cornerstoneTools/src/referenceLines/renderActiveReferenceLine.js
FN:8,(anonymous_0)
FNF:1
FNH:0
FNDA:0,(anonymous_0)
DA:9,0
DA:10,0
DA:11,0
DA:14,0
DA:15,0
DA:18,0
DA:19,0
DA:22,0
DA:30,0
DA:34,0
DA:35,0
DA:38,0
DA:39,0
DA:40,0
DA:41,0
DA:42,0
DA:43,0
DA:46,0
DA:47,0
DA:48,0
DA:50,0
DA:51,0
DA:52,0
DA:55,0
DA:57,0
DA:58,0
DA:61,0
DA:62,0
DA:64,0
DA:65,0
DA:68,0
DA:70,0
DA:71,0
DA:72,0
DA:73,0
DA:74,0
DA:75,0
DA:76,0
DA:77,0
LF:39
LH:0
BRDA:14,0,0,0
BRDA:14,0,1,0
BRDA:14,1,0,0
BRDA:14,1,1,0
BRDA:22,2,0,0
BRDA:22,2,1,0
BRDA:22,3,0,0
BRDA:22,3,1,0
BRDA:22,3,2,0
BRDA:22,3,3,0
BRDA:22,3,4,0
BRDA:22,3,5,0
BRDA:22,3,6,0
BRDA:22,3,7,0
BRDA:34,4,0,0
BRDA:34,4,1,0
BRDA:51,5,0,0
BRDA:51,5,1,0
BRDA:57,6,0,0
BRDA:57,6,1,0
BRF:20
BRH:0
end_of_record
TN:
SF:/home/zach/git/forks/cornerstoneTools/src/referenceLines/referenceLinesTool.js
FN:8,onImageRendered
FN:30,(anonymous_1)
FN:44,enable
FN:58,disable
FNF:4
FNH:0
FNDA:0,onImageRendered
FNDA:0,(anonymous_1)
FNDA:0,enable
FNDA:0,disable
DA:6,1
DA:9,0
DA:12,0
DA:14,0
DA:15,0
DA:19,0
DA:20,0
DA:22,0
DA:25,0
DA:27,0
DA:30,0
DA:33,0
DA:34,0
DA:38,0
DA:45,0
DA:47,0
DA:52,0
DA:53,0
DA:54,0
DA:59,0
DA:60,0
DA:64,1
LF:22
LH:2
BRDA:14,0,0,0
BRDA:14,0,1,0
BRDA:33,1,0,0
BRDA:33,1,1,0
BRDA:45,2,0,0
BRDA:45,2,1,0
BRF:6
BRH:0
end_of_record
TN:
SF:/home/zach/git/forks/cornerstoneTools/src/referenceLines/index.js
FNF:0
FNH:0
DA:5,1
LF:1
LH:1
BRF:0
BRH:0
end_of_record
TN:
SF:/home/zach/git/forks/cornerstoneTools/src/orientation/getOrientationString.js
FN:4,(anonymous_0)
FNF:1
FNH:0
FNDA:0,(anonymous_0)
DA:5,0
DA:10,0
DA:11,0
DA:12,0
DA:13,0
DA:16,0
DA:18,0
DA:19,0
DA:20,0
DA:21,0
DA:22,0
DA:23,0
DA:24,0
DA:25,0
DA:26,0
DA:27,0
DA:29,0
DA:33,0
LF:18
LH:0
BRDA:11,0,0,0
BRDA:11,0,1,0
BRDA:12,1,0,0
BRDA:12,1,1,0
BRDA:13,2,0,0
BRDA:13,2,1,0
BRDA:19,3,0,0
BRDA:19,3,1,0
BRDA:19,4,0,0
BRDA:19,4,1,0
BRDA:19,4,2,0
BRDA:22,5,0,0
BRDA:22,5,1,0
BRDA:22,6,0,0
BRDA:22,6,1,0
BRDA:22,6,2,0
BRDA:25,7,0,0
BRDA:25,7,1,0
BRDA:25,8,0,0
BRDA:25,8,1,0
BRDA:25,8,2,0
BRF:21
BRH:0
end_of_record
TN:
SF:/home/zach/git/forks/cornerstoneTools/src/orientation/invertOrientationString.js
FN:1,(anonymous_0)
FNF:1
FNH:0
FNDA:0,(anonymous_0)
DA:2,0
DA:4,0
DA:5,0
DA:6,0
DA:7,0
DA:8,0
DA:9,0
DA:11,0
LF:8
LH:0
BRF:0
BRH:0
end_of_record
TN:
SF:/home/zach/git/forks/cornerstoneTools/src/orientation/index.js
FNF:0
FNH:0
DA:4,1
LF:1
LH:1
BRF:0
BRH:0
end_of_record
TN:
SF:/home/zach/git/forks/cornerstoneTools/src/util/getMaxSimultaneousRequests.js
FN:31,getBrowserInfo
FN:57,setMaxSimultaneousRequests
FN:61,getMaxSimultaneousRequests
FN:69,getDefaultSimultaneousRequests
FN:87,isMobileDevice
FNF:5
FNH:0
FNDA:0,getBrowserInfo
FNDA:0,setMaxSimultaneousRequests
FNDA:0,getMaxSimultaneousRequests
FNDA:0,getDefaultSimultaneousRequests
FNDA:0,isMobileDevice
DA:5,2
DA:32,0
DA:33,0
DA:36,0
DA:37,0
DA:39,0
DA:42,0
DA:43,0
DA:44,0
DA:45,0
DA:49,0
DA:50,0
DA:51,0
DA:54,0
DA:58,0
DA:62,0
DA:63,0
DA:66,0
DA:70,0
DA:71,0
DA:72,0
DA:73,0
DA:74,0
DA:76,0
DA:77,0
DA:80,0
DA:81,0
DA:84,0
DA:88,0
DA:91,0
LF:30
LH:1
BRDA:33,0,0,0
BRDA:33,0,1,0
BRDA:36,1,0,0
BRDA:36,1,1,0
BRDA:37,2,0,0
BRDA:37,2,1,0
BRDA:39,3,0,0
BRDA:39,3,1,0
BRDA:42,4,0,0
BRDA:42,4,1,0
BRDA:44,5,0,0
BRDA:44,5,1,0
BRDA:49,6,0,0
BRDA:49,6,1,0
BRDA:50,7,0,0
BRDA:50,7,1,0
BRDA:62,8,0,0
BRDA:62,8,1,0
BRDA:76,9,0,0
BRDA:76,9,1,0
BRDA:80,10,0,0
BRDA:80,10,1,0
BRF:22
BRH:0
end_of_record
TN:
SF:/home/zach/git/forks/cornerstoneTools/src/requestPool/requestPoolManager.js
FN:25,addRequest
FN:47,(anonymous_1)
FN:49,(anonymous_2)
FN:65,clearRequestStack
FN:74,startAgain
FN:79,(anonymous_5)
FN:84,sendRequest
FN:102,(anonymous_7)
FN:108,(anonymous_8)
FN:118,requestTypeToLoadPriority
FN:145,(anonymous_10)
FN:150,(anonymous_11)
FN:158,startGrabbing
FN:182,getNextRequest
FN:204,getRequestPool
FNF:15
FNH:3
FNDA:3,addRequest
FNDA:0,(anonymous_1)
FNDA:0,(anonymous_2)
FNDA:1,clearRequestStack
FNDA:0,startAgain
FNDA:0,(anonymous_5)
FNDA:0,sendRequest
FNDA:0,(anonymous_7)
FNDA:0,(anonymous_8)
FNDA:0,requestTypeToLoadPriority
FNDA:0,(anonymous_10)
FNDA:0,(anonymous_11)
FNDA:0,startGrabbing
FNDA:0,getNextRequest
FNDA:1,getRequestPool
DA:4,2
DA:10,2
DA:16,2
DA:22,2
DA:23,2
DA:26,3
DA:27,0
DA:30,3
DA:31,0
DA:35,3
DA:44,3
DA:46,3
DA:47,0
DA:48,0
DA:50,0
DA:53,0
DA:56,3
DA:58,1
DA:61,2
DA:67,1
DA:68,1
DA:71,0
DA:75,0
DA:76,0
DA:79,0
DA:80,0
DA:85,0
DA:87,0
DA:89,0
DA:91,0
DA:92,0
DA:93,0
DA:94,0
DA:97,0
DA:99,0
DA:102,0
DA:103,0
DA:106,0
DA:107,0
DA:109,0
DA:111,0
DA:112,0
DA:115,0
DA:119,0
DA:120,0
DA:121,0
DA:122,0
DA:123,0
DA:124,0
DA:128,0
DA:132,0
DA:133,0
DA:138,0
DA:145,0
DA:146,0
DA:148,0
DA:149,0
DA:151,0
DA:153,0
DA:154,0
DA:160,0
DA:162,0
DA:168,0
DA:171,0
DA:173,0
DA:174,0
DA:176,0
DA:177,0
DA:183,0
DA:184,0
DA:187,0
DA:188,0
DA:191,0
DA:192,0
DA:195,0
DA:198,0
DA:201,0
DA:205,1
LF:78
LH:16
BRDA:26,0,0,0
BRDA:26,0,1,3
BRDA:30,1,0,0
BRDA:30,1,1,3
BRDA:30,2,0,3
BRDA:30,2,1,3
BRDA:46,3,0,0
BRDA:46,3,1,3
BRDA:56,4,0,1
BRDA:56,4,1,2
BRDA:67,5,0,1
BRDA:67,5,1,0
BRDA:75,6,0,0
BRDA:75,6,1,0
BRDA:99,7,0,0
BRDA:99,7,1,0
BRDA:119,8,0,0
BRDA:119,8,1,0
BRDA:121,9,0,0
BRDA:121,9,1,0
BRDA:123,10,0,0
BRDA:123,10,1,0
BRDA:132,11,0,0
BRDA:132,11,1,0
BRDA:176,12,0,0
BRDA:176,12,1,0
BRDA:183,13,0,0
BRDA:183,13,1,0
BRDA:183,14,0,0
BRDA:183,14,1,0
BRDA:187,15,0,0
BRDA:187,15,1,0
BRDA:187,16,0,0
BRDA:187,16,1,0
BRDA:191,17,0,0
BRDA:191,17,1,0
BRDA:191,18,0,0
BRDA:191,18,1,0
BRDA:195,19,0,0
BRDA:195,19,1,0
BRDA:195,20,0,0
BRDA:195,20,1,0
BRDA:195,20,2,0
BRF:43
BRH:8
end_of_record
TN:
SF:/home/zach/git/forks/cornerstoneTools/src/util/setContextToDisplayFontSize.js
FN:14,(anonymous_0)
FNF:1
FNH:0
FNDA:0,(anonymous_0)
DA:15,0
DA:17,0
DA:19,0
DA:21,0
DA:24,0
LF:5
LH:0
BRF:0
BRH:0
end_of_record
TN:
SF:/home/zach/git/forks/cornerstoneTools/src/stateManagement/loadHandlerManager.js
FN:5,setStartLoadHandler
FN:9,getStartLoadHandler
FN:13,setEndLoadHandler
FN:17,getEndLoadHandler
FN:21,setErrorLoadingHandler
FN:25,getErrorLoadingHandler
FNF:6
FNH:0
FNDA:0,setStartLoadHandler
FNDA:0,getStartLoadHandler
FNDA:0,setEndLoadHandler
FNDA:0,getEndLoadHandler
FNDA:0,setErrorLoadingHandler
FNDA:0,getErrorLoadingHandler
DA:6,0
DA:10,0
DA:14,0
DA:18,0
DA:22,0
DA:26,0
DA:29,1
LF:7
LH:1
BRF:0
BRH:0
end_of_record
TN:
SF:/home/zach/git/forks/cornerstoneTools/src/util/scrollToIndex.js
FN:8,(anonymous_0)
FN:38,doneCallback
FN:64,failCallback
FNF:3
FNH:0
FNDA:0,(anonymous_0)
FNDA:0,doneCallback
FNDA:0,failCallback
DA:9,0
DA:11,0
DA:12,0
DA:15,0
DA:19,0
DA:20,0
DA:22,0
DA:23,0
DA:27,0
DA:30,0
DA:31,0
DA:34,0
DA:35,0
DA:36,0
DA:39,0
DA:40,0
DA:45,0
DA:47,0
DA:49,0
DA:52,0
DA:53,0
DA:54,0
DA:56,0
DA:59,0
DA:60,0
DA:65,0
DA:67,0
DA:68,0
DA:72,0
DA:73,0
DA:76,0
DA:77,0
DA:80,0
DA:85,0
DA:86,0
DA:103,0
DA:107,0
DA:108,0
DA:110,0
DA:113,0
DA:115,0
DA:117,0
LF:42
LH:0
BRDA:11,0,0,0
BRDA:11,0,1,0
BRDA:11,1,0,0
BRDA:11,1,1,0
BRDA:11,1,2,0
BRDA:19,2,0,0
BRDA:19,2,1,0
BRDA:22,3,0,0
BRDA:22,3,1,0
BRDA:22,4,0,0
BRDA:22,4,1,0
BRDA:22,4,2,0
BRDA:30,5,0,0
BRDA:30,5,1,0
BRDA:39,6,0,0
BRDA:39,6,1,0
BRDA:52,7,0,0
BRDA:52,7,1,0
BRDA:59,8,0,0
BRDA:59,8,1,0
BRDA:67,9,0,0
BRDA:67,9,1,0
BRDA:72,10,0,0
BRDA:72,10,1,0
BRDA:76,11,0,0
BRDA:76,11,1,0
BRDA:107,12,0,0
BRDA:107,12,1,0
BRF:28
BRH:0
end_of_record
TN:
SF:/home/zach/git/forks/cornerstoneTools/src/util/scroll.js
FN:4,scrollWithoutSkipping
FN:16,(anonymous_1)
FN:35,(anonymous_2)
FNF:3
FNH:0
FNDA:0,scrollWithoutSkipping
FNDA:0,(anonymous_1)
FNDA:0,(anonymous_2)
DA:5,0
DA:6,0
DA:7,0
DA:9,0
DA:10,0
DA:13,0
DA:16,0
DA:17,0
DA:19,0
DA:20,0
DA:21,0
DA:23,0
DA:24,0
DA:29,0
DA:31,0
DA:36,0
DA:38,0
DA:39,0
DA:42,0
DA:44,0
DA:45,0
DA:48,0
DA:50,0
DA:51,0
DA:53,0
DA:55,0
DA:56,0
DA:59,0
DA:60,0
DA:62,0
DA:66,0
DA:67,0
LF:32
LH:0
BRDA:5,0,0,0
BRDA:5,0,1,0
BRDA:6,1,0,0
BRDA:6,1,1,0
BRDA:9,2,0,0
BRDA:9,2,1,0
BRDA:19,3,0,0
BRDA:19,3,1,0
BRDA:23,4,0,0
BRDA:23,4,1,0
BRDA:35,5,0,0
BRDA:35,6,0,0
BRDA:38,7,0,0
BRDA:38,7,1,0
BRDA:38,8,0,0
BRDA:38,8,1,0
BRDA:38,8,2,0
BRDA:44,9,0,0
BRDA:44,9,1,0
BRDA:50,10,0,0
BRDA:50,10,1,0
BRDA:59,11,0,0
BRDA:59,11,1,0
BRF:23
BRH:0
end_of_record
TN:
SF:/home/zach/git/forks/cornerstoneTools/src/util/roundToDecimal.js
FN:1,(anonymous_0)
FNF:1
FNH:0
FNDA:0,(anonymous_0)
DA:2,0
DA:5,0
LF:2
LH:0
BRF:0
BRH:0
end_of_record
TN:
SF:/home/zach/git/forks/cornerstoneTools/src/util/pointInsideBoundingBox.js
FN:3,(anonymous_0)
FNF:1
FNH:0
FNDA:0,(anonymous_0)
DA:4,0
DA:5,0
DA:8,0
LF:3
LH:0
BRDA:4,0,0,0
BRDA:4,0,1,0
BRF:2
BRH:0
end_of_record
TN:
SF:/home/zach/git/forks/cornerstoneTools/src/util/pointInEllipse.js
FN:1,(anonymous_0)
FNF:1
FNH:0
FNDA:0,(anonymous_0)
DA:2,0
DA:3,0
DA:5,0
DA:6,0
DA:9,0
DA:19,0
DA:24,0
DA:27,0
LF:8
LH:0
BRDA:5,0,0,0
BRDA:5,0,1,0
BRDA:5,1,0,0
BRDA:5,1,1,0
BRF:4
BRH:0
end_of_record
TN:
SF:/home/zach/git/forks/cornerstoneTools/src/util/pauseEvent.js
FN:7,(anonymous_0)
FNF:1
FNH:0
FNDA:0,(anonymous_0)
DA:8,0
DA:9,0
DA:12,0
DA:13,0
DA:16,0
DA:17,0
DA:19,0
LF:7
LH:0
BRDA:8,0,0,0
BRDA:8,0,1,0
BRDA:12,1,0,0
BRDA:12,1,1,0
BRF:4
BRH:0
end_of_record
TN:
SF:/home/zach/git/forks/cornerstoneTools/src/util/isMouseButtonEnabled.js
FN:3,(anonymous_0)
FNF:1
FNH:0
FNDA:0,(anonymous_0)
DA:4,0
DA:7,0
LF:2
LH:0
BRF:0
BRH:0
end_of_record
TN:
SF:/home/zach/git/forks/cornerstoneTools/src/util/getRGBPixels.js
FN:3,(anonymous_0)
FNF:1
FNH:0
FNDA:0,(anonymous_0)
DA:4,0
DA:5,0
DA:8,0
DA:9,0
DA:10,0
DA:11,0
DA:12,0
DA:13,0
DA:18,0
DA:19,0
DA:20,0
DA:21,0
DA:22,0
DA:23,0
DA:24,0
DA:25,0
DA:27,0
DA:28,0
DA:29,0
DA:30,0
DA:35,0
LF:21
LH:0
BRDA:4,0,0,0
BRDA:4,0,1,0
BRDA:18,1,0,0
BRDA:18,1,1,0
BRF:4
BRH:0
end_of_record
TN:
SF:/home/zach/git/forks/cornerstoneTools/src/util/getLuminance.js
FN:3,(anonymous_0)
FNF:1
FNH:0
FNDA:0,(anonymous_0)
DA:4,0
DA:5,0
DA:8,0
DA:9,0
DA:10,0
DA:11,0
DA:12,0
DA:13,0
DA:14,0
DA:19,0
DA:20,0
DA:21,0
DA:22,0
DA:23,0
DA:24,0
DA:25,0
DA:27,0
DA:31,0
DA:32,0
DA:33,0
DA:34,0
DA:39,0
LF:22
LH:0
BRDA:4,0,0,0
BRDA:4,0,1,0
BRDA:19,1,0,0
BRDA:19,1,1,0
BRF:4
BRH:0
end_of_record
TN:
SF:/home/zach/git/forks/cornerstoneTools/src/stateManagement/textStyle.js
FN:5,setFont
FN:9,getFont
FN:13,setFontSize
FN:17,getFontSize
FN:21,setBackgroundColor
FN:25,getBackgroundColor
FNF:6
FNH:0
FNDA:0,setFont
FNDA:0,getFont
FNDA:0,setFontSize
FNDA:0,getFontSize
FNDA:0,setBackgroundColor
FNDA:0,getBackgroundColor
DA:1,1
DA:2,1
DA:3,1
DA:6,0
DA:10,0
DA:14,0
DA:18,0
DA:22,0
DA:26,0
DA:29,1
LF:10
LH:4
BRF:0
BRH:0
end_of_record
TN:
SF:/home/zach/git/forks/cornerstoneTools/src/util/drawTextBox.js
FN:3,(anonymous_0)
FN:21,(anonymous_1)
FN:56,(anonymous_2)
FNF:3
FNH:0
FNDA:0,(anonymous_0)
FNDA:0,(anonymous_1)
FNDA:0,(anonymous_2)
DA:4,0
DA:5,0
DA:8,0
DA:9,0
DA:10,0
DA:11,0
DA:13,0
DA:14,0
DA:15,0
DA:16,0
DA:19,0
DA:21,0
DA:23,0
DA:26,0
DA:30,0
DA:33,0
DA:38,0
DA:39,0
DA:42,0
DA:43,0
DA:46,0
DA:47,0
DA:49,0
DA:50,0
DA:53,0
DA:56,0
DA:57,0
DA:66,0
DA:69,0
DA:72,0
LF:30
LH:0
BRDA:4,0,0,0
BRDA:4,0,1,0
BRDA:38,1,0,0
BRDA:38,1,1,0
BRDA:38,2,0,0
BRDA:38,2,1,0
BRDA:38,2,2,0
BRDA:42,3,0,0
BRDA:42,3,1,0
BRDA:42,4,0,0
BRDA:42,4,1,0
BRDA:42,4,2,0
BRDA:49,5,0,0
BRDA:49,5,1,0
BRDA:49,6,0,0
BRDA:49,6,1,0
BRF:16
BRH:0
end_of_record
TN:
SF:/home/zach/git/forks/cornerstoneTools/src/util/drawEllipse.js
FN:2,(anonymous_0)
FNF:1
FNH:0
FNDA:0,(anonymous_0)
DA:3,0
DA:4,0
DA:5,0
DA:6,0
DA:7,0
DA:8,0
DA:9,0
DA:11,0
DA:12,0
DA:13,0
DA:14,0
DA:15,0
DA:16,0
DA:17,0
DA:18,0
LF:15
LH:0
BRF:0
BRH:0
end_of_record
TN:
SF:/home/zach/git/forks/cornerstoneTools/src/util/drawCircle.js
FN:1,(anonymous_0)
FNF:1
FNH:0
FNDA:0,(anonymous_0)
DA:2,0
DA:4,0
DA:5,0
DA:6,0
DA:7,0
DA:8,0
LF:6
LH:0
BRF:0
BRH:0
end_of_record
TN:
SF:/home/zach/git/forks/cornerstoneTools/src/util/drawArrow.js
FN:1,(anonymous_0)
FNF:1
FNH:0
FNDA:0,(anonymous_0)
DA:3,0
DA:5,0
DA:8,0
DA:9,0
DA:10,0
DA:11,0
DA:12,0
DA:13,0
DA:16,0
DA:17,0
DA:18,0
DA:21,0
DA:24,0
DA:25,0
DA:28,0
DA:29,0
DA:30,0
DA:31,0
DA:32,0
LF:19
LH:0
BRF:0
BRH:0
end_of_record
TN:
SF:/home/zach/git/forks/cornerstoneTools/src/util/copyPoints.js
FN:3,(anonymous_0)
FNF:1
FNH:1
FNDA:5,(anonymous_0)
DA:4,5
DA:5,5
DA:6,5
DA:7,5
DA:9,5
LF:5
LH:5
BRF:0
BRH:0
end_of_record
TN:
SF:/home/zach/git/forks/cornerstoneTools/src/util/calculateSUV.js
FN:4,fracToDec
FN:8,(anonymous_1)
FNF:2
FNH:0
FNDA:0,fracToDec
FNDA:0,(anonymous_1)
DA:5,0
DA:9,0
DA:10,0
DA:11,0
DA:13,0
DA:14,0
DA:17,0
DA:20,0
DA:21,0
DA:24,0
DA:26,0
DA:28,0
DA:29,0
DA:32,0
DA:34,0
DA:35,0
DA:38,0
DA:39,0
DA:40,0
DA:41,0
DA:42,0
DA:44,0
DA:45,0
DA:48,0
DA:49,0
DA:50,0
DA:51,0
DA:52,0
DA:54,0
LF:29
LH:0
BRDA:13,0,0,0
BRDA:13,0,1,0
BRDA:13,1,0,0
BRDA:13,1,1,0
BRDA:20,2,0,0
BRDA:20,2,1,0
BRDA:28,3,0,0
BRDA:28,3,1,0
BRDA:34,4,0,0
BRDA:34,4,1,0
BRDA:44,5,0,0
BRDA:44,5,1,0
BRDA:44,6,0,0
BRDA:44,6,1,0
BRDA:44,6,2,0
BRDA:44,6,3,0
BRDA:48,7,0,0
BRDA:48,7,1,0
BRF:18
BRH:0
end_of_record
TN:
SF:/home/zach/git/forks/cornerstoneTools/src/util/calculateEllipseStatistics.js
FN:3,(anonymous_0)
FNF:1
FNH:0
FNDA:0,(anonymous_0)
DA:6,0
DA:7,0
DA:8,0
DA:9,0
DA:11,0
DA:12,0
DA:13,0
DA:18,0
DA:19,0
DA:20,0
DA:21,0
DA:24,0
DA:28,0
DA:29,0
DA:37,0
DA:38,0
DA:40,0
LF:17
LH:0
BRDA:18,0,0,0
BRDA:18,0,1,0
BRDA:28,1,0,0
BRDA:28,1,1,0
BRF:4
BRH:0
end_of_record
TN:
SF:/home/zach/git/forks/cornerstoneTools/src/stateManagement/toolCoordinates.js
FN:3,setCoords
FN:7,getCoords
FNF:2
FNH:0
FNDA:0,setCoords
FNDA:0,getCoords
DA:4,0
DA:8,0
DA:11,1
LF:3
LH:1
BRF:0
BRH:0
end_of_record
TN:
SF:/home/zach/git/forks/cornerstoneTools/src/manipulators/getHandleNearImagePoint.js
FN:4,(anonymous_0)
FN:11,(anonymous_1)
FNF:2
FNH:0
FNDA:0,(anonymous_0)
FNDA:0,(anonymous_1)
DA:7,0
DA:8,0
DA:11,0
DA:12,0
DA:14,0
DA:15,0
DA:16,0
DA:18,0
DA:20,0
DA:21,0
DA:22,0
DA:24,0
DA:27,0
DA:28,0
DA:30,0
DA:31,0
DA:33,0
DA:38,0
LF:18
LH:0
BRDA:7,0,0,0
BRDA:7,0,1,0
BRDA:14,1,0,0
BRDA:14,1,1,0
BRDA:15,2,0,0
BRDA:15,2,1,0
BRDA:20,3,0,0
BRDA:20,3,1,0
BRDA:21,4,0,0
BRDA:21,4,1,0
BRDA:30,5,0,0
BRDA:30,5,1,0
BRF:12
BRH:0
end_of_record
TN:
SF:/home/zach/git/forks/cornerstoneTools/src/manipulators/handleActivator.js
FN:3,getActiveHandle
FN:6,(anonymous_1)
FN:19,(anonymous_2)
FNF:3
FNH:0
FNDA:0,getActiveHandle
FNDA:0,(anonymous_1)
FNDA:0,(anonymous_2)
DA:6,0
DA:7,0
DA:9,0
DA:10,0
DA:12,0
DA:16,0
DA:20,0
DA:21,0
DA:24,0
DA:25,0
DA:27,0
DA:28,0
DA:29,0
DA:32,0
DA:33,0
DA:36,0
DA:39,0
LF:17
LH:0
BRDA:9,0,0,0
BRDA:9,0,1,0
BRDA:20,1,0,0
BRDA:20,1,1,0
BRDA:27,2,0,0
BRDA:27,2,1,0
BRDA:28,3,0,0
BRDA:28,3,1,0
BRDA:32,4,0,0
BRDA:32,4,1,0
BRF:10
BRH:0
end_of_record
TN:
SF:/home/zach/git/forks/cornerstoneTools/src/manipulators/moveHandle.js
FN:5,(anonymous_0)
FN:13,mouseDragCallback
FN:46,mouseUpCallback
FNF:3
FNH:0
FNDA:0,(anonymous_0)
FNDA:0,mouseDragCallback
FNDA:0,mouseUpCallback
DA:6,0
DA:7,0
DA:8,0
DA:14,0
DA:16,0
DA:17,0
DA:20,0
DA:21,0
DA:22,0
DA:24,0
DA:25,0
DA:26,0
DA:28,0
DA:29,0
DA:32,0
DA:34,0
DA:35,0
DA:41,0
DA:44,0
DA:47,0
DA:48,0
DA:49,0
DA:50,0
DA:51,0
DA:53,0
DA:54,0
DA:58,0
DA:59,0
LF:28
LH:0
BRDA:16,0,0,0
BRDA:16,0,1,0
BRDA:24,1,0,0
BRDA:24,1,1,0
BRDA:53,2,0,0
BRDA:53,2,1,0
BRF:6
BRH:0
end_of_record
TN:
SF:/home/zach/git/forks/cornerstoneTools/src/manipulators/moveNewHandle.js
FN:5,(anonymous_0)
FN:9,moveCallback
FN:36,whichMovement
FN:49,measurementRemovedCallback
FN:57,toolDeactivatedCallback
FN:78,moveEndCallback
FNF:6
FNH:0
FNDA:0,(anonymous_0)
FNDA:0,moveCallback
FNDA:0,whichMovement
FNDA:0,measurementRemovedCallback
FNDA:0,toolDeactivatedCallback
FNDA:0,moveEndCallback
DA:6,0
DA:7,0
DA:10,0
DA:12,0
DA:13,0
DA:14,0
DA:16,0
DA:17,0
DA:18,0
DA:20,0
DA:21,0
DA:24,0
DA:26,0
DA:27,0
DA:33,0
DA:37,0
DA:38,0
DA:40,0
DA:41,0
DA:43,0
DA:44,0
DA:45,0
DA:50,0
DA:52,0
DA:53,0
DA:58,0
DA:60,0
DA:61,0
DA:62,0
DA:63,0
DA:64,0
DA:65,0
DA:66,0
DA:68,0
DA:69,0
DA:73,0
DA:74,0
DA:75,0
DA:76,0
DA:79,0
DA:80,0
DA:81,0
DA:82,0
DA:83,0
DA:84,0
DA:86,0
DA:87,0
DA:89,0
DA:90,0
LF:49
LH:0
BRDA:16,0,0,0
BRDA:16,0,1,0
BRDA:44,1,0,0
BRDA:44,1,1,0
BRDA:52,2,0,0
BRDA:52,2,1,0
BRDA:60,3,0,0
BRDA:60,3,1,0
BRDA:89,4,0,0
BRDA:89,4,1,0
BRF:10
BRH:0
end_of_record
TN:
SF:/home/zach/git/forks/cornerstoneTools/src/manipulators/anyHandlesOutsideImage.js
FN:3,(anonymous_0)
FN:14,(anonymous_1)
FNF:2
FNH:0
FNDA:0,(anonymous_0)
FNDA:0,(anonymous_1)
DA:4,0
DA:5,0
DA:12,0
DA:14,0
DA:15,0
DA:17,0
DA:18,0
DA:21,0
DA:22,0
DA:26,0
LF:10
LH:0
BRDA:17,0,0,0
BRDA:17,0,1,0
BRDA:21,1,0,0
BRDA:21,1,1,0
BRF:4
BRH:0
end_of_record
TN:
SF:/home/zach/git/forks/cornerstoneTools/src/manipulators/moveAllHandles.js
FN:7,(anonymous_0)
FN:12,mouseDragCallback
FN:17,(anonymous_2)
FN:53,mouseUpCallback
FNF:4
FNH:0
FNDA:0,(anonymous_0)
FNDA:0,mouseDragCallback
FNDA:0,(anonymous_2)
FNDA:0,mouseUpCallback
DA:8,0
DA:9,0
DA:10,0
DA:13,0
DA:15,0
DA:17,0
DA:18,0
DA:20,0
DA:21,0
DA:24,0
DA:25,0
DA:27,0
DA:28,0
DA:29,0
DA:31,0
DA:32,0
DA:36,0
DA:38,0
DA:39,0
DA:45,0
DA:47,0
DA:48,0
DA:51,0
DA:54,0
DA:56,0
DA:58,0
DA:59,0
DA:60,0
DA:63,0
DA:65,0
DA:68,0
DA:70,0
DA:71,0
DA:75,0
DA:76,0
DA:78,0
LF:36
LH:0
BRDA:20,0,0,0
BRDA:20,0,1,0
BRDA:27,1,0,0
BRDA:27,1,1,0
BRDA:63,2,0,0
BRDA:63,2,1,0
BRDA:63,3,0,0
BRDA:63,3,1,0
BRDA:70,4,0,0
BRDA:70,4,1,0
BRF:10
BRH:0
end_of_record
TN:
SF:/home/zach/git/forks/cornerstoneTools/src/toolOptions.js
FN:3,getToolOptions
FN:9,(anonymous_1)
FN:18,setToolOptions
FN:29,(anonymous_3)
FN:43,clearToolOptions
FN:48,(anonymous_5)
FN:53,clearToolOptionsByToolType
FN:57,clearToolOptionsByElement
FN:60,(anonymous_8)
FNF:9
FNH:0
FNDA:0,getToolOptions
FNDA:0,(anonymous_1)
FNDA:0,setToolOptions
FNDA:0,(anonymous_3)
FNDA:0,clearToolOptions
FNDA:0,(anonymous_5)
FNDA:0,clearToolOptionsByToolType
FNDA:0,clearToolOptionsByElement
FNDA:0,(anonymous_8)
DA:1,1
DA:4,0
DA:5,0
DA:8,0
DA:9,0
DA:11,0
DA:12,0
DA:15,0
DA:19,0
DA:20,0
DA:25,0
DA:28,0
DA:29,0
DA:31,0
DA:32,0
DA:37,0
DA:39,0
DA:44,0
DA:46,0
DA:47,0
DA:48,0
DA:54,0
DA:58,0
DA:59,0
DA:60,0
LF:25
LH:1
BRDA:4,0,0,0
BRDA:4,0,1,0
BRDA:11,1,0,0
BRDA:11,1,1,0
BRDA:19,2,0,0
BRDA:19,2,1,0
BRDA:31,3,0,0
BRDA:31,3,1,0
BRDA:37,4,0,0
BRDA:37,4,1,0
BRDA:46,5,0,0
BRDA:46,5,1,0
BRF:12
BRH:0
end_of_record
TN:
SF:/home/zach/git/forks/cornerstoneTools/src/imageTools/mouseButtonTool.js
FN:15,(anonymous_0)
FN:19,mouseDownActivateCallback
FN:42,mouseMoveCallback
FN:81,mouseDownCallback
FN:91,handleDoneMove
FN:173,addNewMeasurement
FN:214,(anonymous_6)
FN:236,disable
FN:250,enable
FN:266,activate
FN:288,deactivate
FN:321,getConfiguration
FN:325,setConfiguration
FNF:13
FNH:2
FNDA:12,(anonymous_0)
FNDA:0,mouseDownActivateCallback
FNDA:0,mouseMoveCallback
FNDA:0,mouseDownCallback
FNDA:0,handleDoneMove
FNDA:0,addNewMeasurement
FNDA:0,(anonymous_6)
FNDA:0,disable
FNDA:0,enable
FNDA:0,activate
FNDA:0,deactivate
FNDA:0,getConfiguration
FNDA:4,setConfiguration
DA:16,12
DA:17,12
DA:20,0
DA:21,0
DA:22,0
DA:24,0
DA:25,0
DA:28,0
DA:29,0
DA:31,0
DA:34,0
DA:35,0
DA:43,0
DA:45,0
DA:48,0
DA:50,0
DA:51,0
DA:56,0
DA:58,0
DA:60,0
DA:62,0
DA:64,0
DA:65,0
DA:68,0
DA:70,0
DA:71,0
DA:76,0
DA:77,0
DA:82,0
DA:84,0
DA:85,0
DA:87,0
DA:88,0
DA:92,0
DA:93,0
DA:95,0
DA:98,0
DA:99,0
DA:102,0
DA:103,0
DA:105,0
DA:106,0
DA:115,0
DA:116,0
DA:118,0
DA:121,0
DA:122,0
DA:123,0
DA:124,0
DA:126,0
DA:127,0
DA:128,0
DA:129,0
DA:130,0
DA:131,0
DA:132,0
DA:134,0
DA:140,0
DA:141,0
DA:144,0
DA:149,0
DA:150,0
DA:151,0
DA:152,0
DA:153,0
DA:154,0
DA:155,0
DA:156,0
DA:157,0
DA:158,0
DA:160,0
DA:167,12
DA:168,12
DA:169,12
DA:170,12
DA:174,0
DA:175,0
DA:177,0
DA:179,0
DA:180,0
DA:184,0
DA:188,0
DA:189,0
DA:190,0
DA:192,0
DA:193,0
DA:196,0
DA:200,0
DA:201,0
DA:203,0
DA:208,0
DA:209,0
DA:211,0
DA:214,0
DA:215,0
DA:216,0
DA:217,0
DA:219,0
DA:222,0
DA:223,0
DA:224,0
DA:226,0
DA:227,0
DA:230,0
DA:237,0
DA:238,0
DA:239,0
DA:240,0
DA:242,0
DA:243,0
DA:246,0
DA:251,0
DA:252,0
DA:253,0
DA:254,0
DA:256,0
DA:257,0
DA:260,0
DA:262,0
DA:267,0
DA:269,0
DA:270,0
DA:271,0
DA:272,0
DA:274,0
DA:275,0
DA:276,0
DA:277,0
DA:279,0
DA:280,0
DA:281,0
DA:284,0
DA:289,0
DA:291,0
DA:292,0
DA:298,0
DA:300,0
DA:301,0
DA:302,0
DA:303,0
DA:305,0
DA:306,0
DA:307,0
DA:309,0
DA:310,0
DA:311,0
DA:314,0
DA:315,0
DA:318,0
DA:322,0
DA:326,4
DA:329,12
DA:342,12
DA:343,9
DA:346,12
DA:347,3
DA:350,12
DA:351,3
DA:354,12
LF:159
LH:15
BRDA:24,0,0,0
BRDA:24,0,1,0
BRDA:28,1,0,0
BRDA:28,1,1,0
BRDA:50,2,0,0
BRDA:50,2,1,0
BRDA:64,3,0,0
BRDA:64,3,1,0
BRDA:68,4,0,0
BRDA:68,4,1,0
BRDA:68,5,0,0
BRDA:68,5,1,0
BRDA:68,5,2,0
BRDA:68,5,3,0
BRDA:76,6,0,0
BRDA:76,6,1,0
BRDA:87,7,0,0
BRDA:87,7,1,0
BRDA:93,8,0,0
BRDA:93,8,1,0
BRDA:105,9,0,0
BRDA:105,9,1,0
BRDA:115,10,0,0
BRDA:115,10,1,0
BRDA:115,11,0,0
BRDA:115,11,1,0
BRDA:126,12,0,0
BRDA:126,12,1,0
BRDA:140,13,0,0
BRDA:140,13,1,0
BRDA:144,14,0,0
BRDA:144,14,1,0
BRDA:152,15,0,0
BRDA:152,15,1,0
BRDA:167,16,0,12
BRDA:167,16,1,10
BRDA:168,17,0,12
BRDA:168,17,1,12
BRDA:169,18,0,12
BRDA:169,18,1,10
BRDA:179,19,0,0
BRDA:179,19,1,0
BRDA:192,20,0,0
BRDA:192,20,1,0
BRDA:200,21,0,0
BRDA:200,21,1,0
BRDA:208,22,0,0
BRDA:208,22,1,0
BRDA:208,23,0,0
BRDA:208,23,1,0
BRDA:217,24,0,0
BRDA:217,24,1,0
BRDA:226,25,0,0
BRDA:226,25,1,0
BRDA:242,26,0,0
BRDA:242,26,1,0
BRDA:256,27,0,0
BRDA:256,27,1,0
BRDA:279,28,0,0
BRDA:279,28,1,0
BRDA:309,29,0,0
BRDA:309,29,1,0
BRDA:314,30,0,0
BRDA:314,30,1,0
BRDA:342,31,0,9
BRDA:342,31,1,3
BRDA:346,32,0,3
BRDA:346,32,1,9
BRDA:350,33,0,3
BRDA:350,33,1,9
BRF:70
BRH:12
end_of_record
TN:
SF:/home/zach/git/forks/cornerstoneTools/src/manipulators/drawHandles.js
FN:6,(anonymous_0)
FN:9,(anonymous_1)
FNF:2
FNH:0
FNDA:0,(anonymous_0)
FNDA:0,(anonymous_1)
DA:4,1
DA:7,0
DA:9,0
DA:10,0
DA:12,0
DA:13,0
DA:16,0
DA:17,0
DA:20,0
DA:22,0
DA:23,0
DA:25,0
DA:28,0
DA:30,0
DA:32,0
DA:33,0
DA:34,0
DA:37,0
LF:18
LH:1
BRDA:12,0,0,0
BRDA:12,0,1,0
BRDA:16,1,0,0
BRDA:16,1,1,0
BRDA:16,2,0,0
BRDA:16,2,1,0
BRDA:16,2,2,0
BRDA:22,3,0,0
BRDA:22,3,1,0
BRDA:32,4,0,0
BRDA:32,4,1,0
BRDA:32,5,0,0
BRDA:32,5,1,0
BRF:13
BRH:0
end_of_record
TN:
SF:/home/zach/git/forks/cornerstoneTools/src/measurementManager/measurementManager.js
FN:6,MeasurementManager
FN:13,(anonymous_1)
FN:24,(anonymous_2)
FNF:3
FNH:1
FNDA:1,MeasurementManager
FNDA:0,(anonymous_1)
FNDA:0,(anonymous_2)
DA:7,1
DA:8,1
DA:10,1
DA:13,1
DA:14,0
DA:16,0
DA:21,0
DA:24,1
DA:25,0
DA:27,0
DA:29,0
DA:34,0
DA:40,1
LF:13
LH:6
BRF:0
BRH:0
end_of_record
TN:
SF:/home/zach/git/forks/cornerstoneTools/src/measurementManager/lineSampleMeasurement.js
FN:6,(anonymous_0)
FN:12,(anonymous_1)
FNF:2
FNH:0
FNDA:0,(anonymous_0)
FNDA:0,(anonymous_1)
DA:7,0
DA:8,0
DA:10,0
DA:12,0
DA:13,0
DA:15,0
LF:6
LH:0
BRF:0
BRH:0
end_of_record
TN:
SF:/home/zach/git/forks/cornerstoneTools/src/timeSeriesTools/probeTool4D.js
FN:12,updateLineSample
FN:16,(anonymous_1)
FN:25,(anonymous_2)
FN:36,createNewMeasurement
FN:70,onImageRendered
FNF:5
FNH:0
FNDA:0,updateLineSample
FNDA:0,(anonymous_1)
FNDA:0,(anonymous_2)
FNDA:0,createNewMeasurement
FNDA:0,onImageRendered
DA:10,1
DA:13,0
DA:14,0
DA:16,0
DA:19,0
DA:20,0
DA:22,0
DA:25,0
DA:26,0
DA:27,0
DA:29,0
DA:32,0
DA:37,0
DA:39,0
DA:40,0
DA:43,0
DA:46,0
DA:61,0
DA:62,0
DA:64,0
DA:71,0
DA:72,0
DA:74,0
DA:76,0
DA:77,0
DA:81,0
DA:83,0
DA:85,0
DA:86,0
DA:88,0
DA:89,0
DA:90,0
DA:93,0
DA:94,0
DA:95,0
DA:97,0
DA:99,0
DA:105,0
DA:107,0
DA:109,0
DA:111,0
DA:117,1
LF:42
LH:2
BRDA:19,0,0,0
BRDA:19,0,1,0
BRDA:39,1,0,0
BRDA:39,1,1,0
BRDA:39,2,0,0
BRDA:39,2,1,0
BRDA:39,2,2,0
BRDA:76,3,0,0
BRDA:76,3,1,0
BRF:9
BRH:0
end_of_record
TN:
SF:/home/zach/git/forks/cornerstoneTools/src/timeSeriesTools/incrementTimePoint.js
FN:5,(anonymous_0)
FN:52,(anonymous_1)
FN:61,(anonymous_2)
FNF:3
FNH:0
FNDA:0,(anonymous_0)
FNDA:0,(anonymous_1)
FNDA:0,(anonymous_2)
DA:6,0
DA:8,0
DA:9,0
DA:12,0
DA:13,0
DA:14,0
DA:15,0
DA:16,0
DA:19,0
DA:20,0
DA:21,0
DA:24,0
DA:25,0
DA:28,0
DA:29,0
DA:32,0
DA:33,0
DA:34,0
DA:36,0
DA:37,0
DA:38,0
DA:40,0
DA:41,0
DA:46,0
DA:47,0
DA:49,0
DA:52,0
DA:53,0
DA:54,0
DA:55,0
DA:56,0
DA:57,0
DA:58,0
DA:62,0
DA:64,0
DA:65,0
LF:36
LH:0
BRDA:8,0,0,0
BRDA:8,0,1,0
BRDA:8,1,0,0
BRDA:8,1,1,0
BRDA:8,1,2,0
BRDA:19,2,0,0
BRDA:19,2,1,0
BRDA:20,3,0,0
BRDA:20,3,1,0
BRDA:24,4,0,0
BRDA:24,4,1,0
BRDA:32,5,0,0
BRDA:32,5,1,0
BRDA:40,6,0,0
BRDA:40,6,1,0
BRDA:46,7,0,0
BRDA:46,7,1,0
BRDA:53,8,0,0
BRDA:53,8,1,0
BRDA:57,9,0,0
BRDA:57,9,1,0
BRDA:64,10,0,0
BRDA:64,10,1,0
BRF:23
BRH:0
end_of_record
TN:
SF:/home/zach/git/forks/cornerstoneTools/src/timeSeriesTools/timeSeriesPlayer.js
FN:14,playClip
FN:50,(anonymous_1)
FN:63,stopClip
FNF:3
FNH:0
FNDA:0,playClip
FNDA:0,(anonymous_1)
FNDA:0,stopClip
DA:4,1
DA:15,0
DA:16,0
DA:19,0
DA:20,0
DA:23,0
DA:25,0
DA:26,0
DA:29,0
DA:32,0
DA:33,0
DA:39,0
DA:41,0
DA:42,0
DA:46,0
DA:47,0
DA:50,0
DA:51,0
DA:52,0
DA:54,0
DA:64,0
DA:66,0
DA:67,0
DA:69,0
DA:72,0
DA:73,0
DA:77,1
LF:27
LH:2
BRDA:15,0,0,0
BRDA:15,0,1,0
BRDA:19,1,0,0
BRDA:19,1,1,0
BRDA:25,2,0,0
BRDA:25,2,1,0
BRDA:25,3,0,0
BRDA:25,3,1,0
BRDA:25,3,2,0
BRDA:32,4,0,0
BRDA:32,4,1,0
BRDA:32,5,0,0
BRDA:32,5,1,0
BRDA:46,6,0,0
BRDA:46,6,1,0
BRDA:51,7,0,0
BRDA:51,7,1,0
BRDA:66,8,0,0
BRDA:66,8,1,0
BRDA:66,9,0,0
BRDA:66,9,1,0
BRDA:66,9,2,0
BRF:22
BRH:0
end_of_record
TN:
SF:/home/zach/git/forks/cornerstoneTools/src/imageTools/simpleMouseButtonTool.js
FN:4,(anonymous_0)
FNF:1
FNH:1
FNDA:7,(anonymous_0)
DA:5,7
DA:6,0
DA:9,7
DA:11,7
DA:13,0
DA:14,0
DA:16,0
DA:17,0
DA:20,0
DA:23,0
DA:26,0
DA:29,0
DA:32,0
LF:13
LH:3
BRDA:5,0,0,0
BRDA:5,0,1,7
BRDA:12,1,0,0
BRF:3
BRH:1
end_of_record
TN:
SF:/home/zach/git/forks/cornerstoneTools/src/imageTools/touchDragTool.js
FN:4,(anonymous_0)
FN:17,(anonymous_1)
FN:27,(anonymous_2)
FN:36,(anonymous_3)
FN:45,(anonymous_4)
FNF:5
FNH:1
FNDA:8,(anonymous_0)
FNDA:0,(anonymous_1)
FNDA:0,(anonymous_2)
FNDA:0,(anonymous_3)
FNDA:0,(anonymous_4)
DA:5,8
DA:7,8
DA:8,2
DA:11,8
DA:13,0
DA:14,0
DA:17,0
DA:18,0
DA:19,0
DA:22,0
DA:23,0
DA:27,0
DA:28,0
DA:31,0
DA:32,0
DA:36,0
DA:37,0
DA:40,0
DA:41,0
DA:45,0
DA:46,0
DA:49,0
DA:50,0
LF:23
LH:4
BRDA:7,0,0,2
BRDA:7,0,1,6
BRDA:7,1,0,8
BRDA:7,1,1,3
BRDA:13,2,0,0
BRDA:13,2,1,0
BRDA:13,3,0,0
BRDA:13,3,1,0
BRDA:22,4,0,0
BRDA:22,4,1,0
BRDA:22,5,0,0
BRDA:22,5,1,0
BRDA:31,6,0,0
BRDA:31,6,1,0
BRDA:31,7,0,0
BRDA:31,7,1,0
BRDA:40,8,0,0
BRDA:40,8,1,0
BRDA:40,9,0,0
BRDA:40,9,1,0
BRDA:49,10,0,0
BRDA:49,10,1,0
BRDA:49,11,0,0
BRDA:49,11,1,0
BRF:24
BRH:4
end_of_record
TN:
SF:/home/zach/git/forks/cornerstoneTools/src/imageTools/mouseWheelTool.js
FN:3,(anonymous_0)
FNF:1
FNH:1
FNDA:3,(anonymous_0)
DA:4,3
DA:6,0
DA:7,0
DA:10,0
DA:13,0
DA:16,0
LF:6
LH:1
BRF:0
BRH:0
end_of_record
TN:
SF:/home/zach/git/forks/cornerstoneTools/src/timeSeriesTools/timeSeriesScroll.js
FN:12,mouseUpCallback
FN:21,mouseDownCallback
FN:40,mouseDragCallback
FN:71,mouseWheelCallback
FN:78,dragCallback
FNF:5
FNH:0
FNDA:0,mouseUpCallback
FNDA:0,mouseDownCallback
FNDA:0,mouseDragCallback
FNDA:0,mouseWheelCallback
FNDA:0,dragCallback
DA:10,1
DA:13,0
DA:14,0
DA:16,0
DA:17,0
DA:18,0
DA:22,0
DA:23,0
DA:24,0
DA:26,0
DA:27,0
DA:29,0
DA:31,0
DA:32,0
DA:33,0
DA:34,0
DA:36,0
DA:41,0
DA:42,0
DA:44,0
DA:46,0
DA:48,0
DA:49,0
DA:52,0
DA:54,0
DA:56,0
DA:57,0
DA:60,0
DA:61,0
DA:62,0
DA:64,0
DA:65,0
DA:68,0
DA:72,0
DA:73,0
DA:75,0
DA:79,0
DA:80,0
DA:84,0
DA:86,0
DA:88,0
DA:89,0
DA:92,0
DA:93,0
DA:94,0
DA:96,0
DA:97,0
DA:100,0
DA:104,1
DA:105,1
DA:106,1
LF:51
LH:4
BRDA:26,0,0,0
BRDA:26,0,1,0
BRDA:48,1,0,0
BRDA:48,1,1,0
BRDA:48,2,0,0
BRDA:48,2,1,0
BRDA:48,2,2,0
BRDA:56,3,0,0
BRDA:56,3,1,0
BRDA:56,4,0,0
BRDA:56,4,1,0
BRDA:60,5,0,0
BRDA:60,5,1,0
BRDA:60,6,0,0
BRDA:60,6,1,0
BRDA:88,7,0,0
BRDA:88,7,1,0
BRDA:88,8,0,0
BRDA:88,8,1,0
BRDA:88,8,2,0
BRDA:92,9,0,0
BRDA:92,9,1,0
BRDA:92,10,0,0
BRDA:92,10,1,0
BRF:24
BRH:0
end_of_record
TN:
SF:/home/zach/git/forks/cornerstoneTools/src/synchronization/wwwcSynchronizer.js
FN:4,(anonymous_0)
FNF:1
FNH:0
FNDA:0,(anonymous_0)
DA:7,0
DA:8,0
DA:11,0
DA:13,0
DA:14,0
DA:17,0
DA:18,0
DA:22,0
DA:23,0
DA:24,0
DA:25,0
LF:11
LH:0
BRDA:7,0,0,0
BRDA:7,0,1,0
BRDA:17,1,0,0
BRDA:17,1,1,0
BRDA:17,2,0,0
BRDA:17,2,1,0
BRDA:17,2,2,0
BRF:7
BRH:0
end_of_record
TN:
SF:/home/zach/git/forks/cornerstoneTools/src/synchronization/updateImageSynchronizer.js
FN:4,(anonymous_0)
FNF:1
FNH:0
FNDA:0,(anonymous_0)
DA:7,0
DA:8,0
DA:11,0
LF:3
LH:0
BRDA:7,0,0,0
BRDA:7,0,1,0
BRF:2
BRH:0
end_of_record
TN:
SF:/home/zach/git/forks/cornerstoneTools/src/synchronization/Synchronizer.js
FN:6,unique
FN:7,(anonymous_1)
FN:15,Synchronizer
FN:25,(anonymous_3)
FN:29,(anonymous_4)
FN:33,(anonymous_5)
FN:44,(anonymous_6)
FN:68,(anonymous_7)
FN:108,fireEvent
FN:115,(anonymous_9)
FN:144,onEvent
FN:155,(anonymous_11)
FN:167,(anonymous_12)
FN:178,(anonymous_13)
FN:199,(anonymous_14)
FN:205,(anonymous_15)
FN:217,(anonymous_16)
FN:230,(anonymous_17)
FN:250,(anonymous_18)
FN:256,(anonymous_19)
FN:261,(anonymous_20)
FN:265,(anonymous_21)
FN:271,(anonymous_22)
FN:277,disableHandler
FN:284,(anonymous_24)
FN:287,(anonymous_25)
FN:293,(anonymous_26)
FN:296,(anonymous_27)
FNF:28
FNH:0
FNDA:0,unique
FNDA:0,(anonymous_1)
FNDA:0,Synchronizer
FNDA:0,(anonymous_3)
FNDA:0,(anonymous_4)
FNDA:0,(anonymous_5)
FNDA:0,(anonymous_6)
FNDA:0,(anonymous_7)
FNDA:0,fireEvent
FNDA:0,(anonymous_9)
FNDA:0,onEvent
FNDA:0,(anonymous_11)
FNDA:0,(anonymous_12)
FNDA:0,(anonymous_13)
FNDA:0,(anonymous_14)
FNDA:0,(anonymous_15)
FNDA:0,(anonymous_16)
FNDA:0,(anonymous_17)
FNDA:0,(anonymous_18)
FNDA:0,(anonymous_19)
FNDA:0,(anonymous_20)
FNDA:0,(anonymous_21)
FNDA:0,(anonymous_22)
FNDA:0,disableHandler
FNDA:0,(anonymous_24)
FNDA:0,(anonymous_25)
FNDA:0,(anonymous_26)
FNDA:0,(anonymous_27)
DA:7,0
DA:8,0
DA:16,0
DA:17,0
DA:18,0
DA:19,0
DA:21,0
DA:22,0
DA:23,0
DA:25,0
DA:26,0
DA:29,0
DA:30,0
DA:33,0
DA:34,0
DA:35,0
DA:38,0
DA:39,0
DA:44,0
DA:45,0
DA:47,0
DA:48,0
DA:51,0
DA:52,0
DA:54,0
DA:55,0
DA:58,0
DA:60,0
DA:61,0
DA:63,0
DA:66,0
DA:68,0
DA:69,0
DA:71,0
DA:72,0
DA:75,0
DA:77,0
DA:79,0
DA:80,0
DA:83,0
DA:84,0
DA:87,0
DA:88,0
DA:91,0
DA:93,0
DA:94,0
DA:97,0
DA:99,0
DA:102,0
DA:103,0
DA:110,0
DA:111,0
DA:114,0
DA:115,0
DA:116,0
DA:118,0
DA:119,0
DA:122,0
DA:123,0
DA:125,0
DA:126,0
DA:129,0
DA:133,0
DA:134,0
DA:135,0
DA:136,0
DA:139,0
DA:141,0
DA:145,0
DA:147,0
DA:148,0
DA:151,0
DA:155,0
DA:157,0
DA:159,0
DA:160,0
DA:164,0
DA:167,0
DA:168,0
DA:172,0
DA:174,0
DA:178,0
DA:180,0
DA:182,0
DA:183,0
DA:187,0
DA:190,0
DA:193,0
DA:195,0
DA:199,0
DA:200,0
DA:201,0
DA:205,0
DA:207,0
DA:209,0
DA:210,0
DA:214,0
DA:217,0
DA:218,0
DA:222,0
DA:225,0
DA:226,0
DA:230,0
DA:232,0
DA:234,0
DA:235,0
DA:239,0
DA:242,0
DA:245,0
DA:246,0
DA:250,0
DA:251,0
DA:252,0
DA:256,0
DA:257,0
DA:261,0
DA:262,0
DA:265,0
DA:266,0
DA:267,0
DA:268,0
DA:271,0
DA:272,0
DA:273,0
DA:274,0
DA:278,0
DA:280,0
DA:281,0
DA:284,0
DA:285,0
DA:287,0
DA:288,0
DA:289,0
DA:293,0
DA:294,0
DA:296,0
DA:297,0
LF:137
LH:0
BRDA:34,0,0,0
BRDA:34,0,1,0
BRDA:34,1,0,0
BRDA:34,1,1,0
BRDA:47,2,0,0
BRDA:47,2,1,0
BRDA:47,3,0,0
BRDA:47,3,1,0
BRDA:54,4,0,0
BRDA:54,4,1,0
BRDA:54,5,0,0
BRDA:54,5,1,0
BRDA:60,6,0,0
BRDA:60,6,1,0
BRDA:71,7,0,0
BRDA:71,7,1,0
BRDA:71,8,0,0
BRDA:71,8,1,0
BRDA:79,9,0,0
BRDA:79,9,1,0
BRDA:83,10,0,0
BRDA:83,10,1,0
BRDA:87,11,0,0
BRDA:87,11,1,0
BRDA:93,12,0,0
BRDA:93,12,1,0
BRDA:93,13,0,0
BRDA:93,13,1,0
BRDA:102,14,0,0
BRDA:102,14,1,0
BRDA:110,15,0,0
BRDA:110,15,1,0
BRDA:110,16,0,0
BRDA:110,16,1,0
BRDA:118,17,0,0
BRDA:118,17,1,0
BRDA:125,18,0,0
BRDA:125,18,1,0
BRDA:133,19,0,0
BRDA:133,19,1,0
BRDA:135,20,0,0
BRDA:135,20,1,0
BRDA:147,21,0,0
BRDA:147,21,1,0
BRDA:159,22,0,0
BRDA:159,22,1,0
BRDA:182,23,0,0
BRDA:182,23,1,0
BRDA:209,24,0,0
BRDA:209,24,1,0
BRDA:234,25,0,0
BRDA:234,25,1,0
BRF:52
BRH:0
end_of_record
TN:
SF:/home/zach/git/forks/cornerstoneTools/src/synchronization/stackScrollSynchronizer.js
FN:7,(anonymous_0)
FN:50,(anonymous_1)
FN:58,(anonymous_2)
FNF:3
FNH:0
FNDA:0,(anonymous_0)
FNDA:0,(anonymous_1)
FNDA:0,(anonymous_2)
DA:9,0
DA:10,0
DA:14,0
DA:15,0
DA:18,0
DA:20,0
DA:21,0
DA:24,0
DA:27,0
DA:30,0
DA:31,0
DA:34,0
DA:35,0
DA:36,0
DA:38,0
DA:39,0
DA:44,0
DA:45,0
DA:47,0
DA:50,0
DA:51,0
DA:53,0
DA:54,0
DA:55,0
DA:56,0
DA:59,0
DA:61,0
DA:62,0
LF:28
LH:0
BRDA:9,0,0,0
BRDA:9,0,1,0
BRDA:14,1,0,0
BRDA:14,1,1,0
BRDA:14,2,0,0
BRDA:14,2,1,0
BRDA:30,3,0,0
BRDA:30,3,1,0
BRDA:38,4,0,0
BRDA:38,4,1,0
BRDA:44,5,0,0
BRDA:44,5,1,0
BRDA:55,6,0,0
BRDA:55,6,1,0
BRDA:61,7,0,0
BRDA:61,7,1,0
BRF:16
BRH:0
end_of_record
TN:
SF:/home/zach/git/forks/cornerstoneTools/src/synchronization/stackImagePositionSynchronizer.js
FN:8,(anonymous_0)
FN:32,(anonymous_1)
FN:72,(anonymous_2)
FN:80,(anonymous_3)
FNF:4
FNH:0
FNDA:0,(anonymous_0)
FNDA:0,(anonymous_1)
FNDA:0,(anonymous_2)
FNDA:0,(anonymous_3)
DA:11,0
DA:12,0
DA:15,0
DA:16,0
DA:17,0
DA:19,0
DA:22,0
DA:25,0
DA:26,0
DA:27,0
DA:29,0
DA:30,0
DA:32,0
DA:33,0
DA:35,0
DA:38,0
DA:41,0
DA:42,0
DA:45,0
DA:46,0
DA:47,0
DA:51,0
DA:52,0
DA:55,0
DA:56,0
DA:57,0
DA:59,0
DA:60,0
DA:63,0
DA:66,0
DA:67,0
DA:69,0
DA:72,0
DA:73,0
DA:75,0
DA:76,0
DA:77,0
DA:78,0
DA:81,0
DA:83,0
DA:84,0
LF:41
LH:0
BRDA:11,0,0,0
BRDA:11,0,1,0
BRDA:19,1,0,0
BRDA:19,1,1,0
BRDA:19,2,0,0
BRDA:19,2,1,0
BRDA:35,3,0,0
BRDA:35,3,1,0
BRDA:35,4,0,0
BRDA:35,4,1,0
BRDA:45,5,0,0
BRDA:45,5,1,0
BRDA:51,6,0,0
BRDA:51,6,1,0
BRDA:59,7,0,0
BRDA:59,7,1,0
BRDA:63,8,0,0
BRDA:63,8,1,0
BRDA:66,9,0,0
BRDA:66,9,1,0
BRDA:77,10,0,0
BRDA:77,10,1,0
BRDA:83,11,0,0
BRDA:83,11,1,0
BRF:24
BRH:0
end_of_record
TN:
SF:/home/zach/git/forks/cornerstoneTools/src/synchronization/stackImagePositionOffsetSynchronizer.js
FN:11,(anonymous_0)
FN:35,(anonymous_1)
FN:66,(anonymous_2)
FN:74,(anonymous_3)
FNF:4
FNH:0
FNDA:0,(anonymous_0)
FNDA:0,(anonymous_1)
FNDA:0,(anonymous_2)
FNDA:0,(anonymous_3)
DA:14,0
DA:15,0
DA:18,0
DA:19,0
DA:20,0
DA:21,0
DA:23,0
DA:24,0
DA:26,0
DA:27,0
DA:29,0
DA:30,0
DA:33,0
DA:35,0
DA:36,0
DA:37,0
DA:38,0
DA:40,0
DA:41,0
DA:42,0
DA:46,0
DA:47,0
DA:50,0
DA:51,0
DA:52,0
DA:54,0
DA:55,0
DA:60,0
DA:61,0
DA:63,0
DA:66,0
DA:67,0
DA:69,0
DA:70,0
DA:71,0
DA:72,0
DA:75,0
DA:77,0
DA:78,0
LF:39
LH:0
BRDA:14,0,0,0
BRDA:14,0,1,0
BRDA:29,1,0,0
BRDA:29,1,1,0
BRDA:40,2,0,0
BRDA:40,2,1,0
BRDA:46,3,0,0
BRDA:46,3,1,0
BRDA:46,4,0,0
BRDA:46,4,1,0
BRDA:54,5,0,0
BRDA:54,5,1,0
BRDA:60,6,0,0
BRDA:60,6,1,0
BRDA:71,7,0,0
BRDA:71,7,1,0
BRDA:77,8,0,0
BRDA:77,8,1,0
BRF:18
BRH:0
end_of_record
TN:
SF:/home/zach/git/forks/cornerstoneTools/src/synchronization/stackImageIndexSynchronizer.js
FN:7,(anonymous_0)
FN:46,(anonymous_1)
FN:54,(anonymous_2)
FNF:3
FNH:0
FNDA:0,(anonymous_0)
FNDA:0,(anonymous_1)
FNDA:0,(anonymous_2)
DA:10,0
DA:11,0
DA:14,0
DA:15,0
DA:16,0
DA:17,0
DA:18,0
DA:20,0
DA:23,0
DA:26,0
DA:27,0
DA:30,0
DA:31,0
DA:32,0
DA:34,0
DA:35,0
DA:40,0
DA:41,0
DA:43,0
DA:46,0
DA:47,0
DA:49,0
DA:50,0
DA:51,0
DA:52,0
DA:55,0
DA:57,0
DA:58,0
LF:28
LH:0
BRDA:10,0,0,0
BRDA:10,0,1,0
BRDA:26,1,0,0
BRDA:26,1,1,0
BRDA:34,2,0,0
BRDA:34,2,1,0
BRDA:40,3,0,0
BRDA:40,3,1,0
BRDA:51,4,0,0
BRDA:51,4,1,0
BRDA:57,5,0,0
BRDA:57,5,1,0
BRF:12
BRH:0
end_of_record
TN:
SF:/home/zach/git/forks/cornerstoneTools/src/synchronization/panZoomSynchronizer.js
FN:4,(anonymous_0)
FNF:1
FNH:0
FNDA:0,(anonymous_0)
DA:7,0
DA:8,0
DA:11,0
DA:13,0
DA:14,0
DA:17,0
DA:18,0
DA:22,0
DA:23,0
DA:24,0
DA:25,0
LF:11
LH:0
BRDA:7,0,0,0
BRDA:7,0,1,0
BRDA:17,1,0,0
BRDA:17,1,1,0
BRDA:17,2,0,0
BRDA:17,2,1,0
BRDA:17,2,2,0
BRF:7
BRH:0
end_of_record
TN:
SF:/home/zach/git/forks/cornerstoneTools/src/stateManagement/timeSeriesSpecificStateManager.js
FN:6,newTimeSeriesSpecificToolStateManager
FN:11,addStackSpecificToolState
FN:34,getStackSpecificToolState
FN:62,addTimeSeriesStateManager
FNF:4
FNH:0
FNDA:0,newTimeSeriesSpecificToolStateManager
FNDA:0,addStackSpecificToolState
FNDA:0,getStackSpecificToolState
FNDA:0,addTimeSeriesStateManager
DA:7,0
DA:13,0
DA:16,0
DA:17,0
DA:22,0
DA:25,0
DA:28,0
DA:36,0
DA:38,0
DA:39,0
DA:44,0
DA:48,0
DA:51,0
DA:57,0
DA:60,1
DA:63,0
DA:64,0
DA:66,0
DA:67,0
DA:70,0
DA:72,0
DA:73,0
LF:22
LH:1
BRDA:13,0,0,0
BRDA:13,0,1,0
BRDA:16,1,0,0
BRDA:16,1,1,0
BRDA:36,2,0,0
BRDA:36,2,1,0
BRDA:38,3,0,0
BRDA:38,3,1,0
BRDA:63,4,0,0
BRDA:63,4,1,0
BRDA:66,5,0,0
BRDA:66,5,1,0
BRF:12
BRH:0
end_of_record
TN:
SF:/home/zach/git/forks/cornerstoneTools/src/stateManagement/stackSpecificStateManager.js
FN:6,newStackSpecificToolStateManager
FN:9,saveToolState
FN:13,restoreToolState
FN:19,addStackSpecificToolState
FN:42,getStackSpecificToolState
FN:74,addStackStateManager
FNF:6
FNH:0
FNDA:0,newStackSpecificToolStateManager
FNDA:0,saveToolState
FNDA:0,restoreToolState
FNDA:0,addStackSpecificToolState
FNDA:0,getStackSpecificToolState
FNDA:0,addStackStateManager
DA:7,0
DA:10,0
DA:14,0
DA:21,0
DA:24,0
DA:25,0
DA:30,0
DA:33,0
DA:36,0
DA:44,0
DA:46,0
DA:47,0
DA:52,0
DA:56,0
DA:60,0
DA:69,0
DA:72,1
DA:75,0
DA:77,0
DA:78,0
DA:81,0
DA:83,0
DA:84,0
DA:87,0
DA:89,0
DA:90,0
DA:93,1
LF:27
LH:2
BRDA:21,0,0,0
BRDA:21,0,1,0
BRDA:24,1,0,0
BRDA:24,1,1,0
BRDA:44,2,0,0
BRDA:44,2,1,0
BRDA:46,3,0,0
BRDA:46,3,1,0
BRDA:77,4,0,0
BRDA:77,4,1,0
BRDA:83,5,0,0
BRDA:83,5,1,0
BRF:12
BRH:0
end_of_record
TN:
SF:/home/zach/git/forks/cornerstoneTools/src/stateManagement/frameOfReferenceStateManager.js
FN:5,newFrameOfReferenceSpecificToolStateManager
FN:10,addFrameOfReferenceSpecificToolState
FN:33,getFrameOfReferenceSpecificToolState
FN:52,removeFrameOfReferenceSpecificToolState
FNF:4
FNH:1
FNDA:1,newFrameOfReferenceSpecificToolStateManager
FNDA:0,addFrameOfReferenceSpecificToolState
FNDA:0,getFrameOfReferenceSpecificToolState
FNDA:0,removeFrameOfReferenceSpecificToolState
DA:6,1
DA:12,0
DA:13,0
DA:16,0
DA:19,0
DA:20,0
DA:25,0
DA:28,0
DA:35,0
DA:36,0
DA:39,0
DA:42,0
DA:43,0
DA:46,0
DA:49,0
DA:54,0
DA:55,0
DA:58,0
DA:61,0
DA:62,0
DA:65,0
DA:67,0
DA:69,0
DA:70,0
DA:71,0
DA:75,0
DA:76,0
DA:80,1
DA:89,1
LF:29
LH:3
BRDA:12,0,0,0
BRDA:12,0,1,0
BRDA:19,1,0,0
BRDA:19,1,1,0
BRDA:35,2,0,0
BRDA:35,2,1,0
BRDA:42,3,0,0
BRDA:42,3,1,0
BRDA:54,4,0,0
BRDA:54,4,1,0
BRDA:61,5,0,0
BRDA:61,5,1,0
BRDA:70,6,0,0
BRDA:70,6,1,0
BRDA:75,7,0,0
BRDA:75,7,1,0
BRF:16
BRH:0
end_of_record
TN:
SF:/home/zach/git/forks/cornerstoneTools/src/stateManagement/appState.js
FN:5,saveApplicationState
FN:14,(anonymous_1)
FN:29,restoreApplicationState
FN:41,(anonymous_3)
FNF:4
FNH:0
FNDA:0,saveApplicationState
FNDA:0,(anonymous_1)
FNDA:0,restoreApplicationState
FNDA:0,(anonymous_3)
DA:7,0
DA:14,0
DA:15,0
DA:17,0
DA:18,0
DA:21,0
DA:23,0
DA:26,0
DA:30,0
DA:33,0
DA:36,0
DA:39,0
DA:41,0
DA:43,0
DA:45,0
DA:46,0
DA:49,0
DA:50,0
DA:53,0
DA:55,0
DA:56,0
DA:59,0
DA:62,0
DA:64,0
DA:67,0
DA:70,0
DA:73,1
LF:27
LH:1
BRDA:17,0,0,0
BRDA:17,0,1,0
BRDA:30,1,0,0
BRDA:30,1,1,0
BRDA:30,2,0,0
BRDA:30,2,1,0
BRDA:30,2,2,0
BRDA:45,3,0,0
BRDA:45,3,1,0
BRDA:49,4,0,0
BRDA:49,4,1,0
BRDA:55,5,0,0
BRDA:55,5,1,0
BRF:13
BRH:0
end_of_record
TN:
SF:/home/zach/git/forks/cornerstoneTools/src/imageTools/keyboardTool.js
FN:3,(anonymous_0)
FNF:1
FNH:1
FNDA:1,(anonymous_0)
DA:4,1
DA:6,1
DA:8,0
DA:9,0
DA:12,0
DA:15,0
DA:18,0
DA:21,0
DA:24,0
LF:9
LH:2
BRF:0
BRH:0
end_of_record
TN:
SF:/home/zach/git/forks/cornerstoneTools/src/stackTools/stackScrollKeyboard.js
FN:9,keyDownCallback
FNF:1
FNH:0
FNDA:0,keyDownCallback
DA:4,1
DA:10,0
DA:11,0
DA:13,0
DA:14,0
DA:17,0
DA:19,0
DA:20,0
DA:23,0
DA:27,1
LF:10
LH:2
BRDA:13,0,0,0
BRDA:13,0,1,0
BRDA:13,1,0,0
BRDA:13,1,1,0
BRDA:19,2,0,0
BRDA:19,2,1,0
BRF:6
BRH:0
end_of_record
TN:
SF:/home/zach/git/forks/cornerstoneTools/src/imageTools/multiTouchDragTool.js
FN:3,(anonymous_0)
FN:13,(anonymous_1)
FN:23,(anonymous_2)
FN:32,(anonymous_3)
FN:41,(anonymous_4)
FNF:5
FNH:1
FNDA:2,(anonymous_0)
FNDA:0,(anonymous_1)
FNDA:0,(anonymous_2)
FNDA:0,(anonymous_3)
FNDA:0,(anonymous_4)
DA:4,2
DA:5,2
DA:7,2
DA:8,0
DA:11,2
DA:13,0
DA:14,0
DA:15,0
DA:18,0
DA:19,0
DA:23,0
DA:24,0
DA:27,0
DA:28,0
DA:32,0
DA:33,0
DA:36,0
DA:37,0
DA:41,0
DA:42,0
DA:45,0
DA:46,0
DA:50,0
DA:53,2
LF:24
LH:5
BRDA:7,0,0,0
BRDA:7,0,1,2
BRDA:7,1,0,2
BRDA:7,1,1,1
BRDA:18,2,0,0
BRDA:18,2,1,0
BRDA:18,3,0,0
BRDA:18,3,1,0
BRDA:27,4,0,0
BRDA:27,4,1,0
BRDA:27,5,0,0
BRDA:27,5,1,0
BRDA:36,6,0,0
BRDA:36,6,1,0
BRDA:36,7,0,0
BRDA:36,7,1,0
BRDA:45,8,0,0
BRDA:45,8,1,0
BRDA:45,9,0,0
BRDA:45,9,1,0
BRF:20
BRH:3
end_of_record
TN:
SF:/home/zach/git/forks/cornerstoneTools/src/stackTools/stackScroll.js
FN:14,mouseUpCallback
FN:23,mouseDownCallback
FN:42,mouseWheelCallback
FN:59,dragCallback
FN:118,multiTouchDragCallback
FNF:5
FNH:0
FNDA:0,mouseUpCallback
FNDA:0,mouseDownCallback
FNDA:0,mouseWheelCallback
FNDA:0,dragCallback
FNDA:0,multiTouchDragCallback
DA:11,1
DA:12,1
DA:15,0
DA:16,0
DA:18,0
DA:19,0
DA:20,0
DA:24,0
DA:25,0
DA:26,0
DA:28,0
DA:29,0
DA:31,0
DA:33,0
DA:34,0
DA:35,0
DA:36,0
DA:38,0
DA:43,0
DA:44,0
DA:46,0
DA:48,0
DA:49,0
DA:51,0
DA:52,0
DA:53,0
DA:56,0
DA:60,0
DA:61,0
DA:63,0
DA:65,0
DA:66,0
DA:69,0
DA:71,0
DA:73,0
DA:75,0
DA:76,0
DA:80,0
DA:82,0
DA:83,0
DA:86,0
DA:87,0
DA:89,0
DA:91,0
DA:92,0
DA:94,0
DA:96,0
DA:98,0
DA:101,0
DA:103,0
DA:104,0
DA:108,1
DA:109,1
DA:111,1
DA:116,1
DA:119,0
DA:120,0
DA:122,0
DA:123,0
DA:127,1
DA:129,0
DA:133,1
DA:135,1
LF:63
LH:9
BRDA:28,0,0,0
BRDA:28,0,1,0
BRDA:51,1,0,0
BRDA:51,1,1,0
BRDA:52,2,0,0
BRDA:52,2,1,0
BRDA:53,3,0,0
BRDA:53,3,1,0
BRDA:65,4,0,0
BRDA:65,4,1,0
BRDA:65,5,0,0
BRDA:65,5,1,0
BRDA:65,5,2,0
BRDA:75,6,0,0
BRDA:75,6,1,0
BRDA:75,7,0,0
BRDA:75,7,1,0
BRDA:82,8,0,0
BRDA:82,8,1,0
BRDA:82,9,0,0
BRDA:82,9,1,0
BRDA:87,10,0,0
BRDA:87,10,1,0
BRDA:91,11,0,0
BRDA:91,11,1,0
BRDA:122,12,0,0
BRDA:122,12,1,0
BRDA:122,13,0,0
BRDA:122,13,1,0
BRF:29
BRH:0
end_of_record
TN:
SF:/home/zach/git/forks/cornerstoneTools/src/stackTools/stackPrefetch.js
FN:18,range
FN:38,(anonymous_1)
FN:42,(anonymous_2)
FN:46,nearestIndex
FN:52,(anonymous_4)
FN:66,prefetch
FN:97,removeFromList
FN:107,(anonymous_7)
FN:110,(anonymous_8)
FN:140,doneCallback
FN:150,failCallback
FN:192,getPromiseRemovedHandler
FN:193,(anonymous_12)
FN:231,onImageUpdated
FN:235,(anonymous_14)
FN:249,enable
FN:296,disable
FN:315,getConfiguration
FN:319,setConfiguration
FNF:19
FNH:0
FNDA:0,range
FNDA:0,(anonymous_1)
FNDA:0,(anonymous_2)
FNDA:0,nearestIndex
FNDA:0,(anonymous_4)
FNDA:0,prefetch
FNDA:0,removeFromList
FNDA:0,(anonymous_7)
FNDA:0,(anonymous_8)
FNDA:0,doneCallback
FNDA:0,failCallback
FNDA:0,getPromiseRemovedHandler
FNDA:0,(anonymous_12)
FNDA:0,onImageUpdated
FNDA:0,(anonymous_14)
FNDA:0,enable
FNDA:0,disable
FNDA:0,getConfiguration
FNDA:0,setConfiguration
DA:8,1
DA:9,1
DA:11,1
DA:16,1
DA:21,0
DA:22,0
DA:24,0
DA:25,0
DA:27,0
DA:28,0
DA:31,0
DA:32,0
DA:35,0
DA:38,1
DA:39,0
DA:42,1
DA:43,0
DA:49,0
DA:50,0
DA:52,0
DA:53,0
DA:54,0
DA:55,0
DA:56,0
DA:60,0
DA:68,0
DA:70,0
DA:71,0
DA:74,0
DA:77,0
DA:79,0
DA:80,0
DA:83,0
DA:86,0
DA:87,0
DA:91,0
DA:92,0
DA:98,0
DA:100,0
DA:101,0
DA:107,0
DA:108,0
DA:110,0
DA:111,0
DA:113,0
DA:114,0
DA:117,0
DA:119,0
DA:120,0
DA:126,0
DA:127,0
DA:131,0
DA:134,0
DA:138,0
DA:142,0
DA:144,0
DA:148,0
DA:151,0
DA:152,0
DA:153,0
DA:158,0
DA:159,0
DA:161,0
DA:162,0
DA:163,0
DA:164,0
DA:166,0
DA:167,0
DA:169,0
DA:170,0
DA:173,0
DA:174,0
DA:175,0
DA:176,0
DA:179,0
DA:180,0
DA:181,0
DA:182,0
DA:189,0
DA:193,0
DA:194,0
DA:201,0
DA:203,0
DA:205,0
DA:208,0
DA:209,0
DA:212,0
DA:213,0
DA:217,0
DA:218,0
DA:221,0
DA:223,0
DA:224,0
DA:227,0
DA:234,0
DA:235,0
DA:236,0
DA:240,0
DA:241,0
DA:243,0
DA:251,0
DA:253,0
DA:256,0
DA:258,0
DA:259,0
DA:262,0
DA:265,0
DA:266,0
DA:268,0
DA:272,0
DA:279,0
DA:281,0
DA:283,0
DA:285,0
DA:287,0
DA:288,0
DA:290,0
DA:292,0
DA:293,0
DA:297,0
DA:298,0
DA:300,0
DA:302,0
DA:304,0
DA:307,0
DA:308,0
DA:311,0
DA:316,0
DA:320,0
DA:322,0
DA:323,0
DA:328,1
LF:132
LH:7
BRDA:21,0,0,0
BRDA:21,0,1,0
BRDA:22,1,0,0
BRDA:22,1,1,0
BRDA:27,2,0,0
BRDA:27,2,1,0
BRDA:53,3,0,0
BRDA:53,3,1,0
BRDA:55,4,0,0
BRDA:55,4,1,0
BRDA:70,5,0,0
BRDA:70,5,1,0
BRDA:70,6,0,0
BRDA:70,6,1,0
BRDA:70,6,2,0
BRDA:79,7,0,0
BRDA:79,7,1,0
BRDA:83,8,0,0
BRDA:83,8,1,0
BRDA:86,9,0,0
BRDA:86,9,1,0
BRDA:86,10,0,0
BRDA:86,10,1,0
BRDA:91,11,0,0
BRDA:91,11,1,0
BRDA:100,12,0,0
BRDA:100,12,1,0
BRDA:113,13,0,0
BRDA:113,13,1,0
BRDA:119,14,0,0
BRDA:119,14,1,0
BRDA:126,15,0,0
BRDA:126,15,1,0
BRDA:152,16,0,0
BRDA:152,16,1,0
BRDA:161,17,0,0
BRDA:161,17,1,0
BRDA:166,18,0,0
BRDA:166,18,1,0
BRDA:167,19,0,0
BRDA:167,19,1,0
BRDA:169,20,0,0
BRDA:169,20,1,0
BRDA:169,21,0,0
BRDA:169,21,1,0
BRDA:173,22,0,0
BRDA:173,22,1,0
BRDA:179,23,0,0
BRDA:179,23,1,0
BRDA:208,24,0,0
BRDA:208,24,1,0
BRDA:208,25,0,0
BRDA:208,25,1,0
BRDA:208,25,2,0
BRDA:217,26,0,0
BRDA:217,26,1,0
BRDA:223,27,0,0
BRDA:223,27,1,0
BRDA:223,28,0,0
BRDA:223,28,1,0
BRDA:223,28,2,0
BRDA:258,29,0,0
BRDA:258,29,1,0
BRDA:258,30,0,0
BRDA:258,30,1,0
BRDA:258,30,2,0
BRDA:265,31,0,0
BRDA:265,31,1,0
BRDA:307,32,0,0
BRDA:307,32,1,0
BRDA:307,33,0,0
BRDA:307,33,1,0
BRDA:322,34,0,0
BRDA:322,34,1,0
BRF:74
BRH:0
end_of_record
TN:
SF:/home/zach/git/forks/cornerstoneTools/src/imageTools/displayTool.js
FN:5,(anonymous_0)
FNF:1
FNH:1
FNDA:3,(anonymous_0)
DA:6,3
DA:8,3
DA:10,0
DA:13,0
DA:14,0
DA:15,0
DA:18,0
DA:21,1
LF:8
LH:3
BRF:0
BRH:0
end_of_record
TN:
SF:/home/zach/git/forks/cornerstoneTools/src/stackTools/scrollIndicator.js
FN:15,onImageRendered
FNF:1
FNH:0
FNDA:0,onImageRendered
DA:7,1
DA:9,1
DA:16,0
DA:17,0
DA:18,0
DA:19,0
DA:21,0
DA:22,0
DA:25,0
DA:27,0
DA:28,0
DA:30,0
DA:33,0
DA:34,0
DA:35,0
DA:37,0
DA:41,0
DA:43,0
DA:44,0
DA:47,0
DA:48,0
DA:51,0
DA:52,0
DA:53,0
DA:54,0
DA:56,0
DA:57,0
DA:58,0
DA:60,0
DA:63,0
DA:66,1
DA:68,1
LF:32
LH:4
BRDA:21,0,0,0
BRDA:21,0,1,0
BRDA:21,1,0,0
BRDA:21,1,1,0
BRDA:34,2,0,0
BRDA:34,2,1,0
BRDA:43,3,0,0
BRDA:43,3,1,0
BRDA:43,4,0,0
BRDA:43,4,1,0
BRDA:43,4,2,0
BRDA:57,5,0,0
BRDA:57,5,1,0
BRF:13
BRH:0
end_of_record
TN:
SF:/home/zach/git/forks/cornerstoneTools/src/stackTools/fusionRenderer.js
FN:5,(anonymous_0)
FN:11,(anonymous_1)
FN:35,(anonymous_2)
FN:51,(anonymous_3)
FN:68,(anonymous_4)
FNF:5
FNH:0
FNDA:0,(anonymous_0)
FNDA:0,(anonymous_1)
FNDA:0,(anonymous_2)
FNDA:0,(anonymous_3)
FNDA:0,(anonymous_4)
DA:6,0
DA:7,0
DA:8,0
DA:13,0
DA:14,0
DA:17,0
DA:18,0
DA:21,0
DA:22,0
DA:24,0
DA:28,0
DA:31,0
DA:32,0
DA:33,0
DA:35,0
DA:36,0
DA:39,0
DA:40,0
DA:43,0
DA:44,0
DA:48,0
DA:51,0
DA:52,0
DA:53,0
DA:54,0
DA:59,0
DA:60,0
DA:61,0
DA:64,0
DA:68,0
DA:69,0
DA:70,0
DA:75,0
DA:76,0
DA:77,0
LF:35
LH:0
BRDA:13,0,0,0
BRDA:13,0,1,0
BRDA:17,1,0,0
BRDA:17,1,1,0
BRDA:21,2,0,0
BRDA:21,2,1,0
BRDA:39,3,0,0
BRDA:39,3,1,0
BRDA:59,4,0,0
BRDA:59,4,1,0
BRDA:64,5,0,0
BRDA:64,5,1,0
BRF:12
BRH:0
end_of_record
TN:
SF:/home/zach/git/forks/cornerstoneTools/src/stackTools/stackRenderers.js
FNF:0
FNH:0
DA:3,1
DA:5,1
LF:2
LH:2
BRF:0
BRH:0
end_of_record
TN:
SF:/home/zach/git/forks/cornerstoneTools/src/stackTools/playClip.js
FN:17,getPlayClipTimeouts
FN:66,stopClipWithData
FN:84,triggerStopEvent
FN:99,playClip
FN:167,(anonymous_4)
FN:216,(anonymous_5)
FN:231,(anonymous_6)
FN:247,playClipTimeoutHandler
FN:263,stopClip
FNF:9
FNH:0
FNDA:0,getPlayClipTimeouts
FNDA:0,stopClipWithData
FNDA:0,triggerStopEvent
FNDA:0,playClip
FNDA:0,(anonymous_4)
FNDA:0,(anonymous_5)
FNDA:0,(anonymous_6)
FNDA:0,playClipTimeoutHandler
FNDA:0,stopClip
DA:8,1
DA:22,0
DA:23,0
DA:24,0
DA:27,0
DA:29,0
DA:30,0
DA:34,0
DA:35,0
DA:36,0
DA:37,0
DA:38,0
DA:39,0
DA:40,0
DA:43,0
DA:46,0
DA:47,0
DA:49,0
DA:51,0
DA:54,0
DA:57,0
DA:67,0
DA:69,0
DA:70,0
DA:71,0
DA:72,0
DA:74,0
DA:85,0
DA:89,0
DA:103,0
DA:104,0
DA:107,0
DA:109,0
DA:110,0
DA:113,0
DA:117,0
DA:118,0
DA:120,0
DA:121,0
DA:125,0
DA:127,0
DA:129,0
DA:130,0
DA:142,0
DA:144,0
DA:146,0
DA:150,0
DA:151,0
DA:152,0
DA:154,0
DA:158,0
DA:163,0
DA:167,0
DA:174,0
DA:176,0
DA:178,0
DA:179,0
DA:181,0
DA:184,0
DA:185,0
DA:186,0
DA:188,0
DA:192,0
DA:193,0
DA:196,0
DA:197,0
DA:200,0
DA:202,0
DA:203,0
DA:204,0
DA:206,0
DA:207,0
DA:210,0
DA:211,0
DA:213,0
DA:216,0
DA:217,0
DA:218,0
DA:219,0
DA:220,0
DA:221,0
DA:223,0
DA:225,0
DA:226,0
DA:229,0
DA:232,0
DA:234,0
DA:235,0
DA:245,0
DA:246,0
DA:247,0
DA:248,0
DA:249,0
DA:253,0
DA:254,0
DA:265,0
DA:267,0
DA:268,0
DA:271,0
LF:99
LH:1
BRDA:29,0,0,0
BRDA:29,0,1,0
BRDA:29,1,0,0
BRDA:29,1,1,0
BRDA:37,2,0,0
BRDA:37,2,1,0
BRDA:39,3,0,0
BRDA:39,3,1,0
BRDA:46,4,0,0
BRDA:46,4,1,0
BRDA:47,5,0,0
BRDA:47,5,1,0
BRDA:69,6,0,0
BRDA:69,6,1,0
BRDA:71,7,0,0
BRDA:71,7,1,0
BRDA:103,8,0,0
BRDA:103,8,1,0
BRDA:109,9,0,0
BRDA:109,9,1,0
BRDA:109,10,0,0
BRDA:109,10,1,0
BRDA:109,10,2,0
BRDA:117,11,0,0
BRDA:117,11,1,0
BRDA:120,12,0,0
BRDA:120,12,1,0
BRDA:120,13,0,0
BRDA:120,13,1,0
BRDA:120,13,2,0
BRDA:129,14,0,0
BRDA:129,14,1,0
BRDA:129,15,0,0
BRDA:129,15,1,0
BRDA:129,15,2,0
BRDA:150,16,0,0
BRDA:150,16,1,0
BRDA:150,17,0,0
BRDA:150,17,1,0
BRDA:158,18,0,0
BRDA:158,18,1,0
BRDA:159,19,0,0
BRDA:159,19,1,0
BRDA:159,19,2,0
BRDA:178,20,0,0
BRDA:178,20,1,0
BRDA:184,21,0,0
BRDA:184,21,1,0
BRDA:184,22,0,0
BRDA:184,22,1,0
BRDA:184,22,2,0
BRDA:192,23,0,0
BRDA:192,23,1,0
BRDA:196,24,0,0
BRDA:196,24,1,0
BRDA:200,25,0,0
BRDA:200,25,1,0
BRDA:206,26,0,0
BRDA:206,26,1,0
BRDA:210,27,0,0
BRDA:210,27,1,0
BRDA:219,28,0,0
BRDA:219,28,1,0
BRDA:225,29,0,0
BRDA:225,29,1,0
BRDA:234,30,0,0
BRDA:234,30,1,0
BRDA:245,31,0,0
BRDA:245,31,1,0
BRDA:245,32,0,0
BRDA:245,32,1,0
BRDA:245,32,2,0
BRDA:267,33,0,0
BRDA:267,33,1,0
BRDA:267,34,0,0
BRDA:267,34,1,0
BRDA:267,34,2,0
BRF:77
BRH:0
end_of_record
TN:
SF:/home/zach/git/forks/cornerstoneTools/src/manipulators/moveNewHandleTouch.js
FN:5,(anonymous_0)
FN:18,moveCallback
FN:44,moveEndCallback
FN:82,stopImmediatePropagation
FN:97,toolDeactivatedCallback
FNF:5
FNH:0
FNDA:0,(anonymous_0)
FNDA:0,moveCallback
FNDA:0,moveEndCallback
FNDA:0,stopImmediatePropagation
FNDA:0,toolDeactivatedCallback
DA:7,0
DA:8,0
DA:9,0
DA:10,0
DA:15,0
DA:16,0
DA:19,0
DA:21,0
DA:22,0
DA:24,0
DA:25,0
DA:26,0
DA:28,0
DA:29,0
DA:32,0
DA:34,0
DA:35,0
DA:41,0
DA:45,0
DA:47,0
DA:48,0
DA:49,0
DA:50,0
DA:51,0
DA:52,0
DA:54,0
DA:55,0
DA:56,0
DA:57,0
DA:59,0
DA:62,0
DA:63,0
DA:64,0
DA:65,0
DA:67,0
DA:68,0
DA:69,0
DA:71,0
DA:72,0
DA:75,0
DA:77,0
DA:78,0
DA:86,0
DA:88,0
DA:91,0
DA:92,0
DA:93,0
DA:94,0
DA:95,0
DA:98,0
DA:99,0
DA:100,0
DA:101,0
DA:102,0
DA:103,0
DA:105,0
DA:106,0
DA:107,0
DA:108,0
DA:110,0
DA:111,0
DA:112,0
DA:114,0
DA:115,0
DA:118,0
DA:121,0
LF:66
LH:0
BRDA:24,0,0,0
BRDA:24,0,1,0
BRDA:54,1,0,0
BRDA:54,1,1,0
BRDA:54,2,0,0
BRDA:54,2,1,0
BRDA:67,3,0,0
BRDA:67,3,1,0
BRDA:77,4,0,0
BRDA:77,4,1,0
BRDA:110,5,0,0
BRDA:110,5,1,0
BRF:12
BRH:0
end_of_record
TN:
SF:/home/zach/git/forks/cornerstoneTools/src/manipulators/touchMoveAllHandles.js
FN:7,(anonymous_0)
FN:12,touchDragCallback
FN:17,(anonymous_2)
FN:44,touchEndCallback
FNF:4
FNH:0
FNDA:0,(anonymous_0)
FNDA:0,touchDragCallback
FNDA:0,(anonymous_2)
FNDA:0,touchEndCallback
DA:8,0
DA:9,0
DA:10,0
DA:13,0
DA:15,0
DA:17,0
DA:18,0
DA:20,0
DA:21,0
DA:24,0
DA:25,0
DA:27,0
DA:29,0
DA:30,0
DA:36,0
DA:38,0
DA:39,0
DA:42,0
DA:45,0
DA:48,0
DA:49,0
DA:51,0
DA:53,0
DA:54,0
DA:55,0
DA:56,0
DA:57,0
DA:60,0
DA:62,0
DA:63,0
DA:66,0
DA:68,0
DA:69,0
DA:73,0
DA:74,0
DA:75,0
DA:76,0
DA:77,0
DA:79,0
LF:39
LH:0
BRDA:20,0,0,0
BRDA:20,0,1,0
BRDA:62,1,0,0
BRDA:62,1,1,0
BRDA:62,2,0,0
BRDA:62,2,1,0
BRDA:68,3,0,0
BRDA:68,3,1,0
BRF:8
BRH:0
end_of_record
TN:
SF:/home/zach/git/forks/cornerstoneTools/src/manipulators/touchMoveHandle.js
FN:21,animate
FN:53,(anonymous_1)
FN:58,(anonymous_2)
FN:80,touchDragCallback
FN:116,touchEndCallback
FN:124,(anonymous_5)
FN:142,(anonymous_6)
FNF:7
FNH:0
FNDA:0,animate
FNDA:0,(anonymous_1)
FNDA:0,(anonymous_2)
FNDA:0,touchDragCallback
FNDA:0,touchEndCallback
FNDA:0,(anonymous_5)
FNDA:0,(anonymous_6)
DA:9,1
DA:13,1
DA:23,0
DA:24,0
DA:27,0
DA:29,0
DA:33,0
DA:34,0
DA:36,0
DA:37,0
DA:38,0
DA:40,0
DA:43,0
DA:44,0
DA:45,0
DA:46,0
DA:50,0
DA:53,0
DA:54,0
DA:60,0
DA:62,0
DA:63,0
DA:64,0
DA:65,0
DA:67,0
DA:71,0
DA:73,0
DA:78,0
DA:81,0
DA:84,0
DA:86,0
DA:87,0
DA:90,0
DA:92,0
DA:93,0
DA:98,0
DA:99,0
DA:100,0
DA:102,0
DA:104,0
DA:105,0
DA:111,0
DA:114,0
DA:117,0
DA:120,0
DA:122,0
DA:123,0
DA:124,0
DA:125,0
DA:128,0
DA:130,0
DA:131,0
DA:133,0
DA:134,0
DA:137,0
DA:138,0
DA:142,0
DA:143,0
DA:146,0
LF:59
LH:2
BRDA:23,0,0,0
BRDA:23,0,1,0
BRDA:36,1,0,0
BRDA:36,1,1,0
BRDA:43,2,0,0
BRDA:43,2,1,0
BRDA:45,3,0,0
BRDA:45,3,1,0
BRDA:86,4,0,0
BRDA:86,4,1,0
BRDA:130,5,0,0
BRDA:130,5,1,0
BRDA:137,6,0,0
BRDA:137,6,1,0
BRF:14
BRH:0
end_of_record
TN:
SF:/home/zach/git/forks/cornerstoneTools/src/inputSources/keyboardInput.js
FN:8,keyPress
FN:44,mouseMove
FN:51,enable
FN:52,(anonymous_3)
FN:61,disable
FN:62,(anonymous_5)
FNF:6
FNH:0
FNDA:0,keyPress
FNDA:0,mouseMove
FNDA:0,enable
FNDA:0,(anonymous_3)
FNDA:0,disable
FNDA:0,(anonymous_5)
DA:9,0
DA:10,0
DA:11,0
DA:13,0
DA:14,0
DA:17,0
DA:33,0
DA:35,0
DA:41,0
DA:45,0
DA:46,0
DA:49,1
DA:52,0
DA:53,0
DA:54,0
DA:57,0
DA:58,0
DA:62,0
DA:63,0
DA:66,0
DA:70,1
LF:21
LH:2
BRDA:13,0,0,0
BRDA:13,0,1,0
BRDA:18,1,0,0
BRDA:18,1,1,0
BRF:4
BRH:0
end_of_record
TN:
SF:/home/zach/git/forks/cornerstoneTools/src/inputSources/mouseInput.js
FN:11,getEventWhich
FN:29,preventClickHandler
FN:33,mouseDoubleClick
FN:84,mouseDown
FN:138,onMouseMove
FN:186,onMouseUp
FN:245,mouseMove
FN:306,disable
FN:312,enable
FNF:9
FNH:0
FNDA:0,getEventWhich
FNDA:0,preventClickHandler
FNDA:0,mouseDoubleClick
FNDA:0,mouseDown
FNDA:0,onMouseMove
FNDA:0,onMouseUp
FNDA:0,mouseMove
FNDA:0,disable
FNDA:0,enable
DA:7,1
DA:9,1
DA:12,0
DA:13,0
DA:16,0
DA:17,0
DA:18,0
DA:19,0
DA:20,0
DA:21,0
DA:22,0
DA:23,0
DA:26,0
DA:30,0
DA:34,0
DA:35,0
DA:36,0
DA:38,0
DA:39,0
DA:42,0
DA:44,0
DA:53,0
DA:55,0
DA:65,0
DA:81,0
DA:85,0
DA:86,0
DA:87,0
DA:89,0
DA:90,0
DA:93,0
DA:95,0
DA:98,0
DA:100,0
DA:109,0
DA:111,0
DA:112,0
DA:128,0
DA:130,0
DA:132,0
DA:133,0
DA:136,0
DA:140,0
DA:141,0
DA:150,0
DA:153,0
DA:160,0
DA:175,0
DA:178,0
DA:181,0
DA:188,0
DA:190,0
DA:192,0
DA:193,0
DA:197,0
DA:206,0
DA:209,0
DA:216,0
DA:229,0
DA:231,0
DA:232,0
DA:234,0
DA:236,0
DA:239,0
DA:240,0
DA:242,0
DA:246,0
DA:247,0
DA:248,0
DA:250,0
DA:251,0
DA:254,0
DA:256,0
DA:265,0
DA:267,0
DA:270,0
DA:279,0
DA:282,0
DA:289,0
DA:300,0
DA:303,0
DA:307,0
DA:308,0
DA:309,0
DA:314,0
DA:316,0
DA:317,0
DA:318,0
DA:322,1
LF:89
LH:3
BRDA:12,0,0,0
BRDA:12,0,1,0
BRDA:16,1,0,0
BRDA:16,1,1,0
BRDA:18,2,0,0
BRDA:18,2,1,0
BRDA:20,3,0,0
BRDA:20,3,1,0
BRDA:22,4,0,0
BRDA:22,4,1,0
BRDA:38,5,0,0
BRDA:38,5,1,0
BRDA:89,6,0,0
BRDA:89,6,1,0
BRDA:130,7,0,0
BRDA:130,7,1,0
BRDA:192,8,0,0
BRDA:192,8,1,0
BRDA:250,9,0,0
BRDA:250,9,1,0
BRF:20
BRH:0
end_of_record
TN:
SF:/home/zach/git/forks/cornerstoneTools/src/inputSources/mouseWheelInput.js
FN:5,mouseWheel
FN:75,enable
FN:79,(anonymous_2)
FN:84,disable
FN:85,(anonymous_4)
FNF:5
FNH:0
FNDA:0,mouseWheel
FNDA:0,enable
FNDA:0,(anonymous_2)
FNDA:0,disable
FNDA:0,(anonymous_4)
DA:6,0
DA:7,0
DA:8,0
DA:10,0
DA:11,0
DA:19,0
DA:20,0
DA:23,0
DA:24,0
DA:27,0
DA:32,0
DA:33,0
DA:34,0
DA:37,0
DA:38,0
DA:41,0
DA:43,0
DA:47,0
DA:48,0
DA:49,0
DA:50,0
DA:51,0
DA:52,0
DA:54,0
DA:57,0
DA:59,0
DA:70,0
DA:73,1
DA:77,0
DA:79,0
DA:80,0
DA:85,0
DA:86,0
DA:91,1
LF:34
LH:2
BRDA:10,0,0,0
BRDA:10,0,1,0
BRDA:19,1,0,0
BRDA:19,1,1,0
BRDA:19,2,0,0
BRDA:19,2,1,0
BRDA:23,3,0,0
BRDA:23,3,1,0
BRDA:23,4,0,0
BRDA:23,4,1,0
BRDA:32,5,0,0
BRDA:32,5,1,0
BRDA:32,6,0,0
BRDA:32,6,1,0
BRDA:43,7,0,0
BRDA:43,7,1,0
BRDA:43,8,0,0
BRDA:43,8,1,0
BRDA:47,9,0,0
BRDA:47,9,1,0
BRDA:49,10,0,0
BRDA:49,10,1,0
BRDA:51,11,0,0
BRDA:51,11,1,0
BRDA:57,12,0,0
BRDA:57,12,1,0
BRF:26
BRH:0
end_of_record
TN:
SF:/home/zach/git/forks/cornerstoneTools/src/inputSources/preventGhostClick.js
FN:14,handleTap
FN:38,attachEvents
FN:41,(anonymous_2)
FN:46,removeEvents
FN:49,(anonymous_4)
FN:57,disable
FN:62,enable
FNF:7
FNH:0
FNDA:0,handleTap
FNDA:0,attachEvents
FNDA:0,(anonymous_2)
FNDA:0,removeEvents
FNDA:0,(anonymous_4)
FNDA:0,disable
FNDA:0,enable
DA:5,1
DA:6,1
DA:15,0
DA:17,0
DA:18,0
DA:19,0
DA:20,0
DA:21,0
DA:23,0
DA:26,0
DA:29,0
DA:35,1
DA:36,1
DA:39,0
DA:41,0
DA:42,0
DA:47,0
DA:49,0
DA:50,0
DA:54,1
DA:55,1
DA:58,0
DA:59,0
DA:63,0
DA:64,0
DA:65,0
DA:68,1
LF:27
LH:7
BRDA:17,0,0,0
BRDA:17,0,1,0
BRDA:18,1,0,0
BRDA:18,1,1,0
BRDA:39,2,0,0
BRDA:39,2,1,0
BRDA:47,3,0,0
BRDA:47,3,1,0
BRF:8
BRH:0
end_of_record
TN:
SF:/home/zach/git/forks/cornerstoneTools/src/inputSources/touchInput.js
FN:29,onTouch
FN:161,(anonymous_1)
FN:211,(anonymous_2)
FN:249,(anonymous_3)
FN:440,enable
FN:486,(anonymous_5)
FN:497,disable
FN:502,(anonymous_7)
FNF:8
FNH:0
FNDA:0,onTouch
FNDA:0,(anonymous_1)
FNDA:0,(anonymous_2)
FNDA:0,(anonymous_3)
FNDA:0,enable
FNDA:0,(anonymous_5)
FNDA:0,disable
FNDA:0,(anonymous_7)
DA:18,1
DA:19,1
DA:20,1
DA:21,1
DA:24,1
DA:25,1
DA:27,1
DA:30,0
DA:31,0
DA:32,0
DA:34,0
DA:35,0
DA:45,0
DA:48,0
DA:49,0
DA:50,0
DA:53,0
DA:55,0
DA:56,0
DA:59,0
DA:67,0
DA:69,0
DA:70,0
DA:80,0
DA:81,0
DA:84,0
DA:85,0
DA:88,0
DA:96,0
DA:98,0
DA:99,0
DA:109,0
DA:110,0
DA:113,0
DA:114,0
DA:116,0
DA:117,0
DA:120,0
DA:121,0
DA:123,0
DA:124,0
DA:125,0
DA:126,0
DA:129,0
DA:131,0
DA:135,0
DA:137,0
DA:138,0
DA:150,0
DA:152,0
DA:153,0
DA:156,0
DA:158,0
DA:160,0
DA:161,0
DA:162,0
DA:170,0
DA:172,0
DA:173,0
DA:174,0
DA:177,0
DA:188,0
DA:190,0
DA:196,0
DA:197,0
DA:198,0
DA:201,0
DA:202,0
DA:206,0
DA:209,0
DA:210,0
DA:211,0
DA:212,0
DA:213,0
DA:216,0
DA:224,0
DA:226,0
DA:227,0
DA:237,0
DA:241,0
DA:244,0
DA:246,0
DA:247,0
DA:249,0
DA:250,0
DA:258,0
DA:260,0
DA:262,0
DA:273,0
DA:275,0
DA:282,0
DA:287,0
DA:293,0
DA:304,0
DA:307,0
DA:314,0
DA:316,0
DA:318,0
DA:319,0
DA:322,0
DA:323,0
DA:324,0
DA:327,0
DA:340,0
DA:342,0
DA:343,0
DA:346,0
DA:351,0
DA:359,0
DA:360,0
DA:361,0
DA:364,0
DA:365,0
DA:369,0
DA:370,0
DA:373,0
DA:381,0
DA:384,0
DA:391,0
DA:393,0
DA:406,0
DA:408,0
DA:410,0
DA:411,0
DA:414,0
DA:417,0
DA:418,0
DA:420,0
DA:422,0
DA:424,0
DA:425,0
DA:433,0
DA:434,0
DA:437,0
DA:441,0
DA:442,0
DA:444,0
DA:448,0
DA:450,0
DA:456,0
DA:457,0
DA:460,0
DA:464,0
DA:465,0
DA:466,0
DA:468,0
DA:476,0
DA:479,0
DA:480,0
DA:482,0
DA:484,0
DA:486,0
DA:487,0
DA:490,0
DA:492,0
DA:494,0
DA:498,0
DA:500,0
DA:502,0
DA:503,0
DA:506,0
DA:507,0
DA:509,0
DA:510,0
DA:515,1
LF:165
LH:8
BRDA:31,0,0,0
BRDA:31,0,1,0
BRDA:34,1,0,0
BRDA:34,1,1,0
BRDA:48,2,0,0
BRDA:48,2,1,0
BRDA:48,3,0,0
BRDA:48,3,1,0
BRDA:48,3,2,0
BRDA:48,3,3,0
BRDA:53,4,0,0
BRDA:53,4,1,0
BRDA:53,4,2,0
BRDA:53,4,3,0
BRDA:53,4,4,0
BRDA:53,4,5,0
BRDA:53,4,6,0
BRDA:53,4,7,0
BRDA:53,4,8,0
BRDA:53,4,9,0
BRDA:123,5,0,0
BRDA:123,5,1,0
BRDA:144,6,0,0
BRDA:144,6,1,0
BRDA:173,7,0,0
BRDA:173,7,1,0
BRDA:190,8,0,0
BRDA:190,8,1,0
BRDA:197,9,0,0
BRDA:197,9,1,0
BRDA:212,10,0,0
BRDA:212,10,1,0
BRDA:316,11,0,0
BRDA:316,11,1,0
BRDA:323,12,0,0
BRDA:323,12,1,0
BRDA:369,13,0,0
BRDA:369,13,1,0
BRDA:410,14,0,0
BRDA:410,14,1,0
BRDA:445,15,0,0
BRDA:445,15,1,0
BRDA:509,16,0,0
BRDA:509,16,1,0
BRF:44
BRH:0
end_of_record
TN:
SF:/home/zach/git/forks/cornerstoneTools/src/imageTools/touchTool.js
FN:11,deactivateAllHandles
FN:12,(anonymous_1)
FN:19,deactivateAllToolInstances
FN:36,touchTool
FN:38,addNewMeasurement
FN:71,(anonymous_5)
FN:86,touchDownActivateCallback
FN:102,tapCallback
FN:116,doneMovingCallback
FN:180,touchStartCallback
FN:191,doneMovingCallback
FN:272,disable
FN:290,enable
FN:310,activate
FN:335,deactivate
FNF:15
FNH:1
FNDA:0,deactivateAllHandles
FNDA:0,(anonymous_1)
FNDA:0,deactivateAllToolInstances
FNDA:10,touchTool
FNDA:0,addNewMeasurement
FNDA:0,(anonymous_5)
FNDA:0,touchDownActivateCallback
FNDA:0,tapCallback
FNDA:0,doneMovingCallback
FNDA:0,touchStartCallback
FNDA:0,doneMovingCallback
FNDA:0,disable
FNDA:0,enable
FNDA:0,activate
FNDA:0,deactivate
DA:12,0
DA:13,0
DA:15,0
DA:20,0
DA:21,0
DA:24,0
DA:25,0
DA:27,0
DA:28,0
DA:29,0
DA:32,0
DA:40,0
DA:41,0
DA:43,0
DA:45,0
DA:46,0
DA:49,0
DA:51,0
DA:52,0
DA:53,0
DA:54,0
DA:55,0
DA:56,0
DA:58,0
DA:61,0
DA:63,0
DA:66,0
DA:67,0
DA:68,0
DA:70,0
DA:71,0
DA:72,0
DA:73,0
DA:74,0
DA:76,0
DA:79,0
DA:80,0
DA:81,0
DA:82,0
DA:87,0
DA:90,0
DA:91,0
DA:93,0
DA:96,0
DA:97,0
DA:103,0
DA:106,0
DA:107,0
DA:108,0
DA:109,0
DA:114,0
DA:118,0
DA:119,0
DA:121,0
DA:124,0
DA:125,0
DA:126,0
DA:130,0
DA:131,0
DA:132,0
DA:133,0
DA:134,0
DA:136,0
DA:137,0
DA:138,0
DA:139,0
DA:140,0
DA:141,0
DA:142,0
DA:143,0
DA:144,0
DA:146,0
DA:152,0
DA:153,0
DA:154,0
DA:155,0
DA:156,0
DA:157,0
DA:158,0
DA:159,0
DA:160,0
DA:161,0
DA:162,0
DA:164,0
DA:171,0
DA:172,0
DA:174,0
DA:177,0
DA:181,0
DA:184,0
DA:185,0
DA:186,0
DA:188,0
DA:193,0
DA:194,0
DA:195,0
DA:197,0
DA:200,0
DA:201,0
DA:202,0
DA:204,0
DA:205,0
DA:208,0
DA:209,0
DA:217,0
DA:219,0
DA:220,0
DA:223,0
DA:224,0
DA:226,0
DA:228,0
DA:229,0
DA:230,0
DA:231,0
DA:232,0
DA:235,0
DA:236,0
DA:237,0
DA:238,0
DA:239,0
DA:241,0
DA:246,0
DA:247,0
DA:250,0
DA:251,0
DA:253,0
DA:254,0
DA:255,0
DA:256,0
DA:257,0
DA:260,0
DA:261,0
DA:262,0
DA:263,0
DA:265,0
DA:273,0
DA:274,0
DA:275,0
DA:276,0
DA:278,0
DA:279,0
DA:282,0
DA:283,0
DA:286,0
DA:291,0
DA:292,0
DA:293,0
DA:294,0
DA:296,0
DA:298,0
DA:299,0
DA:302,0
DA:303,0
DA:306,0
DA:311,0
DA:312,0
DA:313,0
DA:314,0
DA:316,0
DA:317,0
DA:318,0
DA:319,0
DA:321,0
DA:322,0
DA:323,0
DA:326,0
DA:327,0
DA:328,0
DA:331,0
DA:336,0
DA:337,0
DA:342,0
DA:344,0
DA:345,0
DA:346,0
DA:347,0
DA:349,0
DA:350,0
DA:352,0
DA:353,0
DA:356,0
DA:357,0
DA:360,0
DA:363,10
DA:374,10
DA:375,10
DA:378,10
DA:379,0
DA:382,10
DA:383,3
DA:386,10
DA:387,3
DA:390,10
LF:193
LH:9
BRDA:20,0,0,0
BRDA:20,0,1,0
BRDA:28,1,0,0
BRDA:28,1,1,0
BRDA:45,2,0,0
BRDA:45,2,1,0
BRDA:51,3,0,0
BRDA:51,3,1,0
BRDA:51,4,0,0
BRDA:51,4,1,0
BRDA:56,5,0,0
BRDA:56,5,1,0
BRDA:66,6,0,0
BRDA:66,6,1,0
BRDA:67,7,0,0
BRDA:67,7,1,0
BRDA:68,8,0,0
BRDA:68,8,1,0
BRDA:74,9,0,0
BRDA:74,9,1,0
BRDA:79,10,0,0
BRDA:79,10,1,0
BRDA:80,11,0,0
BRDA:80,11,1,0
BRDA:81,12,0,0
BRDA:81,12,1,0
BRDA:90,13,0,0
BRDA:90,13,1,0
BRDA:119,14,0,0
BRDA:119,14,1,0
BRDA:125,15,0,0
BRDA:125,15,1,0
BRDA:126,16,0,0
BRDA:126,16,1,0
BRDA:130,17,0,0
BRDA:130,17,1,0
BRDA:136,18,0,0
BRDA:136,18,1,0
BRDA:137,19,0,0
BRDA:137,19,1,0
BRDA:138,20,0,0
BRDA:138,20,1,0
BRDA:152,21,0,0
BRDA:152,21,1,0
BRDA:152,22,0,0
BRDA:152,22,1,0
BRDA:155,23,0,0
BRDA:155,23,1,0
BRDA:156,24,0,0
BRDA:156,24,1,0
BRDA:157,25,0,0
BRDA:157,25,1,0
BRDA:171,26,0,0
BRDA:171,26,1,0
BRDA:195,27,0,0
BRDA:195,27,1,0
BRDA:201,28,0,0
BRDA:201,28,1,0
BRDA:202,29,0,0
BRDA:202,29,1,0
BRDA:204,30,0,0
BRDA:204,30,1,0
BRDA:208,31,0,0
BRDA:208,31,1,0
BRDA:208,32,0,0
BRDA:208,32,1,0
BRDA:219,33,0,0
BRDA:219,33,1,0
BRDA:228,34,0,0
BRDA:228,34,1,0
BRDA:229,35,0,0
BRDA:229,35,1,0
BRDA:230,36,0,0
BRDA:230,36,1,0
BRDA:231,37,0,0
BRDA:231,37,1,0
BRDA:246,38,0,0
BRDA:246,38,1,0
BRDA:253,39,0,0
BRDA:253,39,1,0
BRDA:254,40,0,0
BRDA:254,40,1,0
BRDA:255,41,0,0
BRDA:255,41,1,0
BRDA:256,42,0,0
BRDA:256,42,1,0
BRDA:274,43,0,0
BRDA:274,43,1,0
BRDA:275,44,0,0
BRDA:275,44,1,0
BRDA:276,45,0,0
BRDA:276,45,1,0
BRDA:278,46,0,0
BRDA:278,46,1,0
BRDA:282,47,0,0
BRDA:282,47,1,0
BRDA:292,48,0,0
BRDA:292,48,1,0
BRDA:293,49,0,0
BRDA:293,49,1,0
BRDA:294,50,0,0
BRDA:294,50,1,0
BRDA:298,51,0,0
BRDA:298,51,1,0
BRDA:302,52,0,0
BRDA:302,52,1,0
BRDA:312,53,0,0
BRDA:312,53,1,0
BRDA:313,54,0,0
BRDA:313,54,1,0
BRDA:314,55,0,0
BRDA:314,55,1,0
BRDA:317,56,0,0
BRDA:317,56,1,0
BRDA:318,57,0,0
BRDA:318,57,1,0
BRDA:319,58,0,0
BRDA:319,58,1,0
BRDA:321,59,0,0
BRDA:321,59,1,0
BRDA:326,60,0,0
BRDA:326,60,1,0
BRDA:345,61,0,0
BRDA:345,61,1,0
BRDA:346,62,0,0
BRDA:346,62,1,0
BRDA:347,63,0,0
BRDA:347,63,1,0
BRDA:350,64,0,0
BRDA:350,64,1,0
BRDA:352,65,0,0
BRDA:352,65,1,0
BRDA:356,66,0,0
BRDA:356,66,1,0
BRDA:368,67,0,10
BRDA:368,67,1,10
BRDA:369,68,0,10
BRDA:369,68,1,10
BRDA:370,69,0,10
BRDA:370,69,1,10
BRDA:374,70,0,10
BRDA:374,70,1,0
BRDA:378,71,0,0
BRDA:378,71,1,10
BRDA:382,72,0,3
BRDA:382,72,1,7
BRDA:386,73,0,3
BRDA:386,73,1,7
BRF:148
BRH:12
end_of_record
TN:
SF:/home/zach/git/forks/cornerstoneTools/src/imageTools/angleTool.js
FN:15,createNewMeasurement
FN:52,pointNearTool
FN:75,onImageRendered
FNF:3
FNH:0
FNDA:0,createNewMeasurement
FNDA:0,pointNearTool
FNDA:0,onImageRendered
DA:12,1
DA:17,0
DA:48,0
DA:53,0
DA:55,0
DA:60,0
DA:62,0
DA:63,0
DA:66,0
DA:67,0
DA:69,0
DA:71,0
DA:76,0
DA:79,0
DA:81,0
DA:82,0
DA:86,0
DA:88,0
DA:92,0
DA:93,0
DA:94,0
DA:95,0
DA:97,0
DA:98,0
DA:101,0
DA:102,0
DA:103,0
DA:104,0
DA:107,0
DA:110,0
DA:111,0
DA:113,0
DA:117,0
DA:118,0
DA:119,0
DA:121,0
DA:122,0
DA:124,0
DA:125,0
DA:127,0
DA:128,0
DA:130,0
DA:131,0
DA:132,0
DA:135,0
DA:138,0
DA:142,0
DA:143,0
DA:144,0
DA:145,0
DA:147,0
DA:149,0
DA:151,0
DA:152,0
DA:153,0
DA:155,0
DA:156,0
DA:158,0
DA:159,0
DA:160,0
DA:166,1
DA:173,1
LF:62
LH:3
BRDA:62,0,0,0
BRDA:62,0,1,0
BRDA:81,1,0,0
BRDA:81,1,1,0
BRDA:101,2,0,0
BRDA:101,2,1,0
BRDA:101,3,0,0
BRDA:101,3,1,0
BRDA:102,4,0,0
BRDA:102,4,1,0
BRDA:103,5,0,0
BRDA:103,5,1,0
BRDA:104,6,0,0
BRDA:104,6,1,0
BRDA:110,7,0,0
BRDA:110,7,1,0
BRF:16
BRH:0
end_of_record
TN:
SF:/home/zach/git/forks/cornerstoneTools/src/imageTools/arrowAnnotate.js
FN:24,getTextCallback
FN:28,changeTextCallback
FN:43,addNewMeasurement
FN:48,doneChangingTextCallback
FN:75,(anonymous_4)
FN:91,createNewMeasurement
FN:124,pointNearTool
FN:139,onImageRendered
FN:301,addNewMeasurementTouch
FN:306,doneChangingTextCallback
FN:327,(anonymous_10)
FN:343,doubleClickCallback
FN:354,doneChangingTextCallback
FN:391,pressCallback
FN:397,doneChangingTextCallback
FNF:15
FNH:0
FNDA:0,getTextCallback
FNDA:0,changeTextCallback
FNDA:0,addNewMeasurement
FNDA:0,doneChangingTextCallback
FNDA:0,(anonymous_4)
FNDA:0,createNewMeasurement
FNDA:0,pointNearTool
FNDA:0,onImageRendered
FNDA:0,addNewMeasurementTouch
FNDA:0,doneChangingTextCallback
FNDA:0,(anonymous_10)
FNDA:0,doubleClickCallback
FNDA:0,doneChangingTextCallback
FNDA:0,pressCallback
FNDA:0,doneChangingTextCallback
DA:20,1
DA:25,0
DA:29,0
DA:32,1
DA:44,0
DA:45,0
DA:46,0
DA:49,0
DA:50,0
DA:52,0
DA:55,0
DA:56,0
DA:58,0
DA:59,0
DA:60,0
DA:61,0
DA:65,0
DA:69,0
DA:70,0
DA:71,0
DA:72,0
DA:74,0
DA:75,0
DA:76,0
DA:78,0
DA:81,0
DA:83,0
DA:84,0
DA:87,0
DA:93,0
DA:120,0
DA:125,0
DA:127,0
DA:132,0
DA:135,0
DA:140,0
DA:143,0
DA:145,0
DA:146,0
DA:149,0
DA:150,0
DA:153,0
DA:155,0
DA:158,0
DA:159,0
DA:160,0
DA:162,0
DA:163,0
DA:165,0
DA:166,0
DA:167,0
DA:168,0
DA:171,0
DA:173,0
DA:174,0
DA:176,0
DA:180,0
DA:181,0
DA:184,0
DA:185,0
DA:187,0
DA:190,0
DA:194,0
DA:195,0
DA:199,0
DA:200,0
DA:203,0
DA:204,0
DA:206,0
DA:208,0
DA:209,0
DA:214,0
DA:215,0
DA:216,0
DA:223,0
DA:229,0
DA:231,0
DA:233,0
DA:235,0
DA:236,0
DA:239,0
DA:241,0
DA:243,0
DA:245,0
DA:247,0
DA:252,0
DA:257,0
DA:259,0
DA:260,0
DA:262,0
DA:264,0
DA:283,0
DA:285,0
DA:286,0
DA:287,0
DA:288,0
DA:289,0
DA:290,0
DA:291,0
DA:295,0
DA:302,0
DA:303,0
DA:304,0
DA:307,0
DA:308,0
DA:310,0
DA:313,0
DA:314,0
DA:316,0
DA:317,0
DA:318,0
DA:321,0
DA:322,0
DA:323,0
DA:324,0
DA:325,0
DA:327,0
DA:328,0
DA:330,0
DA:332,0
DA:335,0
DA:337,0
DA:338,0
DA:344,0
DA:345,0
DA:346,0
DA:347,0
DA:350,0
DA:351,0
DA:355,0
DA:356,0
DA:358,0
DA:361,0
DA:362,0
DA:365,0
DA:367,0
DA:368,0
DA:371,0
DA:372,0
DA:375,0
DA:376,0
DA:377,0
DA:379,0
DA:380,0
DA:382,0
DA:384,0
DA:386,0
DA:392,0
DA:393,0
DA:394,0
DA:398,0
DA:399,0
DA:400,0
DA:402,0
DA:405,0
DA:406,0
DA:408,0
DA:409,0
DA:410,0
DA:413,0
DA:415,0
DA:416,0
DA:419,0
DA:420,0
DA:423,0
DA:424,0
DA:425,0
DA:426,0
DA:429,0
DA:431,0
DA:433,0
DA:436,0
DA:437,0
DA:438,0
DA:440,0
DA:441,0
DA:443,0
DA:444,0
DA:445,0
DA:448,0
DA:450,0
DA:452,0
DA:456,0
DA:457,0
DA:460,1
DA:469,1
DA:471,1
LF:187
LH:5
BRDA:49,0,0,0
BRDA:49,0,1,0
BRDA:76,1,0,0
BRDA:76,1,1,0
BRDA:83,2,0,0
BRDA:83,2,1,0
BRDA:145,3,0,0
BRDA:145,3,1,0
BRDA:165,4,0,0
BRDA:165,4,1,0
BRDA:165,5,0,0
BRDA:165,5,1,0
BRDA:166,6,0,0
BRDA:166,6,1,0
BRDA:167,7,0,0
BRDA:167,7,1,0
BRDA:168,8,0,0
BRDA:168,8,1,0
BRDA:173,9,0,0
BRDA:173,9,1,0
BRDA:184,10,0,0
BRDA:184,10,1,0
BRDA:191,11,0,0
BRDA:191,11,1,0
BRDA:194,12,0,0
BRDA:194,12,1,0
BRDA:199,13,0,0
BRDA:199,13,1,0
BRDA:199,14,0,0
BRDA:199,14,1,0
BRDA:208,15,0,0
BRDA:208,15,1,0
BRDA:214,16,0,0
BRDA:214,16,1,0
BRDA:215,17,0,0
BRDA:215,17,1,0
BRDA:245,18,0,0
BRDA:245,18,1,0
BRDA:307,19,0,0
BRDA:307,19,1,0
BRDA:330,20,0,0
BRDA:330,20,1,0
BRDA:337,21,0,0
BRDA:337,21,1,0
BRDA:350,22,0,0
BRDA:350,22,1,0
BRDA:355,23,0,0
BRDA:355,23,1,0
BRDA:371,24,0,0
BRDA:371,24,1,0
BRDA:377,25,0,0
BRDA:377,25,1,0
BRDA:377,26,0,0
BRDA:377,26,1,0
BRDA:399,27,0,0
BRDA:399,27,1,0
BRDA:419,28,0,0
BRDA:419,28,1,0
BRDA:423,29,0,0
BRDA:423,29,1,0
BRDA:438,30,0,0
BRDA:438,30,1,0
BRDA:438,31,0,0
BRDA:438,31,1,0
BRF:64
BRH:0
end_of_record
TN:
SF:/home/zach/git/forks/cornerstoneTools/src/imageTools/crosshairs.js
FN:12,chooseLocation
FN:42,(anonymous_1)
FN:60,(anonymous_2)
FN:103,(anonymous_3)
FN:111,(anonymous_4)
FN:122,mouseUpCallback
FN:130,mouseDownCallback
FN:145,mouseDragCallback
FN:152,enable
FN:168,disable
FN:180,dragEndCallback
FN:188,dragStartCallback
FN:199,dragCallback
FN:206,enableTouch
FN:220,disableTouch
FNF:15
FNH:0
FNDA:0,chooseLocation
FNDA:0,(anonymous_1)
FNDA:0,(anonymous_2)
FNDA:0,(anonymous_3)
FNDA:0,(anonymous_4)
FNDA:0,mouseUpCallback
FNDA:0,mouseDownCallback
FNDA:0,mouseDragCallback
FNDA:0,enable
FNDA:0,disable
FNDA:0,dragEndCallback
FNDA:0,dragStartCallback
FNDA:0,dragCallback
FNDA:0,enableTouch
FNDA:0,disableTouch
DA:10,1
DA:13,0
DA:15,0
DA:18,0
DA:20,0
DA:21,0
DA:25,0
DA:26,0
DA:27,0
DA:28,0
DA:29,0
DA:32,0
DA:35,0
DA:38,0
DA:39,0
DA:42,0
DA:44,0
DA:45,0
DA:48,0
DA:49,0
DA:51,0
DA:53,0
DA:54,0
DA:57,0
DA:60,0
DA:61,0
DA:64,0
DA:65,0
DA:68,0
DA:69,0
DA:70,0
DA:71,0
DA:72,0
DA:75,0
DA:76,0
DA:77,0
DA:81,0
DA:82,0
DA:86,0
DA:87,0
DA:88,0
DA:89,0
DA:91,0
DA:92,0
DA:97,0
DA:98,0
DA:100,0
DA:103,0
DA:104,0
DA:106,0
DA:107,0
DA:108,0
DA:109,0
DA:112,0
DA:114,0
DA:115,0
DA:123,0
DA:124,0
DA:126,0
DA:127,0
DA:131,0
DA:132,0
DA:133,0
DA:135,0
DA:136,0
DA:137,0
DA:138,0
DA:140,0
DA:141,0
DA:146,0
DA:148,0
DA:149,0
DA:153,0
DA:156,0
DA:158,0
DA:162,0
DA:164,0
DA:169,0
DA:173,1
DA:181,0
DA:182,0
DA:184,0
DA:185,0
DA:189,0
DA:190,0
DA:192,0
DA:193,0
DA:194,0
DA:196,0
DA:200,0
DA:202,0
DA:203,0
DA:208,0
DA:210,0
DA:214,0
DA:216,0
DA:221,0
DA:224,1
LF:98
LH:3
BRDA:20,0,0,0
BRDA:20,0,1,0
BRDA:44,1,0,0
BRDA:44,1,1,0
BRDA:53,2,0,0
BRDA:53,2,1,0
BRDA:64,3,0,0
BRDA:64,3,1,0
BRDA:64,4,0,0
BRDA:64,4,1,0
BRDA:64,4,2,0
BRDA:64,4,3,0
BRDA:75,5,0,0
BRDA:75,5,1,0
BRDA:81,6,0,0
BRDA:81,6,1,0
BRDA:86,7,0,0
BRDA:86,7,1,0
BRDA:86,8,0,0
BRDA:86,8,1,0
BRDA:91,9,0,0
BRDA:91,9,1,0
BRDA:97,10,0,0
BRDA:97,10,1,0
BRDA:108,11,0,0
BRDA:108,11,1,0
BRDA:114,12,0,0
BRDA:114,12,1,0
BRDA:135,13,0,0
BRDA:135,13,1,0
BRF:30
BRH:0
end_of_record
TN:
SF:/home/zach/git/forks/cornerstoneTools/src/imageTools/doubleTapTool.js
FN:3,(anonymous_0)
FNF:1
FNH:1
FNDA:1,(anonymous_0)
DA:4,1
DA:6,0
DA:7,0
DA:10,0
DA:13,0
DA:16,0
LF:6
LH:1
BRF:0
BRH:0
end_of_record
TN:
SF:/home/zach/git/forks/cornerstoneTools/src/imageTools/doubleTapZoom.js
FN:4,fitToWindowStrategy
FN:8,doubleTapCallback
FNF:2
FNH:0
FNDA:0,fitToWindowStrategy
FNDA:0,doubleTapCallback
DA:5,0
DA:9,0
DA:11,0
DA:13,0
DA:14,0
DA:17,1
DA:19,1
DA:23,1
LF:8
LH:3
BRF:0
BRH:0
end_of_record
TN:
SF:/home/zach/git/forks/cornerstoneTools/src/imageTools/dragProbe.js
FN:17,defaultStrategy
FN:83,minimalStrategy
FN:186,mouseUpCallback
FN:197,mouseDownCallback
FN:214,imageRenderedCallback
FN:224,dragCallback
FNF:6
FNH:0
FNDA:0,defaultStrategy
FNDA:0,minimalStrategy
FNDA:0,mouseUpCallback
FNDA:0,mouseDownCallback
FNDA:0,imageRenderedCallback
FNDA:0,dragCallback
DA:13,1
DA:18,0
DA:19,0
DA:21,0
DA:23,0
DA:25,0
DA:26,0
DA:27,0
DA:28,0
DA:30,0
DA:32,0
DA:33,0
DA:34,0
DA:35,0
DA:38,0
DA:39,0
DA:45,0
DA:46,0
DA:49,0
DA:50,0
DA:51,0
DA:52,0
DA:54,0
DA:55,0
DA:56,0
DA:57,0
DA:60,0
DA:61,0
DA:62,0
DA:63,0
DA:68,0
DA:73,0
DA:75,0
DA:76,0
DA:78,0
DA:79,0
DA:80,0
DA:84,0
DA:85,0
DA:86,0
DA:87,0
DA:89,0
DA:91,0
DA:93,0
DA:94,0
DA:95,0
DA:97,0
DA:99,0
DA:100,0
DA:101,0
DA:102,0
DA:105,0
DA:108,0
DA:109,0
DA:114,0
DA:115,0
DA:118,0
DA:123,0
DA:125,0
DA:127,0
DA:130,0
DA:131,0
DA:132,0
DA:134,0
DA:135,0
DA:136,0
DA:138,0
DA:140,0
DA:141,0
DA:142,0
DA:143,0
DA:144,0
DA:146,0
DA:147,0
DA:150,0
DA:155,0
DA:157,0
DA:158,0
DA:162,0
DA:163,0
DA:165,0
DA:166,0
DA:171,0
DA:177,0
DA:178,0
DA:179,0
DA:180,0
DA:182,0
DA:183,0
DA:187,0
DA:188,0
DA:190,0
DA:191,0
DA:192,0
DA:193,0
DA:194,0
DA:198,0
DA:199,0
DA:200,0
DA:202,0
DA:203,0
DA:204,0
DA:205,0
DA:206,0
DA:207,0
DA:209,0
DA:210,0
DA:215,0
DA:216,0
DA:217,0
DA:225,0
DA:226,0
DA:228,0
DA:229,0
DA:231,0
DA:232,0
DA:235,1
DA:237,1
DA:242,1
DA:244,1
DA:248,1
LF:121
LH:6
BRDA:32,0,0,0
BRDA:32,0,1,0
BRDA:32,1,0,0
BRDA:32,1,1,0
BRDA:33,2,0,0
BRDA:33,2,1,0
BRDA:34,3,0,0
BRDA:34,3,1,0
BRDA:35,4,0,0
BRDA:35,4,1,0
BRDA:45,5,0,0
BRDA:45,5,1,0
BRDA:45,6,0,0
BRDA:45,6,1,0
BRDA:45,6,2,0
BRDA:45,6,3,0
BRDA:49,7,0,0
BRDA:49,7,1,0
BRDA:62,8,0,0
BRDA:62,8,1,0
BRDA:99,9,0,0
BRDA:99,9,1,0
BRDA:99,10,0,0
BRDA:99,10,1,0
BRDA:100,11,0,0
BRDA:100,11,1,0
BRDA:101,12,0,0
BRDA:101,12,1,0
BRDA:102,13,0,0
BRDA:102,13,1,0
BRDA:108,14,0,0
BRDA:108,14,1,0
BRDA:114,15,0,0
BRDA:114,15,1,0
BRDA:125,16,0,0
BRDA:125,16,1,0
BRDA:125,17,0,0
BRDA:125,17,1,0
BRDA:125,17,2,0
BRDA:125,17,3,0
BRDA:130,18,0,0
BRDA:130,18,1,0
BRDA:140,19,0,0
BRDA:140,19,1,0
BRDA:142,20,0,0
BRDA:142,20,1,0
BRDA:146,21,0,0
BRDA:146,21,1,0
BRDA:165,22,0,0
BRDA:165,22,1,0
BRDA:202,23,0,0
BRDA:202,23,1,0
BRDA:215,24,0,0
BRDA:215,24,1,0
BRF:54
BRH:0
end_of_record
TN:
SF:/home/zach/git/forks/cornerstoneTools/src/imageTools/ellipticalRoi.js
FN:17,createNewMeasurement
FN:52,pointNearEllipse
FN:81,pointNearTool
FN:85,pointNearToolTouch
FN:89,numberWithCommas
FN:98,onImageRendered
FNF:6
FNH:0
FNDA:0,createNewMeasurement
FNDA:0,pointNearEllipse
FNDA:0,pointNearTool
FNDA:0,pointNearToolTouch
FNDA:0,numberWithCommas
FNDA:0,onImageRendered
DA:14,1
DA:19,0
DA:47,0
DA:53,0
DA:54,0
DA:55,0
DA:57,0
DA:64,0
DA:71,0
DA:72,0
DA:74,0
DA:75,0
DA:78,0
DA:82,0
DA:86,0
DA:91,0
DA:93,0
DA:95,0
DA:99,0
DA:102,0
DA:104,0
DA:105,0
DA:108,0
DA:109,0
DA:110,0
DA:111,0
DA:112,0
DA:113,0
DA:114,0
DA:115,0
DA:120,0
DA:121,0
DA:122,0
DA:124,0
DA:125,0
DA:128,0
DA:129,0
DA:132,0
DA:135,0
DA:136,0
DA:138,0
DA:141,0
DA:142,0
DA:143,0
DA:144,0
DA:148,0
DA:151,0
DA:152,0
DA:156,0
DA:157,0
DA:158,0
DA:159,0
DA:162,0
DA:163,0
DA:164,0
DA:165,0
DA:166,0
DA:170,0
DA:172,0
DA:173,0
DA:177,0
DA:181,0
DA:185,0
DA:196,0
DA:198,0
DA:199,0
DA:200,0
DA:205,0
DA:214,0
DA:216,0
DA:219,0
DA:221,0
DA:229,0
DA:236,0
DA:237,0
DA:238,0
DA:243,0
DA:246,0
DA:247,0
DA:251,0
DA:255,0
DA:258,0
DA:260,0
DA:262,0
DA:263,0
DA:267,0
DA:269,0
DA:272,0
DA:273,0
DA:275,0
DA:276,0
DA:280,0
DA:281,0
DA:285,0
DA:289,0
DA:291,0
DA:292,0
DA:296,0
DA:299,0
DA:304,0
DA:307,0
DA:308,0
DA:312,0
DA:315,0
DA:323,0
DA:327,0
DA:332,0
DA:337,0
DA:346,0
DA:366,0
DA:369,0
DA:389,0
DA:392,0
DA:393,0
DA:394,0
DA:395,0
DA:396,0
DA:397,0
DA:398,0
DA:401,0
DA:407,1
DA:414,1
LF:122
LH:3
BRDA:74,0,0,0
BRDA:74,0,1,0
BRDA:74,1,0,0
BRDA:74,1,1,0
BRDA:104,2,0,0
BRDA:104,2,1,0
BRDA:120,3,0,0
BRDA:120,3,1,0
BRDA:121,4,0,0
BRDA:121,4,1,0
BRDA:122,5,0,0
BRDA:122,5,1,0
BRDA:128,6,0,0
BRDA:128,6,1,0
BRDA:141,7,0,0
BRDA:141,7,1,0
BRDA:141,8,0,0
BRDA:141,8,1,0
BRDA:142,9,0,0
BRDA:142,9,1,0
BRDA:143,10,0,0
BRDA:143,10,1,0
BRDA:144,11,0,0
BRDA:144,11,1,0
BRDA:170,12,0,0
BRDA:170,12,1,0
BRDA:170,13,0,0
BRDA:170,13,1,0
BRDA:172,14,0,0
BRDA:172,14,1,0
BRDA:196,15,0,0
BRDA:196,15,1,0
BRDA:214,16,0,0
BRDA:214,16,1,0
BRDA:221,17,0,0
BRDA:221,17,1,0
BRDA:236,18,0,0
BRDA:236,18,1,0
BRDA:236,19,0,0
BRDA:236,19,1,0
BRDA:243,20,0,0
BRDA:243,20,1,0
BRDA:243,21,0,0
BRDA:243,21,1,0
BRDA:246,22,0,0
BRDA:246,22,1,0
BRDA:258,23,0,0
BRDA:258,23,1,0
BRDA:258,24,0,0
BRDA:258,24,1,0
BRDA:262,25,0,0
BRDA:262,25,1,0
BRDA:272,26,0,0
BRDA:272,26,1,0
BRDA:272,27,0,0
BRDA:272,27,1,0
BRDA:285,28,0,0
BRDA:285,28,1,0
BRDA:291,29,0,0
BRDA:291,29,1,0
BRDA:291,30,0,0
BRDA:291,30,1,0
BRDA:304,31,0,0
BRDA:304,31,1,0
BRDA:332,32,0,0
BRDA:332,32,1,0
BRF:66
BRH:0
end_of_record
TN:
SF:/home/zach/git/forks/cornerstoneTools/src/imageTools/freehand.js
FN:27,addPoint
FN:67,pointNearHandle
FN:93,pointNearHandleAllTools
FN:120,mouseUpCallback
FN:142,mouseMoveCallback
FN:200,startDrawing
FN:224,endDrawing
FN:261,mouseDownCallback
FN:317,onImageRendered
FN:401,enable
FN:412,disable
FN:421,activate
FN:436,deactivate
FN:447,getConfiguration
FN:451,setConfiguration
FNF:15
FNH:0
FNDA:0,addPoint
FNDA:0,pointNearHandle
FNDA:0,pointNearHandleAllTools
FNDA:0,mouseUpCallback
FNDA:0,mouseMoveCallback
FNDA:0,startDrawing
FNDA:0,endDrawing
FNDA:0,mouseDownCallback
FNDA:0,onImageRendered
FNDA:0,enable
FNDA:0,disable
FNDA:0,activate
FNDA:0,deactivate
FNDA:0,getConfiguration
FNDA:0,setConfiguration
DA:10,1
DA:11,1
DA:28,0
DA:30,0
DA:31,0
DA:34,0
DA:38,0
DA:40,0
DA:49,0
DA:51,0
DA:55,0
DA:58,0
DA:61,0
DA:64,0
DA:68,0
DA:70,0
DA:71,0
DA:74,0
DA:76,0
DA:77,0
DA:80,0
DA:82,0
DA:83,0
DA:85,0
DA:86,0
DA:90,0
DA:94,0
DA:96,0
DA:97,0
DA:102,0
DA:103,0
DA:104,0
DA:105,0
DA:121,0
DA:122,0
DA:124,0
DA:127,0
DA:129,0
DA:130,0
DA:133,0
DA:135,0
DA:136,0
DA:139,0
DA:143,0
DA:144,0
DA:146,0
DA:147,0
DA:150,0
DA:152,0
DA:155,0
DA:157,0
DA:158,0
DA:160,0
DA:162,0
DA:163,0
DA:165,0
DA:167,0
DA:169,0
DA:170,0
DA:171,0
DA:172,0
DA:173,0
DA:174,0
DA:175,0
DA:177,0
DA:178,0
DA:182,0
[...]
FN:3,(anonymous_0)
FNF:1
FNH:1
FNDA:1,(anonymous_0)
DA:4,1
DA:6,0
DA:7,0
DA:10,0
DA:13,0
DA:16,0
LF:6
LH:1
BRF:0
BRH:0
end_of_record
TN:
SF:/home/zach/git/forks/cornerstoneTools/src/imageTools/wwwc.js
FN:10,mouseUpCallback
FN:19,mouseDownCallback
FN:34,defaultStrategy
FN:51,mouseDragCallback
FN:58,touchDragCallback
FNF:5
FNH:0
FNDA:0,mouseUpCallback
FNDA:0,mouseDownCallback
FNDA:0,defaultStrategy
FNDA:0,mouseDragCallback
FNDA:0,touchDragCallback
DA:8,1
DA:11,0
DA:12,0
DA:14,0
DA:15,0
DA:16,0
DA:20,0
DA:21,0
DA:22,0
DA:24,0
DA:25,0
DA:26,0
DA:27,0
DA:29,0
DA:30,0
DA:39,0
DA:40,0
DA:41,0
DA:42,0
DA:44,0
DA:45,0
DA:47,0
DA:48,0
DA:52,0
DA:54,0
DA:55,0
DA:59,0
DA:61,0
DA:62,0
DA:64,0
DA:65,0
DA:66,0
DA:67,0
DA:68,0
DA:69,0
DA:71,0
DA:73,0
DA:74,0
DA:75,0
DA:76,0
DA:78,0
DA:79,0
DA:82,0
DA:83,0
DA:86,0
DA:89,1
DA:91,1
DA:95,1
DA:97,1
LF:49
LH:5
BRDA:24,0,0,0
BRDA:24,0,1,0
BRDA:73,1,0,0
BRDA:73,1,1,0
BRDA:74,2,0,0
BRDA:74,2,1,0
BRF:6
BRH:0
end_of_record
TN:
SF:/home/zach/git/forks/cornerstoneTools/src/imageTools/wwwcRegion.js
FN:17,calculateMinMaxMean
FN:48,newImageCallback
FN:67,dragEndCallback
FN:95,applyWWWCRegion
FN:145,whichMovement
FN:162,mouseDownCallback
FN:179,recordStartPoint
FN:197,dragCallback
FN:217,onImageRendered
FN:271,disable
FN:286,activate
FN:319,disableTouchDrag
FN:326,activateTouchDrag
FN:346,getConfiguration
FN:350,setConfiguration
FNF:15
FNH:0
FNDA:0,calculateMinMaxMean
FNDA:0,newImageCallback
FNDA:0,dragEndCallback
FNDA:0,applyWWWCRegion
FNDA:0,whichMovement
FNDA:0,mouseDownCallback
FNDA:0,recordStartPoint
FNDA:0,dragCallback
FNDA:0,onImageRendered
FNDA:0,disable
FNDA:0,activate
FNDA:0,disableTouchDrag
FNDA:0,activateTouchDrag
FNDA:0,getConfiguration
FNDA:0,setConfiguration
DA:10,1
DA:12,1
DA:18,0
DA:20,0
DA:21,0
DA:28,0
DA:29,0
DA:30,0
DA:32,0
DA:33,0
DA:35,0
DA:36,0
DA:37,0
DA:40,0
DA:49,0
DA:50,0
DA:51,0
DA:53,0
DA:54,0
DA:57,0
DA:58,0
DA:60,0
DA:61,0
DA:63,0
DA:68,0
DA:69,0
DA:71,0
DA:72,0
DA:74,0
DA:75,0
DA:77,0
DA:79,0
DA:81,0
DA:82,0
DA:86,0
DA:91,0
DA:96,0
DA:97,0
DA:99,0
DA:100,0
DA:103,0
DA:104,0
DA:107,0
DA:108,0
DA:110,0
DA:111,0
DA:114,0
DA:115,0
DA:116,0
DA:117,0
DA:118,0
DA:119,0
DA:122,0
DA:125,0
DA:128,0
DA:129,0
DA:131,0
DA:132,0
DA:135,0
DA:136,0
DA:137,0
DA:140,0
DA:142,0
DA:146,0
DA:147,0
DA:149,0
DA:150,0
DA:152,0
DA:153,0
DA:155,0
DA:156,0
DA:157,0
DA:163,0
DA:164,0
DA:165,0
DA:167,0
DA:168,0
DA:169,0
DA:171,0
DA:172,0
DA:174,0
DA:180,0
DA:182,0
DA:183,0
DA:186,0
DA:193,0
DA:198,0
DA:199,0
DA:202,0
DA:204,0
DA:205,0
DA:209,0
DA:214,0
DA:218,0
DA:219,0
DA:220,0
DA:221,0
DA:222,0
DA:224,0
DA:225,0
DA:228,0
DA:229,0
DA:231,0
DA:232,0
DA:235,0
DA:238,0
DA:241,0
DA:242,0
DA:244,0
DA:245,0
DA:246,0
DA:247,0
DA:249,0
DA:250,0
DA:253,0
DA:255,0
DA:256,0
DA:257,0
DA:258,0
DA:261,0
DA:262,0
DA:263,0
DA:264,0
DA:265,0
DA:267,0
DA:272,0
DA:274,0
DA:275,0
DA:277,0
DA:278,0
DA:280,0
DA:281,0
DA:283,0
DA:287,0
DA:289,0
DA:291,0
DA:292,0
DA:294,0
DA:297,0
DA:299,0
DA:300,0
DA:302,0
DA:303,0
DA:305,0
DA:306,0
DA:308,0
DA:309,0
DA:313,0
DA:315,0
DA:320,0
DA:321,0
DA:322,0
DA:323,0
DA:327,0
DA:329,0
DA:330,0
DA:332,0
DA:335,0
DA:336,0
DA:337,0
DA:338,0
DA:340,0
DA:341,0
DA:342,0
DA:343,0
DA:347,0
DA:351,0
DA:355,1
DA:363,1
LF:169
LH:4
BRDA:20,0,0,0
BRDA:20,0,1,0
BRDA:53,1,0,0
BRDA:53,1,1,0
BRDA:53,2,0,0
BRDA:53,2,1,0
BRDA:81,3,0,0
BRDA:81,3,1,0
BRDA:81,4,0,0
BRDA:81,4,1,0
BRDA:81,4,2,0
BRDA:99,5,0,0
BRDA:99,5,1,0
BRDA:99,6,0,0
BRDA:99,6,1,0
BRDA:99,6,2,0
BRDA:131,7,0,0
BRDA:131,7,1,0
BRDA:156,8,0,0
BRDA:156,8,1,0
BRDA:167,9,0,0
BRDA:167,9,1,0
BRDA:182,10,0,0
BRDA:182,10,1,0
BRDA:182,11,0,0
BRDA:182,11,1,0
BRDA:204,12,0,0
BRDA:204,12,1,0
BRDA:204,13,0,0
BRDA:204,13,1,0
BRDA:204,13,2,0
BRDA:224,14,0,0
BRDA:224,14,1,0
BRDA:224,15,0,0
BRDA:224,15,1,0
BRDA:224,15,2,0
BRDA:231,16,0,0
BRDA:231,16,1,0
BRDA:231,17,0,0
BRDA:231,17,1,0
BRDA:255,18,0,0
BRDA:255,18,1,0
BRDA:255,19,0,0
BRDA:255,19,1,0
BRDA:256,20,0,0
BRDA:256,20,1,0
BRDA:257,21,0,0
BRDA:257,21,1,0
BRDA:258,22,0,0
BRDA:258,22,1,0
BRDA:291,23,0,0
BRDA:291,23,1,0
BRDA:329,24,0,0
BRDA:329,24,1,0
BRF:54
BRH:0
end_of_record
TN:
SF:/home/zach/git/forks/cornerstoneTools/src/imageTools/zoom.js
FN:13,changeViewportScale
FN:33,boundPosition
FN:42,correctShift
FN:69,defaultStrategy
FN:101,translateStrategy
FN:196,zoomToCenterStrategy
FN:205,mouseUpCallback
FN:214,mouseDownCallback
FN:230,dragCallback
FN:245,mouseWheelCallback
FN:261,touchPinchCallback
FNF:11
FNH:0
FNDA:0,changeViewportScale
FNDA:0,boundPosition
FNDA:0,correctShift
FNDA:0,defaultStrategy
FNDA:0,translateStrategy
FNDA:0,zoomToCenterStrategy
FNDA:0,mouseUpCallback
FNDA:0,mouseDownCallback
FNDA:0,dragCallback
FNDA:0,mouseWheelCallback
FNDA:0,touchPinchCallback
DA:10,1
DA:14,0
DA:15,0
DA:17,0
DA:18,0
DA:20,0
DA:22,0
DA:23,0
DA:24,0
DA:25,0
DA:27,0
DA:30,0
DA:34,0
DA:35,0
DA:36,0
DA:37,0
DA:39,0
DA:44,0
DA:45,0
DA:48,0
DA:49,0
DA:53,0
DA:54,0
DA:56,0
DA:57,0
DA:59,0
DA:60,0
DA:62,0
DA:63,0
DA:66,0
DA:70,0
DA:71,0
DA:74,0
DA:76,0
DA:80,0
DA:85,0
DA:91,0
DA:94,0
DA:95,0
DA:98,0
DA:102,0
DA:103,0
DA:104,0
DA:110,0
DA:113,0
DA:119,0
DA:120,0
DA:121,0
DA:123,0
DA:125,0
DA:128,0
DA:129,0
DA:131,0
DA:136,0
DA:137,0
DA:139,0
DA:148,0
DA:149,0
DA:154,0
DA:160,0
DA:164,0
DA:171,0
DA:172,0
DA:175,0
DA:180,0
DA:181,0
DA:184,0
DA:189,0
DA:190,0
DA:193,0
DA:197,0
DA:200,0
DA:202,0
DA:206,0
DA:207,0
DA:209,0
DA:210,0
DA:211,0
DA:215,0
DA:216,0
DA:217,0
DA:219,0
DA:220,0
DA:221,0
DA:222,0
DA:223,0
DA:225,0
DA:226,0
DA:231,0
DA:233,0
DA:234,0
DA:237,0
DA:239,0
DA:241,0
DA:242,0
DA:246,0
DA:247,0
DA:250,0
DA:252,0
DA:253,0
DA:256,0
DA:258,0
DA:262,0
DA:263,0
DA:264,0
DA:265,0
DA:266,0
DA:269,0
DA:270,0
DA:271,0
DA:272,0
DA:273,0
DA:276,0
DA:280,0
DA:281,0
DA:286,0
DA:287,0
DA:288,0
DA:289,0
DA:292,1
DA:294,1
DA:300,1
DA:302,1
DA:303,1
DA:304,1
LF:125
LH:7
BRDA:22,0,0,0
BRDA:22,0,1,0
BRDA:22,1,0,0
BRDA:22,1,1,0
BRDA:24,2,0,0
BRDA:24,2,1,0
BRDA:24,3,0,0
BRDA:24,3,1,0
BRDA:44,4,0,0
BRDA:44,4,1,0
BRDA:48,5,0,0
BRDA:48,5,1,0
BRDA:53,6,0,0
BRDA:53,6,1,0
BRDA:123,7,0,0
BRDA:123,7,1,0
BRDA:125,8,0,0
BRDA:125,8,1,0
BRDA:128,9,0,0
BRDA:128,9,1,0
BRDA:136,10,0,0
BRDA:136,10,1,0
BRDA:148,11,0,0
BRDA:148,11,1,0
BRDA:148,12,0,0
BRDA:148,12,1,0
BRDA:171,13,0,0
BRDA:171,13,1,0
BRDA:180,14,0,0
BRDA:180,14,1,0
BRDA:219,15,0,0
BRDA:219,15,1,0
BRDA:233,16,0,0
BRDA:233,16,1,0
BRDA:252,17,0,0
BRDA:252,17,1,0
BRDA:252,18,0,0
BRDA:252,18,1,0
BRDA:270,19,0,0
BRDA:270,19,1,0
BRDA:270,20,0,0
BRDA:270,20,1,0
BRDA:272,21,0,0
BRDA:272,21,1,0
BRDA:272,22,0,0
BRDA:272,22,1,0
BRF:46
BRH:0
end_of_record
TN:
SF:/home/zach/git/forks/cornerstoneTools/src/paintingTools/brushTool.js
FN:11,brushTool
FN:14,mouseMoveCallback
FN:18,mouseUpCallback
FN:30,dragCallback
FN:36,mouseDownActivateCallback
FN:54,onImageRendered
FN:77,activate
FN:111,(anonymous_7)
FN:117,(anonymous_8)
FN:153,deactivate
FNF:10
FNH:1
FNDA:2,brushTool
FNDA:0,mouseMoveCallback
FNDA:0,mouseUpCallback
FNDA:0,dragCallback
FNDA:0,mouseDownActivateCallback
FNDA:0,onImageRendered
FNDA:0,activate
FNDA:0,(anonymous_7)
FNDA:0,(anonymous_8)
FNDA:0,deactivate
DA:8,1
DA:12,2
DA:15,0
DA:19,0
DA:20,0
DA:22,0
DA:24,0
DA:25,0
DA:26,0
DA:27,0
DA:31,0
DA:33,0
DA:37,0
DA:38,0
DA:39,0
DA:41,0
DA:42,0
DA:43,0
DA:44,0
DA:45,0
DA:47,0
DA:50,0
DA:51,0
DA:55,0
DA:56,0
DA:57,0
DA:60,0
DA:61,0
DA:63,0
DA:64,0
DA:67,0
DA:69,0
DA:70,0
DA:72,0
DA:74,0
DA:78,0
DA:80,0
DA:81,0
DA:83,0
DA:84,0
DA:86,0
DA:87,0
DA:89,0
DA:90,0
DA:91,0
DA:93,0
DA:94,0
DA:96,0
DA:97,0
DA:99,0
DA:101,0
DA:102,0
DA:103,0
DA:106,0
DA:111,0
DA:118,0
DA:131,0
DA:137,0
DA:138,0
DA:141,0
DA:142,0
DA:145,0
DA:147,0
DA:148,0
DA:150,0
DA:154,0
DA:155,0
DA:156,0
DA:159,2
DA:166,2
DA:168,2
LF:71
LH:5
BRDA:41,0,0,0
BRDA:41,0,1,0
BRDA:60,1,0,0
BRDA:60,1,1,0
BRDA:96,2,0,0
BRDA:96,2,1,0
BRDA:137,3,0,0
BRDA:137,3,1,0
BRDA:141,4,0,0
BRDA:141,4,1,0
BRF:10
BRH:0
end_of_record
TN:
SF:/home/zach/git/forks/cornerstoneTools/src/paintingTools/getCircle.js
FN:1,getCircle
FNF:1
FNH:0
FNDA:0,getCircle
DA:2,0
DA:3,0
DA:5,0
DA:6,0
DA:9,0
DA:10,0
DA:12,0
DA:13,0
DA:15,0
DA:16,0
DA:19,0
DA:20,0
DA:22,0
DA:23,0
DA:26,0
DA:27,0
DA:32,0
LF:17
LH:0
BRDA:1,0,0,0
BRDA:1,1,0,0
BRDA:5,2,0,0
BRDA:5,2,1,0
BRDA:15,3,0,0
BRDA:15,3,1,0
BRDA:15,4,0,0
BRDA:15,4,1,0
BRDA:22,5,0,0
BRDA:22,5,1,0
BRDA:22,6,0,0
BRDA:22,6,1,0
BRDA:26,7,0,0
BRDA:26,7,1,0
BRF:14
BRH:0
end_of_record
TN:
SF:/home/zach/git/forks/cornerstoneTools/src/paintingTools/drawBrush.js
FN:3,drawBrushPixels
FN:4,(anonymous_1)
FN:6,(anonymous_2)
FN:13,drawBrushOnCanvas
FN:24,(anonymous_4)
FNF:5
FNH:0
FNDA:0,drawBrushPixels
FNDA:0,(anonymous_1)
FNDA:0,(anonymous_2)
FNDA:0,drawBrushOnCanvas
FNDA:0,(anonymous_4)
DA:4,0
DA:6,0
DA:7,0
DA:9,0
DA:14,0
DA:16,0
DA:18,0
DA:19,0
DA:21,0
DA:22,0
DA:24,0
DA:25,0
DA:30,0
DA:33,0
LF:14
LH:0
BRF:0
BRH:0
end_of_record
TN:
SF:/home/zach/git/forks/cornerstoneTools/src/paintingTools/brush.js
FN:20,paint
FN:45,onMouseUp
FN:52,onMouseDown
FN:60,onMouseMove
FN:67,onDrag
FN:75,onImageRendered
FNF:6
FNH:0
FNDA:0,paint
FNDA:0,onMouseUp
FNDA:0,onMouseDown
FNDA:0,onMouseMove
FNDA:0,onDrag
FNDA:0,onImageRendered
DA:8,1
DA:9,1
DA:10,1
DA:18,1
DA:21,0
DA:22,0
DA:23,0
DA:24,0
DA:25,0
DA:26,0
DA:27,0
DA:28,0
DA:29,0
DA:31,0
DA:33,0
DA:36,0
DA:38,0
DA:40,0
DA:42,0
DA:46,0
DA:48,0
DA:49,0
DA:53,0
DA:55,0
DA:56,0
DA:57,0
DA:61,0
DA:63,0
DA:64,0
DA:68,0
DA:70,0
DA:71,0
DA:72,0
DA:76,0
DA:78,0
DA:79,0
DA:82,0
DA:83,0
DA:85,0
DA:87,0
DA:91,0
DA:92,0
DA:93,0
DA:94,0
DA:95,0
DA:97,0
DA:98,0
DA:100,0
DA:103,1
DA:112,1
LF:50
LH:6
BRDA:31,0,0,0
BRDA:31,0,1,0
BRDA:31,1,0,0
BRDA:31,1,1,0
BRDA:31,1,2,0
BRDA:31,1,3,0
BRDA:78,2,0,0
BRDA:78,2,1,0
BRDA:85,3,0,0
BRDA:85,3,1,0
BRDA:85,4,0,0
BRDA:85,4,1,0
BRDA:85,4,2,0
BRDA:85,4,3,0
BRDA:94,5,0,0
BRDA:94,5,1,0
BRF:16
BRH:0
end_of_record
TN:
SF:/home/zach/git/forks/cornerstoneTools/src/paintingTools/adaptiveBrush.js
FN:25,getGreyValues
FN:31,(anonymous_1)
FN:44,paintAdaptiveBrush
FN:91,paint
FN:106,erase
FN:131,onMouseUp
FN:142,onMouseDown
FN:164,onMouseMove
FN:171,onDrag
FN:184,onImageRendered
FNF:10
FNH:0
FNDA:0,getGreyValues
FNDA:0,(anonymous_1)
FNDA:0,paintAdaptiveBrush
FNDA:0,paint
FNDA:0,erase
FNDA:0,onMouseUp
FNDA:0,onMouseDown
FNDA:0,onMouseMove
FNDA:0,onDrag
FNDA:0,onImageRendered
DA:8,1
DA:9,1
DA:10,1
DA:26,0
DA:27,0
DA:28,0
DA:29,0
DA:31,0
DA:32,0
DA:33,0
DA:35,0
DA:36,0
DA:39,0
DA:40,0
DA:45,0
DA:46,0
DA:47,0
DA:48,0
DA:49,0
DA:50,0
DA:51,0
DA:57,0
DA:58,0
DA:59,0
DA:62,0
DA:64,0
DA:65,0
DA:68,0
DA:69,0
DA:75,0
DA:76,0
DA:77,0
DA:81,0
DA:84,0
DA:85,0
DA:88,0
DA:92,0
DA:93,0
DA:94,0
DA:95,0
DA:96,0
DA:97,0
DA:98,0
DA:100,0
DA:101,0
DA:103,0
DA:107,0
DA:108,0
DA:109,0
DA:110,0
DA:111,0
DA:112,0
DA:113,0
DA:114,0
DA:115,0
DA:117,0
DA:119,0
DA:122,0
DA:124,0
DA:126,0
DA:128,0
DA:132,0
DA:134,0
DA:135,0
DA:137,0
DA:138,0
DA:139,0
DA:143,0
DA:145,0
DA:146,0
DA:147,0
DA:148,0
DA:149,0
DA:150,0
DA:151,0
DA:153,0
DA:154,0
DA:156,0
DA:157,0
DA:160,0
DA:161,0
DA:165,0
DA:167,0
DA:168,0
DA:172,0
DA:174,0
DA:175,0
DA:177,0
DA:180,0
DA:181,0
DA:185,0
DA:187,0
DA:188,0
DA:191,0
DA:192,0
DA:194,0
DA:196,0
DA:200,0
DA:201,0
DA:202,0
DA:203,0
DA:205,0
DA:207,0
DA:209,0
DA:211,0
DA:214,1
DA:223,1
LF:107
LH:5
BRDA:57,0,0,0
BRDA:57,0,1,0
BRDA:75,1,0,0
BRDA:75,1,1,0
BRDA:75,2,0,0
BRDA:75,2,1,0
BRDA:84,3,0,0
BRDA:84,3,1,0
BRDA:117,4,0,0
BRDA:117,4,1,0
BRDA:117,5,0,0
BRDA:117,5,1,0
BRDA:117,5,2,0
BRDA:117,5,3,0
BRDA:153,6,0,0
BRDA:153,6,1,0
BRDA:174,7,0,0
BRDA:174,7,1,0
BRDA:187,8,0,0
BRDA:187,8,1,0
BRDA:194,9,0,0
BRDA:194,9,1,0
BRDA:194,10,0,0
BRDA:194,10,1,0
BRDA:194,10,2,0
BRDA:194,10,3,0
BRDA:202,11,0,0
BRDA:202,11,1,0
BRDA:205,12,0,0
BRDA:205,12,1,0
BRF:30
BRH:0
end_of_record
TN:
SF:/home/zach/git/forks/cornerstoneTools/src/regions/constants.js
FNF:0
FNH:0
DA:1,2
DA:2,2
LF:2
LH:2
BRF:0
BRH:0
end_of_record
TN:
SF:/home/zach/git/forks/cornerstoneTools/src/regions/thresholding.js
FN:9,getLastElement
FN:50,performThresholding
FN:55,(anonymous_2)
FN:55,(anonymous_3)
FN:85,(anonymous_4)
FN:95,onImageRendered
FN:144,enable
FN:174,(anonymous_7)
FN:175,(anonymous_8)
FN:209,disable
FN:218,update
FN:221,(anonymous_11)
FN:223,(anonymous_12)
FN:229,createUndoStep
FN:244,getConfiguration
FN:248,setConfiguration
FNF:16
FNH:1
FNDA:0,getLastElement
FNDA:0,performThresholding
FNDA:0,(anonymous_2)
FNDA:0,(anonymous_3)
FNDA:0,(anonymous_4)
FNDA:0,onImageRendered
FNDA:0,enable
FNDA:0,(anonymous_7)
FNDA:0,(anonymous_8)
FNDA:0,disable
FNDA:0,update
FNDA:0,(anonymous_11)
FNDA:0,(anonymous_12)
FNDA:0,createUndoStep
FNDA:11,getConfiguration
FNDA:0,setConfiguration
DA:7,2
DA:10,0
DA:15,2
DA:45,2
DA:54,0
DA:55,0
DA:56,0
DA:58,0
DA:59,0
DA:61,0
DA:63,0
DA:64,0
DA:67,0
DA:68,0
DA:69,0
DA:71,0
DA:72,0
DA:74,0
DA:76,0
DA:78,0
DA:81,0
DA:85,0
DA:96,0
DA:97,0
DA:99,0
DA:100,0
DA:103,0
DA:104,0
DA:108,0
DA:109,0
DA:111,0
DA:112,0
DA:114,0
DA:115,0
DA:116,0
DA:117,0
DA:119,0
DA:121,0
DA:122,0
DA:124,0
DA:125,0
DA:127,0
DA:128,0
DA:129,0
DA:130,0
DA:132,0
DA:137,0
DA:139,0
DA:141,0
DA:146,0
DA:148,0
DA:149,0
DA:152,0
DA:155,0
DA:157,0
DA:158,0
DA:161,0
DA:170,0
DA:172,0
DA:174,0
DA:175,0
DA:177,0
DA:178,0
DA:181,0
DA:182,0
DA:183,0
DA:184,0
DA:186,0
DA:187,0
DA:189,0
DA:193,0
DA:194,0
DA:195,0
DA:197,0
DA:200,0
DA:202,0
DA:203,0
DA:210,0
DA:213,0
DA:214,0
DA:219,0
DA:221,0
DA:222,0
DA:223,0
DA:224,0
DA:230,0
DA:232,0
DA:234,0
DA:237,0
DA:239,0
DA:240,0
DA:245,11
DA:249,0
LF:93
LH:4
BRDA:56,0,0,0
BRDA:56,0,1,0
BRDA:76,1,0,0
BRDA:76,1,1,0
BRDA:103,2,0,0
BRDA:103,2,1,0
BRDA:103,3,0,0
BRDA:103,3,1,0
BRDA:103,3,2,0
BRDA:124,4,0,0
BRDA:124,4,1,0
BRDA:148,5,0,0
BRDA:148,5,1,0
BRDA:148,6,0,0
BRDA:148,6,1,0
BRDA:157,7,0,0
BRDA:157,7,1,0
BRDA:157,8,0,0
BRDA:157,8,1,0
BRDA:157,8,2,0
BRDA:202,9,0,0
BRDA:202,9,1,0
BRDA:213,10,0,0
BRDA:213,10,1,0
BRDA:213,11,0,0
BRDA:213,11,1,0
BRDA:219,12,0,0
BRDA:219,12,1,0
BRDA:239,13,0,0
BRDA:239,13,1,0
BRF:30
BRH:0
end_of_record
TN:
SF:/home/zach/git/forks/cornerstoneTools/src/regions/grow.js
FN:11,linearNeighbours
FN:33,regionGrowing
FN:34,(anonymous_2)
FN:58,chunk
FN:66,(anonymous_4)
FN:72,(anonymous_5)
FN:74,(anonymous_6)
FN:76,(anonymous_7)
FN:78,(anonymous_8)
FN:91,onMouseDown
FN:109,enable
FN:124,disable
FNF:12
FNH:0
FNDA:0,linearNeighbours
FNDA:0,regionGrowing
FNDA:0,(anonymous_2)
FNDA:0,chunk
FNDA:0,(anonymous_4)
FNDA:0,(anonymous_5)
FNDA:0,(anonymous_6)
FNDA:0,(anonymous_7)
FNDA:0,(anonymous_8)
FNDA:0,onMouseDown
FNDA:0,enable
FNDA:0,disable
DA:8,1
DA:12,0
DA:13,0
DA:21,0
DA:23,0
DA:24,0
DA:26,0
DA:27,0
DA:30,0
DA:34,0
DA:35,0
DA:36,0
DA:37,0
DA:38,0
DA:39,0
DA:41,0
DA:44,0
DA:45,0
DA:46,0
DA:47,0
DA:48,0
DA:51,0
DA:52,0
DA:56,0
DA:59,0
DA:61,0
DA:62,0
DA:66,0
DA:67,0
DA:71,0
DA:72,0
DA:74,0
DA:76,0
DA:78,0
DA:81,0
DA:83,0
DA:84,0
DA:87,0
DA:92,0
DA:93,0
DA:94,0
DA:96,0
DA:97,0
DA:98,0
DA:99,0
DA:100,0
DA:101,0
DA:103,0
DA:105,0
DA:110,0
DA:112,0
DA:113,0
DA:116,0
DA:118,0
DA:121,0
DA:125,0
LF:56
LH:1
BRDA:23,0,0,0
BRDA:23,0,1,0
BRDA:26,1,0,0
BRDA:26,1,1,0
BRDA:51,2,0,0
BRDA:51,2,1,0
BRDA:51,3,0,0
BRDA:51,3,1,0
BRDA:61,4,0,0
BRDA:61,4,1,0
BRDA:96,5,0,0
BRDA:96,5,1,0
BRDA:116,6,0,0
BRDA:116,6,1,0
BRDA:116,7,0,0
BRDA:116,7,1,0
BRDA:116,7,2,0
BRDA:116,7,3,0
BRDA:116,7,4,0
BRDA:116,7,5,0
BRF:20
BRH:0
end_of_record
TN:
SF:/home/zach/git/forks/cornerstoneTools/src/regions/draw.js
FN:15,isInside
FN:35,onImageRendered
FN:59,(anonymous_2)
FN:67,updateRegions
FN:120,mouseUpCallback
FN:131,mouseDownCallback
FN:149,mouseDragCallback
FN:169,enable
FN:183,disable
FN:187,getConfiguration
FN:191,setConfiguration
FNF:11
FNH:0
FNDA:0,isInside
FNDA:0,onImageRendered
FNDA:0,(anonymous_2)
FNDA:0,updateRegions
FNDA:0,mouseUpCallback
FNDA:0,mouseDownCallback
FNDA:0,mouseDragCallback
FNDA:0,enable
FNDA:0,disable
FNDA:0,getConfiguration
FNDA:0,setConfiguration
DA:8,1
DA:10,1
DA:16,0
DA:17,0
DA:19,0
DA:20,0
DA:21,0
DA:23,0
DA:26,0
DA:27,0
DA:31,0
DA:36,0
DA:37,0
DA:40,0
DA:43,0
DA:44,0
DA:45,0
DA:47,0
DA:48,0
DA:51,0
DA:52,0
DA:53,0
DA:55,0
DA:56,0
DA:57,0
DA:58,0
DA:59,0
DA:60,0
DA:62,0
DA:63,0
DA:64,0
DA:68,0
DA:70,0
DA:73,0
DA:74,0
DA:75,0
DA:78,0
DA:79,0
DA:80,0
DA:81,0
DA:84,0
DA:85,0
DA:86,0
DA:89,0
DA:90,0
DA:93,0
DA:94,0
DA:95,0
DA:98,0
DA:99,0
DA:100,0
DA:101,0
DA:102,0
DA:106,0
DA:107,0
DA:109,0
DA:111,0
DA:112,0
DA:121,0
DA:123,0
DA:124,0
DA:125,0
DA:126,0
DA:127,0
DA:128,0
DA:132,0
DA:133,0
DA:135,0
DA:136,0
DA:138,0
DA:140,0
DA:141,0
DA:142,0
DA:143,0
DA:145,0
DA:150,0
DA:151,0
DA:154,0
DA:156,0
DA:157,0
DA:160,0
DA:162,0
DA:164,0
DA:166,0
DA:170,0
DA:173,0
DA:175,0
DA:179,0
DA:180,0
DA:184,0
DA:188,0
DA:192,0
LF:92
LH:2
BRDA:23,0,0,0
BRDA:23,0,1,0
BRDA:26,1,0,0
BRDA:26,1,1,0
BRDA:47,2,0,0
BRDA:47,2,1,0
BRDA:106,3,0,0
BRDA:106,3,1,0
BRDA:111,4,0,0
BRDA:111,4,1,0
BRDA:111,5,0,0
BRDA:111,5,1,0
BRDA:135,6,0,0
BRDA:135,6,1,0
BRDA:156,7,0,0
BRDA:156,7,1,0
BRF:16
BRH:0
end_of_record
TN:
SF:/home/zach/git/forks/cornerstoneTools/src/regions/score.js
FN:6,getDensityFactor
FN:22,mode
FN:48,computeVoxelSize
FN:62,computeScore
FN:96,computeIOPProjectedDistance
FN:125,computeOverlapFactor
FN:139,bfs
FN:173,score
FN:183,(anonymous_8)
FN:183,(anonymous_9)
FN:184,(anonymous_10)
FN:184,(anonymous_11)
FN:193,(anonymous_12)
FN:193,(anonymous_13)
FN:240,(anonymous_14)
FN:261,(anonymous_15)
FN:261,(anonymous_16)
FN:264,(anonymous_17)
FN:265,(anonymous_18)
FN:273,(anonymous_19)
FNF:20
FNH:5
FNDA:11,getDensityFactor
FNDA:0,mode
FNDA:18,computeVoxelSize
FNDA:11,computeScore
FNDA:14,computeIOPProjectedDistance
FNDA:4,computeOverlapFactor
FNDA:0,bfs
FNDA:0,score
FNDA:0,(anonymous_8)
FNDA:0,(anonymous_9)
FNDA:0,(anonymous_10)
FNDA:0,(anonymous_11)
FNDA:0,(anonymous_12)
FNDA:0,(anonymous_13)
FNDA:0,(anonymous_14)
FNDA:0,(anonymous_15)
FNDA:0,(anonymous_16)
FNDA:0,(anonymous_17)
FNDA:0,(anonymous_18)
FNDA:0,(anonymous_19)
DA:7,11
DA:8,0
DA:9,11
DA:10,11
DA:11,0
DA:12,0
DA:13,0
DA:14,0
DA:17,0
DA:23,0
DA:24,0
DA:26,0
DA:27,0
DA:28,0
DA:30,0
DA:31,0
DA:33,0
DA:34,0
DA:36,0
DA:39,0
DA:40,0
DA:41,0
DA:45,0
DA:49,18
DA:52,3
DA:54,15
DA:55,15
DA:56,15
DA:59,15
DA:64,11
DA:65,11
DA:66,11
DA:68,11
DA:69,11
DA:70,11
DA:72,11
DA:73,11
DA:74,11
DA:75,11
DA:76,11
DA:77,11
DA:78,11
DA:79,11
DA:83,11
DA:84,0
DA:87,11
DA:97,14
DA:99,14
DA:101,14
DA:103,14
DA:105,14
DA:107,14
DA:109,14
DA:111,14
DA:114,14
DA:116,14
DA:118,14
DA:119,14
DA:122,14
DA:126,4
DA:127,1
DA:130,3
DA:131,2
DA:134,1
DA:136,1
DA:140,0
DA:141,0
DA:142,0
DA:143,0
DA:145,0
DA:146,0
DA:149,0
DA:150,0
DA:151,0
DA:152,0
DA:153,0
DA:155,0
DA:156,0
DA:158,0
DA:159,0
DA:161,0
DA:166,0
DA:174,0
DA:175,0
DA:177,0
DA:178,0
DA:179,0
DA:180,0
DA:183,0
DA:184,0
DA:188,0
DA:190,0
DA:192,0
DA:193,0
DA:194,0
DA:196,0
DA:197,0
DA:198,0
DA:199,0
DA:200,0
DA:201,0
DA:203,0
DA:204,0
DA:205,0
DA:216,0
DA:217,0
DA:219,0
DA:222,0
DA:223,0
DA:226,0
DA:228,0
DA:233,0
DA:234,0
DA:235,0
DA:237,0
DA:240,0
DA:242,0
DA:243,0
DA:245,0
DA:247,0
DA:248,0
DA:250,0
DA:251,0
DA:253,0
DA:254,0
DA:261,0
DA:262,0
DA:264,0
DA:265,0
DA:266,0
DA:268,0
DA:270,0
DA:273,0
DA:275,0
LF:134
LH:44
BRDA:7,0,0,0
BRDA:7,0,1,11
BRDA:9,1,0,11
BRDA:9,1,1,0
BRDA:11,2,0,0
BRDA:11,2,1,0
BRDA:13,3,0,0
BRDA:13,3,1,0
BRDA:23,4,0,0
BRDA:23,4,1,0
BRDA:33,5,0,0
BRDA:33,5,1,0
BRDA:39,6,0,0
BRDA:39,6,1,0
BRDA:49,7,0,3
BRDA:49,7,1,15
BRDA:49,8,0,18
BRDA:49,8,1,17
BRDA:49,8,2,16
BRDA:83,9,0,0
BRDA:83,9,1,11
BRDA:126,10,0,1
BRDA:126,10,1,3
BRDA:130,11,0,2
BRDA:130,11,1,1
BRDA:149,12,0,0
BRDA:149,12,1,0
BRDA:149,13,0,0
BRDA:149,13,1,0
BRDA:158,14,0,0
BRDA:158,14,1,0
BRDA:216,15,0,0
BRDA:216,15,1,0
BRDA:247,16,0,0
BRDA:247,16,1,0
BRDA:250,17,0,0
BRDA:250,17,1,0
BRDA:268,18,0,0
BRDA:268,18,1,0
BRF:39
BRH:12
end_of_record
TN:
SF:/home/zach/git/forks/cornerstoneTools/src/regions/undo.js
FN:4,enable
FN:21,disable
FNF:2
FNH:0
FNDA:0,enable
FNDA:0,disable
DA:5,0
DA:6,0
DA:7,0
DA:9,0
DA:10,0
DA:13,0
DA:15,0
DA:17,0
DA:18,0
LF:9
LH:0
BRDA:9,0,0,0
BRDA:9,0,1,0
BRF:2
BRH:0
end_of_record
TN:
SF:/home/zach/git/forks/cornerstoneTools/src/regions/index.js
FNF:0
FNH:0
LF:0
LH:0
BRF:0
BRH:0
end_of_record
TN:
SF:/home/zach/git/forks/cornerstoneTools/src/version.js
FNF:0
FNH:0
LF:0
LH:0
BRF:0
BRH:0
end_of_record
TN:
SF:/home/zach/git/forks/cornerstoneTools/src/index.js
FNF:0
FNH:0
LF:0
LH:0
BRF:0
BRH:0
end_of_record
